[ 2017-05-14T14:45:10+08:00 ] ::1 /book/index.php/home/cart/add/id/9.html
INFO: [ app_init ] --START--
INFO: Run Behavior\BuildLiteBehavior [ RunTime:0.000000s ]
INFO: [ app_init ] --END-- [ RunTime:0.001000s ]
INFO: [ app_begin ] --START--
INFO: Run Behavior\ReadHtmlCacheBehavior [ RunTime:0.001001s ]
INFO: [ app_begin ] --END-- [ RunTime:0.001001s ]
NOTIC: D方法实例化没找到模型类admin\Model\CateModel
SQL: SHOW COLUMNS FROM `cate` [ RunTime:0.0030s ]
SQL: SELECT * FROM `cate` WHERE ( p_id=0 )  [ RunTime:0.0000s ]
SQL: SHOW COLUMNS FROM `goods` [ RunTime:0.0030s ]
SQL: SELECT * FROM `goods` WHERE ( id=9 ) LIMIT 1   [ RunTime:0.0000s ]
SQL: SHOW COLUMNS FROM `cart` [ RunTime:0.0030s ]
SQL: UPDATE `cart` SET `num`='6' WHERE ( userid=2 and goods_id=9 ) [ RunTime:0.0000s ]

[ 2017-05-14T14:45:10+08:00 ] ::1 /book/index.php/home/cart/lst.html
INFO: [ app_init ] --START--
INFO: Run Behavior\BuildLiteBehavior [ RunTime:0.000000s ]
INFO: [ app_init ] --END-- [ RunTime:0.000000s ]
INFO: [ app_begin ] --START--
INFO: Run Behavior\ReadHtmlCacheBehavior [ RunTime:0.000000s ]
INFO: [ app_begin ] --END-- [ RunTime:0.000000s ]
NOTIC: D方法实例化没找到模型类admin\Model\CateModel
SQL: SHOW COLUMNS FROM `cate` [ RunTime:0.0030s ]
SQL: SELECT * FROM `cate` WHERE ( p_id=0 )  [ RunTime:0.0000s ]
NOTIC: [8] Undefined index: shop_price D:\phpStudy\WWW\book\Application\Home\Tool\AddTool.class.php 第 196 行.
SQL: SHOW COLUMNS FROM `cart` [ RunTime:0.0040s ]
SQL: SELECT * FROM `cart` WHERE ( userid=2 )  [ RunTime:0.0010s ]
INFO: [ view_parse ] --START--
INFO: [ template_filter ] --START--
INFO: Run Behavior\ContentReplaceBehavior [ RunTime:0.000000s ]
INFO: [ template_filter ] --END-- [ RunTime:0.000000s ]
NOTIC: [8] Undefined variable: lst D:\phpStudy\WWW\book\Application\Runtime\Cache\Home\ad731cb508cb3d23cea25bb6848941ce.php 第 105 行.
NOTIC: [8] Undefined variable: lst D:\phpStudy\WWW\book\Application\Runtime\Cache\Home\ad731cb508cb3d23cea25bb6848941ce.php 第 106 行.
NOTIC: [8] Undefined variable: lst D:\phpStudy\WWW\book\Application\Runtime\Cache\Home\ad731cb508cb3d23cea25bb6848941ce.php 第 107 行.
NOTIC: [8] Undefined variable: total_price D:\phpStudy\WWW\book\Application\Runtime\Cache\Home\ad731cb508cb3d23cea25bb6848941ce.php 第 108 行.
INFO: Run Behavior\ParseTemplateBehavior [ RunTime:0.009000s ]
INFO: [ view_parse ] --END-- [ RunTime:0.009000s ]
INFO: [ view_filter ] --START--
INFO: Run Behavior\WriteHtmlCacheBehavior [ RunTime:0.000000s ]
INFO: [ view_filter ] --END-- [ RunTime:0.000000s ]
INFO: [ app_end ] --START--
INFO: Run Behavior\ShowPageTraceBehavior [ RunTime:0.001000s ]
INFO: [ app_end ] --END-- [ RunTime:0.001000s ]

[ 2017-05-14T14:45:10+08:00 ] ::1 /book/index.php/Home/buy/submit.html
INFO: [ app_init ] --START--
INFO: Run Behavior\BuildLiteBehavior [ RunTime:0.000000s ]
INFO: [ app_init ] --END-- [ RunTime:0.000000s ]
INFO: [ app_begin ] --START--
INFO: Run Behavior\ReadHtmlCacheBehavior [ RunTime:0.000000s ]
INFO: [ app_begin ] --END-- [ RunTime:0.000000s ]
NOTIC: D方法实例化没找到模型类admin\Model\CateModel
SQL: SHOW COLUMNS FROM `cate` [ RunTime:0.0040s ]
SQL: SELECT * FROM `cate` WHERE ( p_id=0 )  [ RunTime:0.0000s ]
SQL: SHOW COLUMNS FROM `address` [ RunTime:0.0040s ]
NOTIC: [2] Missing argument 1 for Home\Tool\AddTool::calcMoney(), called in D:\phpStudy\WWW\book\Application\Home\Controller\BuyController.class.php on line 23 and defined D:\phpStudy\WWW\book\Application\Home\Tool\AddTool.class.php 第 192 行.
NOTIC: [8] Undefined variable: userid D:\phpStudy\WWW\book\Application\Home\Tool\AddTool.class.php 第 195 行.
NOTIC: [8] Undefined index:  D:\phpStudy\WWW\book\Application\Home\Tool\AddTool.class.php 第 195 行.
NOTIC: [2] Invalid argument supplied for foreach() D:\phpStudy\WWW\book\Application\Home\Tool\AddTool.class.php 第 195 行.
SQL: SELECT * FROM `address` WHERE ( userid=2 and status=1 ) LIMIT 1   [ RunTime:0.0000s ]
SQL: SHOW COLUMNS FROM `post` [ RunTime:0.0040s ]
SQL: SELECT * FROM `post`  [ RunTime:0.0010s ]
INFO: [ view_parse ] --START--
INFO: [ template_filter ] --START--
INFO: Run Behavior\ContentReplaceBehavior [ RunTime:0.000000s ]
INFO: [ template_filter ] --END-- [ RunTime:0.000000s ]
NOTIC: [8] Undefined index: goods_img D:\phpStudy\WWW\book\Application\Runtime\Cache\Home\6f47fa21efcdc38a0eaf7d6239d5e098.php 第 94 行.
NOTIC: [8] Undefined index: goods_name D:\phpStudy\WWW\book\Application\Runtime\Cache\Home\6f47fa21efcdc38a0eaf7d6239d5e098.php 第 95 行.
NOTIC: [8] Undefined index: shop_price D:\phpStudy\WWW\book\Application\Runtime\Cache\Home\6f47fa21efcdc38a0eaf7d6239d5e098.php 第 100 行.
NOTIC: [8] Undefined index: shop_price D:\phpStudy\WWW\book\Application\Runtime\Cache\Home\6f47fa21efcdc38a0eaf7d6239d5e098.php 第 102 行.
NOTIC: [8] Undefined variable: addrTag D:\phpStudy\WWW\book\Application\Runtime\Cache\Home\6f47fa21efcdc38a0eaf7d6239d5e098.php 第 138 行.
INFO: Run Behavior\ParseTemplateBehavior [ RunTime:0.107006s ]
INFO: [ view_parse ] --END-- [ RunTime:0.107006s ]
INFO: [ view_filter ] --START--
INFO: Run Behavior\WriteHtmlCacheBehavior [ RunTime:0.001000s ]
INFO: [ view_filter ] --END-- [ RunTime:0.001000s ]
INFO: [ app_end ] --START--
INFO: Run Behavior\ShowPageTraceBehavior [ RunTime:0.000000s ]
INFO: [ app_end ] --END-- [ RunTime:0.000000s ]

[ 2017-05-14T14:45:16+08:00 ] ::1 /book/index.php/Home/buy/submit.html
INFO: [ app_init ] --START--
INFO: Run Behavior\BuildLiteBehavior [ RunTime:0.000000s ]
INFO: [ app_init ] --END-- [ RunTime:0.000000s ]
INFO: [ app_begin ] --START--
INFO: Run Behavior\ReadHtmlCacheBehavior [ RunTime:0.000000s ]
INFO: [ app_begin ] --END-- [ RunTime:0.000000s ]
NOTIC: D方法实例化没找到模型类admin\Model\CateModel
SQL: SHOW COLUMNS FROM `cate` [ RunTime:0.0030s ]
SQL: SELECT * FROM `cate` WHERE ( p_id=0 )  [ RunTime:0.0000s ]
SQL: SHOW COLUMNS FROM `address` [ RunTime:0.0060s ]
NOTIC: [2] Missing argument 1 for Home\Tool\AddTool::calcMoney(), called in D:\phpStudy\WWW\book\Application\Home\Controller\BuyController.class.php on line 23 and defined D:\phpStudy\WWW\book\Application\Home\Tool\AddTool.class.php 第 192 行.
NOTIC: [8] Undefined variable: userid D:\phpStudy\WWW\book\Application\Home\Tool\AddTool.class.php 第 195 行.
NOTIC: [8] Undefined index:  D:\phpStudy\WWW\book\Application\Home\Tool\AddTool.class.php 第 195 行.
NOTIC: [2] Invalid argument supplied for foreach() D:\phpStudy\WWW\book\Application\Home\Tool\AddTool.class.php 第 195 行.
SQL: SELECT * FROM `address` WHERE ( userid=2 and status=1 ) LIMIT 1   [ RunTime:0.0000s ]
SQL: SHOW COLUMNS FROM `post` [ RunTime:0.0040s ]
SQL: SELECT * FROM `post`  [ RunTime:0.0000s ]
INFO: [ view_parse ] --START--
INFO: [ template_filter ] --START--
INFO: Run Behavior\ContentReplaceBehavior [ RunTime:0.000000s ]
INFO: [ template_filter ] --END-- [ RunTime:0.001000s ]
NOTIC: [8] Undefined index: goods_img D:\phpStudy\WWW\book\Application\Runtime\Cache\Home\6f47fa21efcdc38a0eaf7d6239d5e098.php 第 94 行.
NOTIC: [8] Undefined index: goods_name D:\phpStudy\WWW\book\Application\Runtime\Cache\Home\6f47fa21efcdc38a0eaf7d6239d5e098.php 第 95 行.
NOTIC: [8] Undefined index: shop_price D:\phpStudy\WWW\book\Application\Runtime\Cache\Home\6f47fa21efcdc38a0eaf7d6239d5e098.php 第 100 行.
NOTIC: [8] Undefined index: shop_price D:\phpStudy\WWW\book\Application\Runtime\Cache\Home\6f47fa21efcdc38a0eaf7d6239d5e098.php 第 102 行.
NOTIC: [8] Undefined variable: addrTag D:\phpStudy\WWW\book\Application\Runtime\Cache\Home\6f47fa21efcdc38a0eaf7d6239d5e098.php 第 138 行.
INFO: Run Behavior\ParseTemplateBehavior [ RunTime:0.027001s ]
INFO: [ view_parse ] --END-- [ RunTime:0.027001s ]
INFO: [ view_filter ] --START--
INFO: Run Behavior\WriteHtmlCacheBehavior [ RunTime:0.000000s ]
INFO: [ view_filter ] --END-- [ RunTime:0.000000s ]
INFO: [ app_end ] --START--
INFO: Run Behavior\ShowPageTraceBehavior [ RunTime:0.000000s ]
INFO: [ app_end ] --END-- [ RunTime:0.000000s ]

[ 2017-05-14T14:45:18+08:00 ] ::1 /book/index.php/Home/buy/submit.html
INFO: [ app_init ] --START--
INFO: Run Behavior\BuildLiteBehavior [ RunTime:0.000000s ]
INFO: [ app_init ] --END-- [ RunTime:0.000000s ]
INFO: [ app_begin ] --START--
INFO: Run Behavior\ReadHtmlCacheBehavior [ RunTime:0.000000s ]
INFO: [ app_begin ] --END-- [ RunTime:0.000000s ]
NOTIC: D方法实例化没找到模型类admin\Model\CateModel
SQL: SHOW COLUMNS FROM `cate` [ RunTime:0.0030s ]
SQL: SELECT * FROM `cate` WHERE ( p_id=0 )  [ RunTime:0.0000s ]
SQL: SHOW COLUMNS FROM `address` [ RunTime:0.0030s ]
NOTIC: [2] Missing argument 1 for Home\Tool\AddTool::calcMoney(), called in D:\phpStudy\WWW\book\Application\Home\Controller\BuyController.class.php on line 23 and defined D:\phpStudy\WWW\book\Application\Home\Tool\AddTool.class.php 第 192 行.
NOTIC: [8] Undefined variable: userid D:\phpStudy\WWW\book\Application\Home\Tool\AddTool.class.php 第 195 行.
NOTIC: [8] Undefined index:  D:\phpStudy\WWW\book\Application\Home\Tool\AddTool.class.php 第 195 行.
NOTIC: [2] Invalid argument supplied for foreach() D:\phpStudy\WWW\book\Application\Home\Tool\AddTool.class.php 第 195 行.
SQL: SELECT * FROM `address` WHERE ( userid=2 and status=1 ) LIMIT 1   [ RunTime:0.0010s ]
SQL: SHOW COLUMNS FROM `post` [ RunTime:0.0030s ]
SQL: SELECT * FROM `post`  [ RunTime:0.0000s ]
INFO: [ view_parse ] --START--
INFO: [ template_filter ] --START--
INFO: Run Behavior\ContentReplaceBehavior [ RunTime:0.000000s ]
INFO: [ template_filter ] --END-- [ RunTime:0.000000s ]
NOTIC: [8] Undefined index: goods_img D:\phpStudy\WWW\book\Application\Runtime\Cache\Home\6f47fa21efcdc38a0eaf7d6239d5e098.php 第 94 行.
NOTIC: [8] Undefined index: goods_name D:\phpStudy\WWW\book\Application\Runtime\Cache\Home\6f47fa21efcdc38a0eaf7d6239d5e098.php 第 95 行.
NOTIC: [8] Undefined index: shop_price D:\phpStudy\WWW\book\Application\Runtime\Cache\Home\6f47fa21efcdc38a0eaf7d6239d5e098.php 第 100 行.
NOTIC: [8] Undefined index: shop_price D:\phpStudy\WWW\book\Application\Runtime\Cache\Home\6f47fa21efcdc38a0eaf7d6239d5e098.php 第 102 行.
NOTIC: [8] Undefined variable: addrTag D:\phpStudy\WWW\book\Application\Runtime\Cache\Home\6f47fa21efcdc38a0eaf7d6239d5e098.php 第 138 行.
INFO: Run Behavior\ParseTemplateBehavior [ RunTime:0.129008s ]
INFO: [ view_parse ] --END-- [ RunTime:0.129008s ]
INFO: [ view_filter ] --START--
INFO: Run Behavior\WriteHtmlCacheBehavior [ RunTime:0.000000s ]
INFO: [ view_filter ] --END-- [ RunTime:0.000000s ]
INFO: [ app_end ] --START--
INFO: Run Behavior\ShowPageTraceBehavior [ RunTime:0.002000s ]
INFO: [ app_end ] --END-- [ RunTime:0.002000s ]

[ 2017-05-14T14:45:38+08:00 ] ::1 /book/index.php/Home/buy/submit.html
INFO: [ app_init ] --START--
INFO: Run Behavior\BuildLiteBehavior [ RunTime:0.000000s ]
INFO: [ app_init ] --END-- [ RunTime:0.001000s ]
INFO: [ app_begin ] --START--
INFO: Run Behavior\ReadHtmlCacheBehavior [ RunTime:0.000000s ]
INFO: [ app_begin ] --END-- [ RunTime:0.000000s ]
NOTIC: D方法实例化没找到模型类admin\Model\CateModel
SQL: SHOW COLUMNS FROM `cate` [ RunTime:0.0030s ]
SQL: SELECT * FROM `cate` WHERE ( p_id=0 )  [ RunTime:0.0010s ]
SQL: SHOW COLUMNS FROM `address` [ RunTime:0.0030s ]
NOTIC: [2] Missing argument 1 for Home\Tool\AddTool::calcMoney(), called in D:\phpStudy\WWW\book\Application\Home\Controller\BuyController.class.php on line 23 and defined D:\phpStudy\WWW\book\Application\Home\Tool\AddTool.class.php 第 192 行.
NOTIC: [8] Undefined variable: userid D:\phpStudy\WWW\book\Application\Home\Tool\AddTool.class.php 第 195 行.
NOTIC: [8] Undefined index:  D:\phpStudy\WWW\book\Application\Home\Tool\AddTool.class.php 第 195 行.
NOTIC: [2] Invalid argument supplied for foreach() D:\phpStudy\WWW\book\Application\Home\Tool\AddTool.class.php 第 195 行.
SQL: SELECT * FROM `address` WHERE ( userid=2 and status=1 ) LIMIT 1   [ RunTime:0.0010s ]
SQL: SHOW COLUMNS FROM `post` [ RunTime:0.0030s ]
SQL: SELECT * FROM `post`  [ RunTime:0.0000s ]
INFO: [ view_parse ] --START--
INFO: [ template_filter ] --START--
INFO: Run Behavior\ContentReplaceBehavior [ RunTime:0.000000s ]
INFO: [ template_filter ] --END-- [ RunTime:0.000000s ]
NOTIC: [8] Undefined index: goods_img D:\phpStudy\WWW\book\Application\Runtime\Cache\Home\6f47fa21efcdc38a0eaf7d6239d5e098.php 第 94 行.
NOTIC: [8] Undefined index: goods_name D:\phpStudy\WWW\book\Application\Runtime\Cache\Home\6f47fa21efcdc38a0eaf7d6239d5e098.php 第 95 行.
NOTIC: [8] Undefined index: shop_price D:\phpStudy\WWW\book\Application\Runtime\Cache\Home\6f47fa21efcdc38a0eaf7d6239d5e098.php 第 100 行.
NOTIC: [8] Undefined index: shop_price D:\phpStudy\WWW\book\Application\Runtime\Cache\Home\6f47fa21efcdc38a0eaf7d6239d5e098.php 第 102 行.
NOTIC: [8] Undefined variable: addrTag D:\phpStudy\WWW\book\Application\Runtime\Cache\Home\6f47fa21efcdc38a0eaf7d6239d5e098.php 第 138 行.
INFO: Run Behavior\ParseTemplateBehavior [ RunTime:0.009001s ]
INFO: [ view_parse ] --END-- [ RunTime:0.009001s ]
INFO: [ view_filter ] --START--
INFO: Run Behavior\WriteHtmlCacheBehavior [ RunTime:0.000000s ]
INFO: [ view_filter ] --END-- [ RunTime:0.000000s ]
INFO: [ app_end ] --START--
INFO: Run Behavior\ShowPageTraceBehavior [ RunTime:0.001000s ]
INFO: [ app_end ] --END-- [ RunTime:0.001000s ]

[ 2017-05-14T14:45:42+08:00 ] ::1 /book/index.php/Home/buy/submit.html
INFO: [ app_init ] --START--
INFO: Run Behavior\BuildLiteBehavior [ RunTime:0.000000s ]
INFO: [ app_init ] --END-- [ RunTime:0.001000s ]
INFO: [ app_begin ] --START--
INFO: Run Behavior\ReadHtmlCacheBehavior [ RunTime:0.000000s ]
INFO: [ app_begin ] --END-- [ RunTime:0.000000s ]
NOTIC: D方法实例化没找到模型类admin\Model\CateModel
SQL: SHOW COLUMNS FROM `cate` [ RunTime:0.0030s ]
SQL: SELECT * FROM `cate` WHERE ( p_id=0 )  [ RunTime:0.0000s ]
SQL: SHOW COLUMNS FROM `address` [ RunTime:0.0030s ]
NOTIC: [2] Missing argument 1 for Home\Tool\AddTool::calcMoney(), called in D:\phpStudy\WWW\book\Application\Home\Controller\BuyController.class.php on line 23 and defined D:\phpStudy\WWW\book\Application\Home\Tool\AddTool.class.php 第 192 行.
NOTIC: [8] Undefined variable: userid D:\phpStudy\WWW\book\Application\Home\Tool\AddTool.class.php 第 195 行.
NOTIC: [8] Undefined index:  D:\phpStudy\WWW\book\Application\Home\Tool\AddTool.class.php 第 195 行.
NOTIC: [2] Invalid argument supplied for foreach() D:\phpStudy\WWW\book\Application\Home\Tool\AddTool.class.php 第 195 行.
SQL: SELECT * FROM `address` WHERE ( userid=2 and status=1 ) LIMIT 1   [ RunTime:0.0000s ]
SQL: SHOW COLUMNS FROM `post` [ RunTime:0.0030s ]
SQL: SELECT * FROM `post`  [ RunTime:0.0000s ]
INFO: [ view_parse ] --START--
INFO: [ template_filter ] --START--
INFO: Run Behavior\ContentReplaceBehavior [ RunTime:0.000000s ]
INFO: [ template_filter ] --END-- [ RunTime:0.000000s ]
NOTIC: [8] Undefined index: goods_img D:\phpStudy\WWW\book\Application\Runtime\Cache\Home\6f47fa21efcdc38a0eaf7d6239d5e098.php 第 94 行.
NOTIC: [8] Undefined index: goods_name D:\phpStudy\WWW\book\Application\Runtime\Cache\Home\6f47fa21efcdc38a0eaf7d6239d5e098.php 第 95 行.
NOTIC: [8] Undefined index: shop_price D:\phpStudy\WWW\book\Application\Runtime\Cache\Home\6f47fa21efcdc38a0eaf7d6239d5e098.php 第 100 行.
NOTIC: [8] Undefined index: shop_price D:\phpStudy\WWW\book\Application\Runtime\Cache\Home\6f47fa21efcdc38a0eaf7d6239d5e098.php 第 102 行.
NOTIC: [8] Undefined variable: addrTag D:\phpStudy\WWW\book\Application\Runtime\Cache\Home\6f47fa21efcdc38a0eaf7d6239d5e098.php 第 138 行.
INFO: Run Behavior\ParseTemplateBehavior [ RunTime:0.009001s ]
INFO: [ view_parse ] --END-- [ RunTime:0.009001s ]
INFO: [ view_filter ] --START--
INFO: Run Behavior\WriteHtmlCacheBehavior [ RunTime:0.000000s ]
INFO: [ view_filter ] --END-- [ RunTime:0.000000s ]
INFO: [ app_end ] --START--
INFO: Run Behavior\ShowPageTraceBehavior [ RunTime:0.001000s ]
INFO: [ app_end ] --END-- [ RunTime:0.001000s ]

[ 2017-05-14T14:45:46+08:00 ] ::1 /book/index.php/home/cart/addorder.html
INFO: [ app_init ] --START--
INFO: Run Behavior\BuildLiteBehavior [ RunTime:0.000000s ]
INFO: [ app_init ] --END-- [ RunTime:0.001001s ]
INFO: [ app_begin ] --START--
INFO: Run Behavior\ReadHtmlCacheBehavior [ RunTime:0.000000s ]
INFO: [ app_begin ] --END-- [ RunTime:0.000000s ]
NOTIC: D方法实例化没找到模型类admin\Model\CateModel
SQL: SHOW COLUMNS FROM `cate` [ RunTime:0.0030s ]
SQL: SELECT * FROM `cate` WHERE ( p_id=0 )  [ RunTime:0.0000s ]
NOTIC: D方法实例化没找到模型类admin\Model\OrderModel
SQL: SHOW COLUMNS FROM `order` [ RunTime:0.0040s ]
SQL: INSERT INTO `order` (`order_id`,`user_id`,`pay_status`,`post_status`,`order_status`,`pay_method`,`total_price`,`post_method`,`area`,`desc_area`,`name`,`tel`) VALUES ('2017051497979799','2','1','0','0','货到付款','0','圆通','河北省-衡水市-武邑县','衡水一中','刘威','15538191191') [ RunTime:0.0000s ]
SQL: SHOW COLUMNS FROM `ordgoods` [ RunTime:0.0040s ]
NOTIC: D方法实例化没找到模型类admin\Model\GoodsModel
SQL: SHOW COLUMNS FROM `goods` [ RunTime:0.0030s ]
SQL: SELECT * FROM `goods` WHERE ( id=9 ) LIMIT 1   [ RunTime:0.0000s ]
SQL: UPDATE `goods` SET `reserve`='9' WHERE ( id=9 ) [ RunTime:0.0000s ]
NOTIC: [8] Undefined index: goods_name D:\phpStudy\WWW\book\Application\Home\Controller\CartController.class.php 第 133 行.
NOTIC: [8] Undefined index: shop_price D:\phpStudy\WWW\book\Application\Home\Controller\CartController.class.php 第 134 行.
NOTIC: [8] Undefined index: goods_img D:\phpStudy\WWW\book\Application\Home\Controller\CartController.class.php 第 136 行.
SQL: SELECT * FROM `goods` WHERE ( id=5 ) LIMIT 1   [ RunTime:0.0000s ]
SQL: UPDATE `goods` SET `reserve`='9' WHERE ( id=5 ) [ RunTime:0.0010s ]
SQL: INSERT INTO `ordgoods` (`ord_id`,`userid`,`goods_id`,`goods_name`,`shop_price`,`goods_num`,`goods_img`,`pay_status`,`post_status`,`order_status`) VALUES ('2017051497979799','2','9','在时光中盛开的女子','26','6','58f81fb7bbb45.jpg','1','0','0'),('2017051497979799','2','5',NULL,NULL,'23',NULL,'1','0','0') [ RunTime:0.0000s ]

[ 2017-05-14T14:45:47+08:00 ] ::1 /book/index.php/home/cart/order_success.html
INFO: [ app_init ] --START--
INFO: Run Behavior\BuildLiteBehavior [ RunTime:0.000000s ]
INFO: [ app_init ] --END-- [ RunTime:0.000000s ]
INFO: [ app_begin ] --START--
INFO: Run Behavior\ReadHtmlCacheBehavior [ RunTime:0.000000s ]
INFO: [ app_begin ] --END-- [ RunTime:0.000000s ]
NOTIC: D方法实例化没找到模型类admin\Model\CateModel
SQL: SHOW COLUMNS FROM `cate` [ RunTime:0.0020s ]
SQL: SELECT * FROM `cate` WHERE ( p_id=0 )  [ RunTime:0.0000s ]
INFO: [ view_parse ] --START--
INFO: [ template_filter ] --START--
INFO: Run Behavior\ContentReplaceBehavior [ RunTime:0.000000s ]
INFO: [ template_filter ] --END-- [ RunTime:0.000000s ]
INFO: Run Behavior\ParseTemplateBehavior [ RunTime:0.018001s ]
INFO: [ view_parse ] --END-- [ RunTime:0.018001s ]
INFO: [ view_filter ] --START--
INFO: Run Behavior\WriteHtmlCacheBehavior [ RunTime:0.000000s ]
INFO: [ view_filter ] --END-- [ RunTime:0.000000s ]
INFO: [ app_end ] --START--
INFO: Run Behavior\ShowPageTraceBehavior [ RunTime:0.001000s ]
INFO: [ app_end ] --END-- [ RunTime:0.001000s ]

[ 2017-05-14T14:45:49+08:00 ] ::1 /book/index.php/Home/Index/index.html
INFO: [ app_init ] --START--
INFO: Run Behavior\BuildLiteBehavior [ RunTime:0.000000s ]
INFO: [ app_init ] --END-- [ RunTime:0.001000s ]
INFO: [ app_begin ] --START--
INFO: Run Behavior\ReadHtmlCacheBehavior [ RunTime:0.001000s ]
INFO: [ app_begin ] --END-- [ RunTime:0.001000s ]
NOTIC: D方法实例化没找到模型类admin\Model\CateModel
SQL: SHOW COLUMNS FROM `cate` [ RunTime:0.0030s ]
SQL: SELECT * FROM `cate` WHERE ( p_id=0 )  [ RunTime:0.0000s ]
NOTIC: D方法实例化没找到模型类admin\Model\GoodsModel
SQL: SHOW COLUMNS FROM `goods` [ RunTime:0.0030s ]
SQL: SELECT * FROM `goods`  [ RunTime:0.0000s ]
SQL: SELECT * FROM `goods` WHERE ( cate=2 )  [ RunTime:0.0000s ]
SQL: SELECT * FROM `goods` WHERE ( cate=4 )  [ RunTime:0.0000s ]
SQL: SELECT * FROM `goods` WHERE ( cate=1 )  [ RunTime:0.0010s ]
INFO: [ view_parse ] --START--
INFO: [ template_filter ] --START--
INFO: Run Behavior\ContentReplaceBehavior [ RunTime:0.000000s ]
INFO: [ template_filter ] --END-- [ RunTime:0.000000s ]
INFO: Run Behavior\ParseTemplateBehavior [ RunTime:0.010001s ]
INFO: [ view_parse ] --END-- [ RunTime:0.010001s ]
INFO: [ view_filter ] --START--
INFO: Run Behavior\WriteHtmlCacheBehavior [ RunTime:0.001000s ]
INFO: [ view_filter ] --END-- [ RunTime:0.001000s ]
INFO: [ app_end ] --START--
INFO: Run Behavior\ShowPageTraceBehavior [ RunTime:0.000000s ]
INFO: [ app_end ] --END-- [ RunTime:0.000000s ]

[ 2017-05-14T14:45:52+08:00 ] ::1 /book/index.php/Home/Goods/detail/id/5/isbn/2017042010297485.html
INFO: [ app_init ] --START--
INFO: Run Behavior\BuildLiteBehavior [ RunTime:0.000000s ]
INFO: [ app_init ] --END-- [ RunTime:0.001000s ]
INFO: [ app_begin ] --START--
INFO: Run Behavior\ReadHtmlCacheBehavior [ RunTime:0.001000s ]
INFO: [ app_begin ] --END-- [ RunTime:0.001000s ]
NOTIC: D方法实例化没找到模型类admin\Model\CateModel
SQL: SHOW COLUMNS FROM `cate` [ RunTime:0.0030s ]
SQL: SELECT * FROM `cate` WHERE ( p_id=0 )  [ RunTime:0.0000s ]
NOTIC: D方法实例化没找到模型类admin\Model\GoodsModel
SQL: SHOW COLUMNS FROM `goods` [ RunTime:0.0030s ]
SQL: SELECT * FROM `goods` WHERE ( id=5 ) LIMIT 1   [ RunTime:0.0000s ]
NOTIC: D方法实例化没找到模型类admin\Model\PicModel
SQL: SHOW COLUMNS FROM `pic` [ RunTime:0.0030s ]
SQL: SELECT * FROM `pic` WHERE ( isbn=2017042010297485 )  [ RunTime:0.0000s ]
NOTIC: D方法实例化没找到模型类admin\Model\DescModel
SQL: SHOW COLUMNS FROM `desc` [ RunTime:0.0030s ]
SQL: SELECT * FROM `desc` WHERE ( isbn=2017042010297485 )  [ RunTime:0.0000s ]
INFO: [ view_parse ] --START--
INFO: [ template_filter ] --START--
INFO: Run Behavior\ContentReplaceBehavior [ RunTime:0.000000s ]
INFO: [ template_filter ] --END-- [ RunTime:0.000000s ]
NOTIC: [8] Undefined variable: picb D:\phpStudy\WWW\book\Application\Runtime\Cache\Home\795e274f7e0defaaba4ae5ed57f62a8c.php 第 67 行.
INFO: Run Behavior\ParseTemplateBehavior [ RunTime:0.008000s ]
INFO: [ view_parse ] --END-- [ RunTime:0.008000s ]
INFO: [ view_filter ] --START--
INFO: Run Behavior\WriteHtmlCacheBehavior [ RunTime:0.000000s ]
INFO: [ view_filter ] --END-- [ RunTime:0.000000s ]
INFO: [ app_end ] --START--
INFO: Run Behavior\ShowPageTraceBehavior [ RunTime:0.001000s ]
INFO: [ app_end ] --END-- [ RunTime:0.001000s ]

[ 2017-05-14T14:45:52+08:00 ] ::1 /book/index.php/home/goods/addcart/id/5.html
INFO: [ app_init ] --START--
INFO: Run Behavior\BuildLiteBehavior [ RunTime:0.000000s ]
INFO: [ app_init ] --END-- [ RunTime:0.001000s ]
INFO: [ app_begin ] --START--
INFO: Run Behavior\ReadHtmlCacheBehavior [ RunTime:0.000000s ]
INFO: [ app_begin ] --END-- [ RunTime:0.000000s ]
NOTIC: D方法实例化没找到模型类admin\Model\CateModel
SQL: SHOW COLUMNS FROM `cate` [ RunTime:0.0030s ]
SQL: SELECT * FROM `cate` WHERE ( p_id=0 )  [ RunTime:0.0000s ]
SQL: SHOW COLUMNS FROM `goods` [ RunTime:0.0030s ]
SQL: SELECT * FROM `goods` WHERE ( id=5 ) LIMIT 1   [ RunTime:0.0000s ]
NOTIC: [8] Undefined offset: 5 D:\phpStudy\WWW\book\Application\Home\Tool\AddTool.class.php 第 97 行.
SQL: SHOW COLUMNS FROM `cart` [ RunTime:0.0030s ]
SQL: SELECT * FROM `cart` WHERE ( userid=2 and goods_id=5 ) LIMIT 1   [ RunTime:0.0000s ]
SQL: INSERT INTO `cart` (`userid`,`goods_id`,`goods_name`,`price_hot`,`num`,`goods_img`,`total`) VALUES ('2','5','我喜欢生命本来的样子','16','1','58f81b7f9deb0.jpg','16') [ RunTime:0.0010s ]

[ 2017-05-14T14:45:53+08:00 ] ::1 /book/index.php/home/cart/lst.html
INFO: [ app_init ] --START--
INFO: Run Behavior\BuildLiteBehavior [ RunTime:0.000000s ]
INFO: [ app_init ] --END-- [ RunTime:0.000000s ]
INFO: [ app_begin ] --START--
INFO: Run Behavior\ReadHtmlCacheBehavior [ RunTime:0.001000s ]
INFO: [ app_begin ] --END-- [ RunTime:0.001000s ]
NOTIC: D方法实例化没找到模型类admin\Model\CateModel
SQL: SHOW COLUMNS FROM `cate` [ RunTime:0.0020s ]
SQL: SELECT * FROM `cate` WHERE ( p_id=0 )  [ RunTime:0.0000s ]
SQL: SHOW COLUMNS FROM `cart` [ RunTime:0.0060s ]
SQL: SELECT * FROM `cart` WHERE ( userid=2 )  [ RunTime:0.0010s ]
INFO: [ view_parse ] --START--
INFO: [ template_filter ] --START--
INFO: Run Behavior\ContentReplaceBehavior [ RunTime:0.000000s ]
INFO: [ template_filter ] --END-- [ RunTime:0.000000s ]
NOTIC: [8] Undefined variable: lst D:\phpStudy\WWW\book\Application\Runtime\Cache\Home\ad731cb508cb3d23cea25bb6848941ce.php 第 105 行.
NOTIC: [8] Undefined variable: lst D:\phpStudy\WWW\book\Application\Runtime\Cache\Home\ad731cb508cb3d23cea25bb6848941ce.php 第 106 行.
NOTIC: [8] Undefined variable: lst D:\phpStudy\WWW\book\Application\Runtime\Cache\Home\ad731cb508cb3d23cea25bb6848941ce.php 第 107 行.
NOTIC: [8] Undefined variable: total_price D:\phpStudy\WWW\book\Application\Runtime\Cache\Home\ad731cb508cb3d23cea25bb6848941ce.php 第 108 行.
INFO: Run Behavior\ParseTemplateBehavior [ RunTime:0.012001s ]
INFO: [ view_parse ] --END-- [ RunTime:0.012001s ]
INFO: [ view_filter ] --START--
INFO: Run Behavior\WriteHtmlCacheBehavior [ RunTime:0.001000s ]
INFO: [ view_filter ] --END-- [ RunTime:0.001000s ]
INFO: [ app_end ] --START--
INFO: Run Behavior\ShowPageTraceBehavior [ RunTime:0.000000s ]
INFO: [ app_end ] --END-- [ RunTime:0.000000s ]

[ 2017-05-14T14:45:55+08:00 ] ::1 /book/index.php/Home/buy/submit.html
INFO: [ app_init ] --START--
INFO: Run Behavior\BuildLiteBehavior [ RunTime:0.000000s ]
INFO: [ app_init ] --END-- [ RunTime:0.001000s ]
INFO: [ app_begin ] --START--
INFO: Run Behavior\ReadHtmlCacheBehavior [ RunTime:0.000000s ]
INFO: [ app_begin ] --END-- [ RunTime:0.000000s ]
NOTIC: D方法实例化没找到模型类admin\Model\CateModel
SQL: SHOW COLUMNS FROM `cate` [ RunTime:0.0030s ]
SQL: SELECT * FROM `cate` WHERE ( p_id=0 )  [ RunTime:0.0010s ]
SQL: SHOW COLUMNS FROM `address` [ RunTime:0.0040s ]
NOTIC: [2] Missing argument 1 for Home\Tool\AddTool::calcMoney(), called in D:\phpStudy\WWW\book\Application\Home\Controller\BuyController.class.php on line 23 and defined D:\phpStudy\WWW\book\Application\Home\Tool\AddTool.class.php 第 192 行.
NOTIC: [8] Undefined variable: userid D:\phpStudy\WWW\book\Application\Home\Tool\AddTool.class.php 第 195 行.
NOTIC: [8] Undefined index:  D:\phpStudy\WWW\book\Application\Home\Tool\AddTool.class.php 第 195 行.
NOTIC: [2] Invalid argument supplied for foreach() D:\phpStudy\WWW\book\Application\Home\Tool\AddTool.class.php 第 195 行.
SQL: SELECT * FROM `address` WHERE ( userid=2 and status=1 ) LIMIT 1   [ RunTime:0.0000s ]
SQL: SHOW COLUMNS FROM `post` [ RunTime:0.0040s ]
SQL: SELECT * FROM `post`  [ RunTime:0.0000s ]
INFO: [ view_parse ] --START--
INFO: [ template_filter ] --START--
INFO: Run Behavior\ContentReplaceBehavior [ RunTime:0.000000s ]
INFO: [ template_filter ] --END-- [ RunTime:0.000000s ]
NOTIC: [8] Undefined variable: addrTag D:\phpStudy\WWW\book\Application\Runtime\Cache\Home\6f47fa21efcdc38a0eaf7d6239d5e098.php 第 138 行.
INFO: Run Behavior\ParseTemplateBehavior [ RunTime:0.016001s ]
INFO: [ view_parse ] --END-- [ RunTime:0.017001s ]
INFO: [ view_filter ] --START--
INFO: Run Behavior\WriteHtmlCacheBehavior [ RunTime:0.000000s ]
INFO: [ view_filter ] --END-- [ RunTime:0.000000s ]
INFO: [ app_end ] --START--
INFO: Run Behavior\ShowPageTraceBehavior [ RunTime:0.002000s ]
INFO: [ app_end ] --END-- [ RunTime:0.002000s ]

[ 2017-05-14T14:47:55+08:00 ] ::1 /book/index.php/Home/buy/submit.html
INFO: [ app_init ] --START--
INFO: Run Behavior\BuildLiteBehavior [ RunTime:0.000000s ]
INFO: [ app_init ] --END-- [ RunTime:0.001000s ]
INFO: [ app_begin ] --START--
INFO: Run Behavior\ReadHtmlCacheBehavior [ RunTime:0.001000s ]
INFO: [ app_begin ] --END-- [ RunTime:0.001000s ]
NOTIC: D方法实例化没找到模型类admin\Model\CateModel
SQL: SHOW COLUMNS FROM `cate` [ RunTime:0.0030s ]
SQL: SELECT * FROM `cate` WHERE ( p_id=0 )  [ RunTime:0.0010s ]
SQL: SHOW COLUMNS FROM `address` [ RunTime:0.0060s ]
NOTIC: [2] Missing argument 1 for Home\Tool\AddTool::calcMoney(), called in D:\phpStudy\WWW\book\Application\Home\Controller\BuyController.class.php on line 23 and defined D:\phpStudy\WWW\book\Application\Home\Tool\AddTool.class.php 第 192 行.
NOTIC: [8] Undefined variable: userid D:\phpStudy\WWW\book\Application\Home\Tool\AddTool.class.php 第 195 行.
NOTIC: [8] Undefined index:  D:\phpStudy\WWW\book\Application\Home\Tool\AddTool.class.php 第 195 行.
NOTIC: [2] Invalid argument supplied for foreach() D:\phpStudy\WWW\book\Application\Home\Tool\AddTool.class.php 第 195 行.
SQL: SELECT * FROM `address` WHERE ( userid=2 and status=1 ) LIMIT 1   [ RunTime:0.0010s ]
SQL: SHOW COLUMNS FROM `post` [ RunTime:0.0040s ]
SQL: SELECT * FROM `post`  [ RunTime:0.0000s ]
INFO: [ view_parse ] --START--
INFO: [ template_filter ] --START--
INFO: Run Behavior\ContentReplaceBehavior [ RunTime:0.000000s ]
INFO: [ template_filter ] --END-- [ RunTime:0.000000s ]
NOTIC: [8] Undefined variable: addrTag D:\phpStudy\WWW\book\Application\Runtime\Cache\Home\6f47fa21efcdc38a0eaf7d6239d5e098.php 第 138 行.
INFO: Run Behavior\ParseTemplateBehavior [ RunTime:0.014001s ]
INFO: [ view_parse ] --END-- [ RunTime:0.014001s ]
INFO: [ view_filter ] --START--
INFO: Run Behavior\WriteHtmlCacheBehavior [ RunTime:0.001000s ]
INFO: [ view_filter ] --END-- [ RunTime:0.001000s ]
INFO: [ app_end ] --START--
INFO: Run Behavior\ShowPageTraceBehavior [ RunTime:0.000000s ]
INFO: [ app_end ] --END-- [ RunTime:0.000000s ]

[ 2017-05-14T14:47:59+08:00 ] ::1 /book/index.php/home/cart/addorder.html
INFO: [ app_init ] --START--
INFO: Run Behavior\BuildLiteBehavior [ RunTime:0.000000s ]
INFO: [ app_init ] --END-- [ RunTime:0.000000s ]
INFO: [ app_begin ] --START--
INFO: Run Behavior\ReadHtmlCacheBehavior [ RunTime:0.000000s ]
INFO: [ app_begin ] --END-- [ RunTime:0.000000s ]
NOTIC: D方法实例化没找到模型类admin\Model\CateModel
SQL: SHOW COLUMNS FROM `cate` [ RunTime:0.0020s ]
SQL: SELECT * FROM `cate` WHERE ( p_id=0 )  [ RunTime:0.0000s ]
NOTIC: D方法实例化没找到模型类admin\Model\OrderModel
SQL: SHOW COLUMNS FROM `order` [ RunTime:0.0030s ]
SQL: INSERT INTO `order` (`order_id`,`user_id`,`pay_status`,`post_status`,`order_status`,`pay_method`,`total_price`,`post_method`,`area`,`desc_area`,`name`,`tel`) VALUES ('2017051410299565','2','1','0','0','货到付款','0','圆通','河北省-衡水市-武邑县','衡水一中','刘威','15538191191') [ RunTime:0.0000s ]
SQL: SHOW COLUMNS FROM `ordgoods` [ RunTime:0.0030s ]
NOTIC: D方法实例化没找到模型类admin\Model\GoodsModel
SQL: SHOW COLUMNS FROM `goods` [ RunTime:0.0030s ]
SQL: SELECT * FROM `goods` WHERE ( id=5 ) LIMIT 1   [ RunTime:0.0000s ]
SQL: UPDATE `goods` SET `reserve`='8' WHERE ( id=5 ) [ RunTime:0.0000s ]
SQL: INSERT INTO `ordgoods` (`ord_id`,`userid`,`goods_id`,`goods_name`,`shop_price`,`goods_num`,`goods_img`,`pay_status`,`post_status`,`order_status`) VALUES ('2017051410299565','2','5','我喜欢生命本来的样子','16','1','58f81b7f9deb0.jpg','1','0','0') [ RunTime:0.0000s ]
SQL: SHOW COLUMNS FROM `cart` [ RunTime:0.0030s ]
SQL: DELETE FROM `cart` WHERE ( userid=2 ) [ RunTime:0.0010s ]

[ 2017-05-14T14:48:00+08:00 ] ::1 /book/index.php/home/cart/order_success.html
INFO: [ app_init ] --START--
INFO: Run Behavior\BuildLiteBehavior [ RunTime:0.000000s ]
INFO: [ app_init ] --END-- [ RunTime:0.000000s ]
INFO: [ app_begin ] --START--
INFO: Run Behavior\ReadHtmlCacheBehavior [ RunTime:0.000000s ]
INFO: [ app_begin ] --END-- [ RunTime:0.000000s ]
NOTIC: D方法实例化没找到模型类admin\Model\CateModel
SQL: SHOW COLUMNS FROM `cate` [ RunTime:0.0020s ]
SQL: SELECT * FROM `cate` WHERE ( p_id=0 )  [ RunTime:0.0000s ]
INFO: [ view_parse ] --START--
INFO: [ template_filter ] --START--
INFO: Run Behavior\ContentReplaceBehavior [ RunTime:0.001000s ]
INFO: [ template_filter ] --END-- [ RunTime:0.001000s ]
INFO: Run Behavior\ParseTemplateBehavior [ RunTime:0.024001s ]
INFO: [ view_parse ] --END-- [ RunTime:0.024001s ]
INFO: [ view_filter ] --START--
INFO: Run Behavior\WriteHtmlCacheBehavior [ RunTime:0.000000s ]
INFO: [ view_filter ] --END-- [ RunTime:0.000000s ]
INFO: [ app_end ] --START--
INFO: Run Behavior\ShowPageTraceBehavior [ RunTime:0.001000s ]
INFO: [ app_end ] --END-- [ RunTime:0.001000s ]

[ 2017-05-14T14:48:02+08:00 ] ::1 /book/index.php/home/cart/lst.html
INFO: [ app_init ] --START--
INFO: Run Behavior\BuildLiteBehavior [ RunTime:0.000000s ]
INFO: [ app_init ] --END-- [ RunTime:0.001000s ]
INFO: [ app_begin ] --START--
INFO: Run Behavior\ReadHtmlCacheBehavior [ RunTime:0.001000s ]
INFO: [ app_begin ] --END-- [ RunTime:0.001000s ]
NOTIC: D方法实例化没找到模型类admin\Model\CateModel
SQL: SHOW COLUMNS FROM `cate` [ RunTime:0.0030s ]
SQL: SELECT * FROM `cate` WHERE ( p_id=0 )  [ RunTime:0.0000s ]
SQL: SHOW COLUMNS FROM `cart` [ RunTime:0.0030s ]
SQL: SELECT * FROM `cart` WHERE ( userid=2 )  [ RunTime:0.0000s ]
INFO: [ view_parse ] --START--
INFO: [ template_filter ] --START--
INFO: Run Behavior\ContentReplaceBehavior [ RunTime:0.000000s ]
INFO: [ template_filter ] --END-- [ RunTime:0.000000s ]
NOTIC: [8] Undefined variable: lst D:\phpStudy\WWW\book\Application\Runtime\Cache\Home\ad731cb508cb3d23cea25bb6848941ce.php 第 105 行.
NOTIC: [8] Undefined variable: lst D:\phpStudy\WWW\book\Application\Runtime\Cache\Home\ad731cb508cb3d23cea25bb6848941ce.php 第 106 行.
NOTIC: [8] Undefined variable: lst D:\phpStudy\WWW\book\Application\Runtime\Cache\Home\ad731cb508cb3d23cea25bb6848941ce.php 第 107 行.
NOTIC: [8] Undefined variable: total_price D:\phpStudy\WWW\book\Application\Runtime\Cache\Home\ad731cb508cb3d23cea25bb6848941ce.php 第 108 行.
INFO: Run Behavior\ParseTemplateBehavior [ RunTime:0.008001s ]
INFO: [ view_parse ] --END-- [ RunTime:0.008001s ]
INFO: [ view_filter ] --START--
INFO: Run Behavior\WriteHtmlCacheBehavior [ RunTime:0.000000s ]
INFO: [ view_filter ] --END-- [ RunTime:0.000000s ]
INFO: [ app_end ] --START--
INFO: Run Behavior\ShowPageTraceBehavior [ RunTime:0.001000s ]
INFO: [ app_end ] --END-- [ RunTime:0.001000s ]

[ 2017-05-14T14:48:30+08:00 ] ::1 /book/index.php/home/cart/lst.html
INFO: [ app_init ] --START--
INFO: Run Behavior\BuildLiteBehavior [ RunTime:0.000000s ]
INFO: [ app_init ] --END-- [ RunTime:0.000000s ]
INFO: [ app_begin ] --START--
INFO: Run Behavior\ReadHtmlCacheBehavior [ RunTime:0.001000s ]
INFO: [ app_begin ] --END-- [ RunTime:0.001000s ]
NOTIC: D方法实例化没找到模型类admin\Model\CateModel
SQL: SHOW COLUMNS FROM `cate` [ RunTime:0.0030s ]
SQL: SELECT * FROM `cate` WHERE ( p_id=0 )  [ RunTime:0.0000s ]
SQL: SHOW COLUMNS FROM `cart` [ RunTime:0.0050s ]
SQL: SELECT * FROM `cart` WHERE ( userid=2 )  [ RunTime:0.0000s ]
INFO: [ view_parse ] --START--
INFO: [ template_filter ] --START--
INFO: Run Behavior\ContentReplaceBehavior [ RunTime:0.000000s ]
INFO: [ template_filter ] --END-- [ RunTime:0.000000s ]
NOTIC: [8] Undefined variable: lst D:\phpStudy\WWW\book\Application\Runtime\Cache\Home\ad731cb508cb3d23cea25bb6848941ce.php 第 105 行.
NOTIC: [8] Undefined variable: lst D:\phpStudy\WWW\book\Application\Runtime\Cache\Home\ad731cb508cb3d23cea25bb6848941ce.php 第 106 行.
NOTIC: [8] Undefined variable: lst D:\phpStudy\WWW\book\Application\Runtime\Cache\Home\ad731cb508cb3d23cea25bb6848941ce.php 第 107 行.
NOTIC: [8] Undefined variable: total_price D:\phpStudy\WWW\book\Application\Runtime\Cache\Home\ad731cb508cb3d23cea25bb6848941ce.php 第 108 行.
INFO: Run Behavior\ParseTemplateBehavior [ RunTime:0.011001s ]
INFO: [ view_parse ] --END-- [ RunTime:0.011001s ]
INFO: [ view_filter ] --START--
INFO: Run Behavior\WriteHtmlCacheBehavior [ RunTime:0.000000s ]
INFO: [ view_filter ] --END-- [ RunTime:0.000000s ]
INFO: [ app_end ] --START--
INFO: Run Behavior\ShowPageTraceBehavior [ RunTime:0.001000s ]
INFO: [ app_end ] --END-- [ RunTime:0.001000s ]

[ 2017-05-14T14:48:49+08:00 ] ::1 /book/index.php/Home/Index/index.html
INFO: [ app_init ] --START--
INFO: Run Behavior\BuildLiteBehavior [ RunTime:0.000000s ]
INFO: [ app_init ] --END-- [ RunTime:0.000000s ]
INFO: [ app_begin ] --START--
INFO: Run Behavior\ReadHtmlCacheBehavior [ RunTime:0.001001s ]
INFO: [ app_begin ] --END-- [ RunTime:0.001001s ]
NOTIC: D方法实例化没找到模型类admin\Model\CateModel
SQL: SHOW COLUMNS FROM `cate` [ RunTime:0.0030s ]
SQL: SELECT * FROM `cate` WHERE ( p_id=0 )  [ RunTime:0.0000s ]
NOTIC: D方法实例化没找到模型类admin\Model\GoodsModel
SQL: SHOW COLUMNS FROM `goods` [ RunTime:0.0030s ]
SQL: SELECT * FROM `goods`  [ RunTime:0.0000s ]
SQL: SELECT * FROM `goods` WHERE ( cate=2 )  [ RunTime:0.0000s ]
SQL: SELECT * FROM `goods` WHERE ( cate=4 )  [ RunTime:0.0000s ]
SQL: SELECT * FROM `goods` WHERE ( cate=1 )  [ RunTime:0.0000s ]
INFO: [ view_parse ] --START--
INFO: [ template_filter ] --START--
INFO: Run Behavior\ContentReplaceBehavior [ RunTime:0.000000s ]
INFO: [ template_filter ] --END-- [ RunTime:0.000000s ]
INFO: Run Behavior\ParseTemplateBehavior [ RunTime:0.012001s ]
INFO: [ view_parse ] --END-- [ RunTime:0.012001s ]
INFO: [ view_filter ] --START--
INFO: Run Behavior\WriteHtmlCacheBehavior [ RunTime:0.000000s ]
INFO: [ view_filter ] --END-- [ RunTime:0.000000s ]
INFO: [ app_end ] --START--
INFO: Run Behavior\ShowPageTraceBehavior [ RunTime:0.001000s ]
INFO: [ app_end ] --END-- [ RunTime:0.001000s ]

[ 2017-05-14T14:48:51+08:00 ] ::1 /book/index.php/Home/Goods/detail/id/11/isbn/2017042055494955.html
INFO: [ app_init ] --START--
INFO: Run Behavior\BuildLiteBehavior [ RunTime:0.000000s ]
INFO: [ app_init ] --END-- [ RunTime:0.001000s ]
INFO: [ app_begin ] --START--
INFO: Run Behavior\ReadHtmlCacheBehavior [ RunTime:0.001000s ]
INFO: [ app_begin ] --END-- [ RunTime:0.001000s ]
NOTIC: D方法实例化没找到模型类admin\Model\CateModel
SQL: SHOW COLUMNS FROM `cate` [ RunTime:0.0030s ]
SQL: SELECT * FROM `cate` WHERE ( p_id=0 )  [ RunTime:0.0000s ]
NOTIC: D方法实例化没找到模型类admin\Model\GoodsModel
SQL: SHOW COLUMNS FROM `goods` [ RunTime:0.0050s ]
SQL: SELECT * FROM `goods` WHERE ( id=11 ) LIMIT 1   [ RunTime:0.0000s ]
NOTIC: D方法实例化没找到模型类admin\Model\PicModel
SQL: SHOW COLUMNS FROM `pic` [ RunTime:0.0040s ]
SQL: SELECT * FROM `pic` WHERE ( isbn=2017042055494955 )  [ RunTime:0.0010s ]
NOTIC: D方法实例化没找到模型类admin\Model\DescModel
SQL: SHOW COLUMNS FROM `desc` [ RunTime:0.0040s ]
SQL: SELECT * FROM `desc` WHERE ( isbn=2017042055494955 )  [ RunTime:0.0000s ]
INFO: [ view_parse ] --START--
INFO: [ template_filter ] --START--
INFO: Run Behavior\ContentReplaceBehavior [ RunTime:0.000000s ]
INFO: [ template_filter ] --END-- [ RunTime:0.000000s ]
NOTIC: [8] Undefined variable: picb D:\phpStudy\WWW\book\Application\Runtime\Cache\Home\795e274f7e0defaaba4ae5ed57f62a8c.php 第 67 行.
INFO: Run Behavior\ParseTemplateBehavior [ RunTime:0.012001s ]
INFO: [ view_parse ] --END-- [ RunTime:0.013001s ]
INFO: [ view_filter ] --START--
INFO: Run Behavior\WriteHtmlCacheBehavior [ RunTime:0.001000s ]
INFO: [ view_filter ] --END-- [ RunTime:0.001000s ]
INFO: [ app_end ] --START--
INFO: Run Behavior\ShowPageTraceBehavior [ RunTime:0.001000s ]
INFO: [ app_end ] --END-- [ RunTime:0.001000s ]

[ 2017-05-14T14:48:54+08:00 ] ::1 /book/index.php/home/goods/addcart/id/11.html
INFO: [ app_init ] --START--
INFO: Run Behavior\BuildLiteBehavior [ RunTime:0.000000s ]
INFO: [ app_init ] --END-- [ RunTime:0.001000s ]
INFO: [ app_begin ] --START--
INFO: Run Behavior\ReadHtmlCacheBehavior [ RunTime:0.000000s ]
INFO: [ app_begin ] --END-- [ RunTime:0.001000s ]
NOTIC: D方法实例化没找到模型类admin\Model\CateModel
SQL: SHOW COLUMNS FROM `cate` [ RunTime:0.0030s ]
SQL: SELECT * FROM `cate` WHERE ( p_id=0 )  [ RunTime:0.0000s ]
SQL: SHOW COLUMNS FROM `goods` [ RunTime:0.0040s ]
SQL: SELECT * FROM `goods` WHERE ( id=11 ) LIMIT 1   [ RunTime:0.0000s ]
NOTIC: [8] Undefined offset: 11 D:\phpStudy\WWW\book\Application\Home\Tool\AddTool.class.php 第 97 行.
SQL: SHOW COLUMNS FROM `cart` [ RunTime:0.0030s ]
SQL: SELECT * FROM `cart` WHERE ( userid=2 and goods_id=11 ) LIMIT 1   [ RunTime:0.0000s ]
SQL: INSERT INTO `cart` (`userid`,`goods_id`,`goods_name`,`price_hot`,`num`,`goods_img`,`total`) VALUES ('2','11','挪威的森林(2016年新版)','23','3','58f829470e82e.jpg','69') [ RunTime:0.0000s ]

[ 2017-05-14T14:48:54+08:00 ] ::1 /book/index.php/home/cart/lst.html
INFO: [ app_init ] --START--
INFO: Run Behavior\BuildLiteBehavior [ RunTime:0.000000s ]
INFO: [ app_init ] --END-- [ RunTime:0.000000s ]
INFO: [ app_begin ] --START--
INFO: Run Behavior\ReadHtmlCacheBehavior [ RunTime:0.001000s ]
INFO: [ app_begin ] --END-- [ RunTime:0.001000s ]
NOTIC: D方法实例化没找到模型类admin\Model\CateModel
SQL: SHOW COLUMNS FROM `cate` [ RunTime:0.0040s ]
SQL: SELECT * FROM `cate` WHERE ( p_id=0 )  [ RunTime:0.0010s ]
SQL: SHOW COLUMNS FROM `cart` [ RunTime:0.0030s ]
SQL: SELECT * FROM `cart` WHERE ( userid=2 )  [ RunTime:0.0010s ]
INFO: [ view_parse ] --START--
INFO: [ template_filter ] --START--
INFO: Run Behavior\ContentReplaceBehavior [ RunTime:0.000000s ]
INFO: [ template_filter ] --END-- [ RunTime:0.000000s ]
NOTIC: [8] Undefined variable: lst D:\phpStudy\WWW\book\Application\Runtime\Cache\Home\ad731cb508cb3d23cea25bb6848941ce.php 第 105 行.
NOTIC: [8] Undefined variable: lst D:\phpStudy\WWW\book\Application\Runtime\Cache\Home\ad731cb508cb3d23cea25bb6848941ce.php 第 106 行.
NOTIC: [8] Undefined variable: lst D:\phpStudy\WWW\book\Application\Runtime\Cache\Home\ad731cb508cb3d23cea25bb6848941ce.php 第 107 行.
NOTIC: [8] Undefined variable: total_price D:\phpStudy\WWW\book\Application\Runtime\Cache\Home\ad731cb508cb3d23cea25bb6848941ce.php 第 108 行.
INFO: Run Behavior\ParseTemplateBehavior [ RunTime:0.012001s ]
INFO: [ view_parse ] --END-- [ RunTime:0.012001s ]
INFO: [ view_filter ] --START--
INFO: Run Behavior\WriteHtmlCacheBehavior [ RunTime:0.000000s ]
INFO: [ view_filter ] --END-- [ RunTime:0.000000s ]
INFO: [ app_end ] --START--
INFO: Run Behavior\ShowPageTraceBehavior [ RunTime:0.001000s ]
INFO: [ app_end ] --END-- [ RunTime:0.001000s ]

[ 2017-05-14T14:48:55+08:00 ] ::1 /book/index.php/home/cart/add/id/11.html
INFO: [ app_init ] --START--
INFO: Run Behavior\BuildLiteBehavior [ RunTime:0.000000s ]
INFO: [ app_init ] --END-- [ RunTime:0.000000s ]
INFO: [ app_begin ] --START--
INFO: Run Behavior\ReadHtmlCacheBehavior [ RunTime:0.001000s ]
INFO: [ app_begin ] --END-- [ RunTime:0.001000s ]
NOTIC: D方法实例化没找到模型类admin\Model\CateModel
SQL: SHOW COLUMNS FROM `cate` [ RunTime:0.0040s ]
SQL: SELECT * FROM `cate` WHERE ( p_id=0 )  [ RunTime:0.0000s ]
SQL: SHOW COLUMNS FROM `goods` [ RunTime:0.0030s ]
SQL: SELECT * FROM `goods` WHERE ( id=11 ) LIMIT 1   [ RunTime:0.0000s ]
SQL: SHOW COLUMNS FROM `cart` [ RunTime:0.0030s ]
SQL: UPDATE `cart` SET `num`='4' WHERE ( userid=2 and goods_id=11 ) [ RunTime:0.0000s ]

[ 2017-05-14T14:48:55+08:00 ] ::1 /book/index.php/home/cart/lst.html
INFO: [ app_init ] --START--
INFO: Run Behavior\BuildLiteBehavior [ RunTime:0.000000s ]
INFO: [ app_init ] --END-- [ RunTime:0.000000s ]
INFO: [ app_begin ] --START--
INFO: Run Behavior\ReadHtmlCacheBehavior [ RunTime:0.000000s ]
INFO: [ app_begin ] --END-- [ RunTime:0.001000s ]
NOTIC: D方法实例化没找到模型类admin\Model\CateModel
SQL: SHOW COLUMNS FROM `cate` [ RunTime:0.0030s ]
SQL: SELECT * FROM `cate` WHERE ( p_id=0 )  [ RunTime:0.0000s ]
SQL: SHOW COLUMNS FROM `cart` [ RunTime:0.0030s ]
SQL: SELECT * FROM `cart` WHERE ( userid=2 )  [ RunTime:0.0010s ]
INFO: [ view_parse ] --START--
INFO: [ template_filter ] --START--
INFO: Run Behavior\ContentReplaceBehavior [ RunTime:0.000000s ]
INFO: [ template_filter ] --END-- [ RunTime:0.000000s ]
NOTIC: [8] Undefined variable: lst D:\phpStudy\WWW\book\Application\Runtime\Cache\Home\ad731cb508cb3d23cea25bb6848941ce.php 第 105 行.
NOTIC: [8] Undefined variable: lst D:\phpStudy\WWW\book\Application\Runtime\Cache\Home\ad731cb508cb3d23cea25bb6848941ce.php 第 106 行.
NOTIC: [8] Undefined variable: lst D:\phpStudy\WWW\book\Application\Runtime\Cache\Home\ad731cb508cb3d23cea25bb6848941ce.php 第 107 行.
NOTIC: [8] Undefined variable: total_price D:\phpStudy\WWW\book\Application\Runtime\Cache\Home\ad731cb508cb3d23cea25bb6848941ce.php 第 108 行.
INFO: Run Behavior\ParseTemplateBehavior [ RunTime:0.012000s ]
INFO: [ view_parse ] --END-- [ RunTime:0.012000s ]
INFO: [ view_filter ] --START--
INFO: Run Behavior\WriteHtmlCacheBehavior [ RunTime:0.001000s ]
INFO: [ view_filter ] --END-- [ RunTime:0.001000s ]
INFO: [ app_end ] --START--
INFO: Run Behavior\ShowPageTraceBehavior [ RunTime:0.000000s ]
INFO: [ app_end ] --END-- [ RunTime:0.000000s ]

[ 2017-05-14T14:48:56+08:00 ] ::1 /book/index.php/home/cart/add/id/11.html
INFO: [ app_init ] --START--
INFO: Run Behavior\BuildLiteBehavior [ RunTime:0.000000s ]
INFO: [ app_init ] --END-- [ RunTime:0.000000s ]
INFO: [ app_begin ] --START--
INFO: Run Behavior\ReadHtmlCacheBehavior [ RunTime:0.000000s ]
INFO: [ app_begin ] --END-- [ RunTime:0.000000s ]
NOTIC: D方法实例化没找到模型类admin\Model\CateModel
SQL: SHOW COLUMNS FROM `cate` [ RunTime:0.0030s ]
SQL: SELECT * FROM `cate` WHERE ( p_id=0 )  [ RunTime:0.0000s ]
SQL: SHOW COLUMNS FROM `goods` [ RunTime:0.0030s ]
SQL: SELECT * FROM `goods` WHERE ( id=11 ) LIMIT 1   [ RunTime:0.0000s ]
SQL: SHOW COLUMNS FROM `cart` [ RunTime:0.0030s ]
SQL: UPDATE `cart` SET `num`='5' WHERE ( userid=2 and goods_id=11 ) [ RunTime:0.0010s ]

[ 2017-05-14T14:48:56+08:00 ] ::1 /book/index.php/home/cart/lst.html
INFO: [ app_init ] --START--
INFO: Run Behavior\BuildLiteBehavior [ RunTime:0.000000s ]
INFO: [ app_init ] --END-- [ RunTime:0.001000s ]
INFO: [ app_begin ] --START--
INFO: Run Behavior\ReadHtmlCacheBehavior [ RunTime:0.001000s ]
INFO: [ app_begin ] --END-- [ RunTime:0.001000s ]
NOTIC: D方法实例化没找到模型类admin\Model\CateModel
SQL: SHOW COLUMNS FROM `cate` [ RunTime:0.0040s ]
SQL: SELECT * FROM `cate` WHERE ( p_id=0 )  [ RunTime:0.0010s ]
SQL: SHOW COLUMNS FROM `cart` [ RunTime:0.0040s ]
SQL: SELECT * FROM `cart` WHERE ( userid=2 )  [ RunTime:0.0000s ]
INFO: [ view_parse ] --START--
INFO: [ template_filter ] --START--
INFO: Run Behavior\ContentReplaceBehavior [ RunTime:0.000000s ]
INFO: [ template_filter ] --END-- [ RunTime:0.000000s ]
NOTIC: [8] Undefined variable: lst D:\phpStudy\WWW\book\Application\Runtime\Cache\Home\ad731cb508cb3d23cea25bb6848941ce.php 第 105 行.
NOTIC: [8] Undefined variable: lst D:\phpStudy\WWW\book\Application\Runtime\Cache\Home\ad731cb508cb3d23cea25bb6848941ce.php 第 106 行.
NOTIC: [8] Undefined variable: lst D:\phpStudy\WWW\book\Application\Runtime\Cache\Home\ad731cb508cb3d23cea25bb6848941ce.php 第 107 行.
NOTIC: [8] Undefined variable: total_price D:\phpStudy\WWW\book\Application\Runtime\Cache\Home\ad731cb508cb3d23cea25bb6848941ce.php 第 108 行.
INFO: Run Behavior\ParseTemplateBehavior [ RunTime:0.011001s ]
INFO: [ view_parse ] --END-- [ RunTime:0.011001s ]
INFO: [ view_filter ] --START--
INFO: Run Behavior\WriteHtmlCacheBehavior [ RunTime:0.000000s ]
INFO: [ view_filter ] --END-- [ RunTime:0.000000s ]
INFO: [ app_end ] --START--
INFO: Run Behavior\ShowPageTraceBehavior [ RunTime:0.001000s ]
INFO: [ app_end ] --END-- [ RunTime:0.001000s ]

[ 2017-05-14T14:48:56+08:00 ] ::1 /book/index.php/home/cart/add/id/11.html
INFO: [ app_init ] --START--
INFO: Run Behavior\BuildLiteBehavior [ RunTime:0.000000s ]
INFO: [ app_init ] --END-- [ RunTime:0.001000s ]
INFO: [ app_begin ] --START--
INFO: Run Behavior\ReadHtmlCacheBehavior [ RunTime:0.001000s ]
INFO: [ app_begin ] --END-- [ RunTime:0.001000s ]
NOTIC: D方法实例化没找到模型类admin\Model\CateModel
SQL: SHOW COLUMNS FROM `cate` [ RunTime:0.0030s ]
SQL: SELECT * FROM `cate` WHERE ( p_id=0 )  [ RunTime:0.0000s ]
SQL: SHOW COLUMNS FROM `goods` [ RunTime:0.0030s ]
SQL: SELECT * FROM `goods` WHERE ( id=11 ) LIMIT 1   [ RunTime:0.0010s ]
SQL: SHOW COLUMNS FROM `cart` [ RunTime:0.0030s ]
SQL: UPDATE `cart` SET `num`='6' WHERE ( userid=2 and goods_id=11 ) [ RunTime:0.0000s ]

[ 2017-05-14T14:48:56+08:00 ] ::1 /book/index.php/home/cart/lst.html
INFO: [ app_init ] --START--
INFO: Run Behavior\BuildLiteBehavior [ RunTime:0.000000s ]
INFO: [ app_init ] --END-- [ RunTime:0.000000s ]
INFO: [ app_begin ] --START--
INFO: Run Behavior\ReadHtmlCacheBehavior [ RunTime:0.001000s ]
INFO: [ app_begin ] --END-- [ RunTime:0.001000s ]
NOTIC: D方法实例化没找到模型类admin\Model\CateModel
SQL: SHOW COLUMNS FROM `cate` [ RunTime:0.0020s ]
SQL: SELECT * FROM `cate` WHERE ( p_id=0 )  [ RunTime:0.0000s ]
SQL: SHOW COLUMNS FROM `cart` [ RunTime:0.0030s ]
SQL: SELECT * FROM `cart` WHERE ( userid=2 )  [ RunTime:0.0000s ]
INFO: [ view_parse ] --START--
INFO: [ template_filter ] --START--
INFO: Run Behavior\ContentReplaceBehavior [ RunTime:0.000000s ]
INFO: [ template_filter ] --END-- [ RunTime:0.000000s ]
NOTIC: [8] Undefined variable: lst D:\phpStudy\WWW\book\Application\Runtime\Cache\Home\ad731cb508cb3d23cea25bb6848941ce.php 第 105 行.
NOTIC: [8] Undefined variable: lst D:\phpStudy\WWW\book\Application\Runtime\Cache\Home\ad731cb508cb3d23cea25bb6848941ce.php 第 106 行.
NOTIC: [8] Undefined variable: lst D:\phpStudy\WWW\book\Application\Runtime\Cache\Home\ad731cb508cb3d23cea25bb6848941ce.php 第 107 行.
NOTIC: [8] Undefined variable: total_price D:\phpStudy\WWW\book\Application\Runtime\Cache\Home\ad731cb508cb3d23cea25bb6848941ce.php 第 108 行.
INFO: Run Behavior\ParseTemplateBehavior [ RunTime:0.009001s ]
INFO: [ view_parse ] --END-- [ RunTime:0.009001s ]
INFO: [ view_filter ] --START--
INFO: Run Behavior\WriteHtmlCacheBehavior [ RunTime:0.001000s ]
INFO: [ view_filter ] --END-- [ RunTime:0.001000s ]
INFO: [ app_end ] --START--
INFO: Run Behavior\ShowPageTraceBehavior [ RunTime:0.000000s ]
INFO: [ app_end ] --END-- [ RunTime:0.000000s ]

[ 2017-05-14T14:48:58+08:00 ] ::1 /book/index.php/Home/buy/submit.html
INFO: [ app_init ] --START--
INFO: Run Behavior\BuildLiteBehavior [ RunTime:0.000000s ]
INFO: [ app_init ] --END-- [ RunTime:0.000000s ]
INFO: [ app_begin ] --START--
INFO: Run Behavior\ReadHtmlCacheBehavior [ RunTime:0.001000s ]
INFO: [ app_begin ] --END-- [ RunTime:0.001000s ]
NOTIC: D方法实例化没找到模型类admin\Model\CateModel
SQL: SHOW COLUMNS FROM `cate` [ RunTime:0.0040s ]
SQL: SELECT * FROM `cate` WHERE ( p_id=0 )  [ RunTime:0.0010s ]
SQL: SHOW COLUMNS FROM `address` [ RunTime:0.0030s ]
NOTIC: [2] Missing argument 1 for Home\Tool\AddTool::calcMoney(), called in D:\phpStudy\WWW\book\Application\Home\Controller\BuyController.class.php on line 23 and defined D:\phpStudy\WWW\book\Application\Home\Tool\AddTool.class.php 第 192 行.
NOTIC: [8] Undefined variable: userid D:\phpStudy\WWW\book\Application\Home\Tool\AddTool.class.php 第 195 行.
NOTIC: [8] Undefined index:  D:\phpStudy\WWW\book\Application\Home\Tool\AddTool.class.php 第 195 行.
NOTIC: [2] Invalid argument supplied for foreach() D:\phpStudy\WWW\book\Application\Home\Tool\AddTool.class.php 第 195 行.
SQL: SELECT * FROM `address` WHERE ( userid=2 and status=1 ) LIMIT 1   [ RunTime:0.0000s ]
SQL: SHOW COLUMNS FROM `post` [ RunTime:0.0020s ]
SQL: SELECT * FROM `post`  [ RunTime:0.0000s ]
INFO: [ view_parse ] --START--
INFO: [ template_filter ] --START--
INFO: Run Behavior\ContentReplaceBehavior [ RunTime:0.000000s ]
INFO: [ template_filter ] --END-- [ RunTime:0.000000s ]
NOTIC: [8] Undefined variable: addrTag D:\phpStudy\WWW\book\Application\Runtime\Cache\Home\6f47fa21efcdc38a0eaf7d6239d5e098.php 第 138 行.
INFO: Run Behavior\ParseTemplateBehavior [ RunTime:0.010001s ]
INFO: [ view_parse ] --END-- [ RunTime:0.010001s ]
INFO: [ view_filter ] --START--
INFO: Run Behavior\WriteHtmlCacheBehavior [ RunTime:0.000000s ]
INFO: [ view_filter ] --END-- [ RunTime:0.000000s ]
INFO: [ app_end ] --START--
INFO: Run Behavior\ShowPageTraceBehavior [ RunTime:0.001000s ]
INFO: [ app_end ] --END-- [ RunTime:0.001000s ]

[ 2017-05-14T14:49:20+08:00 ] ::1 /book/index.php/home/cart/addorder.html
INFO: [ app_init ] --START--
INFO: Run Behavior\BuildLiteBehavior [ RunTime:0.000000s ]
INFO: [ app_init ] --END-- [ RunTime:0.000000s ]
INFO: [ app_begin ] --START--
INFO: Run Behavior\ReadHtmlCacheBehavior [ RunTime:0.001000s ]
INFO: [ app_begin ] --END-- [ RunTime:0.001000s ]
NOTIC: D方法实例化没找到模型类admin\Model\CateModel
SQL: SHOW COLUMNS FROM `cate` [ RunTime:0.0050s ]
SQL: SELECT * FROM `cate` WHERE ( p_id=0 )  [ RunTime:0.0010s ]
NOTIC: D方法实例化没找到模型类admin\Model\OrderModel
SQL: SHOW COLUMNS FROM `order` [ RunTime:0.0050s ]
SQL: INSERT INTO `order` (`order_id`,`user_id`,`pay_status`,`post_status`,`order_status`,`pay_method`,`total_price`,`post_method`,`area`,`desc_area`,`name`,`tel`) VALUES ('2017051448481029','2','1','0','0','货到付款','0','圆通','河北省-衡水市-武邑县','衡水一中','刘威','15538191191') [ RunTime:0.0010s ]
SQL: SHOW COLUMNS FROM `ordgoods` [ RunTime:0.0050s ]
NOTIC: D方法实例化没找到模型类admin\Model\GoodsModel
SQL: SHOW COLUMNS FROM `goods` [ RunTime:0.0040s ]
SQL: SELECT * FROM `goods` WHERE ( id=11 ) LIMIT 1   [ RunTime:0.0010s ]
SQL: UPDATE `goods` SET `reserve`='13' WHERE ( id=11 ) [ RunTime:0.0000s ]
SQL: INSERT INTO `ordgoods` (`ord_id`,`userid`,`goods_id`,`goods_name`,`shop_price`,`goods_num`,`goods_img`,`pay_status`,`post_status`,`order_status`) VALUES ('2017051448481029','2','11','挪威的森林(2016年新版)','23','6','58f829470e82e.jpg','1','0','0') [ RunTime:0.0010s ]
SQL: SHOW COLUMNS FROM `cart` [ RunTime:0.0040s ]
SQL: DELETE FROM `cart` WHERE ( userid=2 ) [ RunTime:0.0010s ]

[ 2017-05-14T14:49:21+08:00 ] ::1 /book/index.php/home/cart/order_success.html
INFO: [ app_init ] --START--
INFO: Run Behavior\BuildLiteBehavior [ RunTime:0.000000s ]
INFO: [ app_init ] --END-- [ RunTime:0.000000s ]
INFO: [ app_begin ] --START--
INFO: Run Behavior\ReadHtmlCacheBehavior [ RunTime:0.001000s ]
INFO: [ app_begin ] --END-- [ RunTime:0.001000s ]
NOTIC: D方法实例化没找到模型类admin\Model\CateModel
SQL: SHOW COLUMNS FROM `cate` [ RunTime:0.0020s ]
SQL: SELECT * FROM `cate` WHERE ( p_id=0 )  [ RunTime:0.0010s ]
INFO: [ view_parse ] --START--
INFO: [ template_filter ] --START--
INFO: Run Behavior\ContentReplaceBehavior [ RunTime:0.000000s ]
INFO: [ template_filter ] --END-- [ RunTime:0.000000s ]
INFO: Run Behavior\ParseTemplateBehavior [ RunTime:0.008000s ]
INFO: [ view_parse ] --END-- [ RunTime:0.008000s ]
INFO: [ view_filter ] --START--
INFO: Run Behavior\WriteHtmlCacheBehavior [ RunTime:0.001000s ]
INFO: [ view_filter ] --END-- [ RunTime:0.001000s ]
INFO: [ app_end ] --START--
INFO: Run Behavior\ShowPageTraceBehavior [ RunTime:0.000000s ]
INFO: [ app_end ] --END-- [ RunTime:0.000000s ]

[ 2017-05-14T14:49:23+08:00 ] ::1 /book/index.php/home/person/order.html
INFO: [ app_init ] --START--
INFO: Run Behavior\BuildLiteBehavior [ RunTime:0.000000s ]
INFO: [ app_init ] --END-- [ RunTime:0.000000s ]
INFO: [ app_begin ] --START--
INFO: Run Behavior\ReadHtmlCacheBehavior [ RunTime:0.001000s ]
INFO: [ app_begin ] --END-- [ RunTime:0.001000s ]
NOTIC: D方法实例化没找到模型类admin\Model\CateModel
SQL: SHOW COLUMNS FROM `cate` [ RunTime:0.0030s ]
SQL: SELECT * FROM `cate` WHERE ( p_id=0 )  [ RunTime:0.0000s ]
SQL: SHOW COLUMNS FROM `ordgoods` [ RunTime:0.0030s ]
SQL: SELECT * FROM `ordgoods` WHERE ( userid=2 )  [ RunTime:0.0000s ]
SQL: SELECT COUNT(*) AS tp_count FROM `ordgoods` WHERE ( userid=2 and order_status=0 ) LIMIT 1   [ RunTime:0.0000s ]
SQL: SELECT COUNT(*) AS tp_count FROM `ordgoods` WHERE ( userid=2 and pay_status=0 ) LIMIT 1   [ RunTime:0.0000s ]
SQL: SELECT COUNT(*) AS tp_count FROM `ordgoods` WHERE ( userid=2 and post_status=0 ) LIMIT 1   [ RunTime:0.0000s ]
SQL: SELECT COUNT(*) AS tp_count FROM `ordgoods` WHERE ( userid=2 and order_status=1 ) LIMIT 1   [ RunTime:0.0000s ]
INFO: [ view_parse ] --START--
INFO: [ template_filter ] --START--
INFO: Run Behavior\ContentReplaceBehavior [ RunTime:0.000000s ]
INFO: [ template_filter ] --END-- [ RunTime:0.001000s ]
NOTIC: [8] Undefined variable: page D:\phpStudy\WWW\book\Application\Runtime\Cache\Home\c7dac09fb38eb695133c5c2f99d86e44.php 第 149 行.
INFO: Run Behavior\ParseTemplateBehavior [ RunTime:0.033002s ]
INFO: [ view_parse ] --END-- [ RunTime:0.033002s ]
INFO: [ view_filter ] --START--
INFO: Run Behavior\WriteHtmlCacheBehavior [ RunTime:0.001000s ]
INFO: [ view_filter ] --END-- [ RunTime:0.001000s ]
INFO: [ app_end ] --START--
INFO: Run Behavior\ShowPageTraceBehavior [ RunTime:0.001000s ]
INFO: [ app_end ] --END-- [ RunTime:0.001000s ]

[ 2017-05-14T14:49:32+08:00 ] ::1 /book/index.php/home/person/order.html
INFO: [ app_init ] --START--
INFO: Run Behavior\BuildLiteBehavior [ RunTime:0.000000s ]
INFO: [ app_init ] --END-- [ RunTime:0.000000s ]
INFO: [ app_begin ] --START--
INFO: Run Behavior\ReadHtmlCacheBehavior [ RunTime:0.001000s ]
INFO: [ app_begin ] --END-- [ RunTime:0.001000s ]
NOTIC: D方法实例化没找到模型类admin\Model\CateModel
SQL: SHOW COLUMNS FROM `cate` [ RunTime:0.0030s ]
SQL: SELECT * FROM `cate` WHERE ( p_id=0 )  [ RunTime:0.0000s ]
SQL: SHOW COLUMNS FROM `ordgoods` [ RunTime:0.0020s ]
SQL: SELECT * FROM `ordgoods` WHERE ( userid=2 )  [ RunTime:0.0000s ]
SQL: SELECT COUNT(*) AS tp_count FROM `ordgoods` WHERE ( userid=2 and order_status=0 ) LIMIT 1   [ RunTime:0.0000s ]
SQL: SELECT COUNT(*) AS tp_count FROM `ordgoods` WHERE ( userid=2 and pay_status=0 ) LIMIT 1   [ RunTime:0.0000s ]
SQL: SELECT COUNT(*) AS tp_count FROM `ordgoods` WHERE ( userid=2 and post_status=0 ) LIMIT 1   [ RunTime:0.0000s ]
SQL: SELECT COUNT(*) AS tp_count FROM `ordgoods` WHERE ( userid=2 and order_status=1 ) LIMIT 1   [ RunTime:0.0010s ]
INFO: [ view_parse ] --START--
INFO: [ template_filter ] --START--
INFO: Run Behavior\ContentReplaceBehavior [ RunTime:0.000000s ]
INFO: [ template_filter ] --END-- [ RunTime:0.000000s ]
NOTIC: [8] Undefined variable: page D:\phpStudy\WWW\book\Application\Runtime\Cache\Home\c7dac09fb38eb695133c5c2f99d86e44.php 第 149 行.
INFO: Run Behavior\ParseTemplateBehavior [ RunTime:0.013001s ]
INFO: [ view_parse ] --END-- [ RunTime:0.013001s ]
INFO: [ view_filter ] --START--
INFO: Run Behavior\WriteHtmlCacheBehavior [ RunTime:0.001000s ]
INFO: [ view_filter ] --END-- [ RunTime:0.001000s ]
INFO: [ app_end ] --START--
INFO: Run Behavior\ShowPageTraceBehavior [ RunTime:0.001000s ]
INFO: [ app_end ] --END-- [ RunTime:0.001000s ]

[ 2017-05-14T14:49:46+08:00 ] ::1 /book/
INFO: [ app_init ] --START--
INFO: Run Behavior\BuildLiteBehavior [ RunTime:0.000000s ]
INFO: [ app_init ] --END-- [ RunTime:0.001000s ]
INFO: [ app_begin ] --START--
INFO: Run Behavior\ReadHtmlCacheBehavior [ RunTime:0.000000s ]
INFO: [ app_begin ] --END-- [ RunTime:0.000000s ]
NOTIC: D方法实例化没找到模型类admin\Model\CateModel
SQL: SHOW COLUMNS FROM `cate` [ RunTime:0.0020s ]
SQL: SELECT * FROM `cate` WHERE ( p_id=0 )  [ RunTime:0.0000s ]
NOTIC: D方法实例化没找到模型类admin\Model\GoodsModel
SQL: SHOW COLUMNS FROM `goods` [ RunTime:0.0030s ]
SQL: SELECT * FROM `goods`  [ RunTime:0.0000s ]
SQL: SELECT * FROM `goods` WHERE ( cate=2 )  [ RunTime:0.0010s ]
SQL: SELECT * FROM `goods` WHERE ( cate=4 )  [ RunTime:0.0000s ]
SQL: SELECT * FROM `goods` WHERE ( cate=1 )  [ RunTime:0.0000s ]
INFO: [ view_parse ] --START--
INFO: [ template_filter ] --START--
INFO: Run Behavior\ContentReplaceBehavior [ RunTime:0.000000s ]
INFO: [ template_filter ] --END-- [ RunTime:0.000000s ]
INFO: Run Behavior\ParseTemplateBehavior [ RunTime:0.013001s ]
INFO: [ view_parse ] --END-- [ RunTime:0.013001s ]
INFO: [ view_filter ] --START--
INFO: Run Behavior\WriteHtmlCacheBehavior [ RunTime:0.000000s ]
INFO: [ view_filter ] --END-- [ RunTime:0.000000s ]
INFO: [ app_end ] --START--
INFO: Run Behavior\ShowPageTraceBehavior [ RunTime:0.001000s ]
INFO: [ app_end ] --END-- [ RunTime:0.001000s ]

[ 2017-05-14T14:49:52+08:00 ] ::1 /book/index.php
INFO: [ app_init ] --START--
INFO: Run Behavior\BuildLiteBehavior [ RunTime:0.000000s ]
INFO: [ app_init ] --END-- [ RunTime:0.000000s ]
INFO: [ app_begin ] --START--
INFO: Run Behavior\ReadHtmlCacheBehavior [ RunTime:0.001000s ]
INFO: [ app_begin ] --END-- [ RunTime:0.001000s ]
NOTIC: D方法实例化没找到模型类admin\Model\CateModel
SQL: SHOW COLUMNS FROM `cate` [ RunTime:0.0040s ]
SQL: SELECT * FROM `cate` WHERE ( p_id=0 )  [ RunTime:0.0000s ]
NOTIC: D方法实例化没找到模型类admin\Model\GoodsModel
SQL: SHOW COLUMNS FROM `goods` [ RunTime:0.0030s ]
SQL: SELECT * FROM `goods`  [ RunTime:0.0010s ]
SQL: SELECT * FROM `goods` WHERE ( cate=2 )  [ RunTime:0.0000s ]
SQL: SELECT * FROM `goods` WHERE ( cate=4 )  [ RunTime:0.0000s ]
SQL: SELECT * FROM `goods` WHERE ( cate=1 )  [ RunTime:0.0010s ]
INFO: [ view_parse ] --START--
INFO: [ template_filter ] --START--
INFO: Run Behavior\ContentReplaceBehavior [ RunTime:0.000000s ]
INFO: [ template_filter ] --END-- [ RunTime:0.000000s ]
INFO: Run Behavior\ParseTemplateBehavior [ RunTime:0.012000s ]
INFO: [ view_parse ] --END-- [ RunTime:0.012000s ]
INFO: [ view_filter ] --START--
INFO: Run Behavior\WriteHtmlCacheBehavior [ RunTime:0.000000s ]
INFO: [ view_filter ] --END-- [ RunTime:0.000000s ]
INFO: [ app_end ] --START--
INFO: Run Behavior\ShowPageTraceBehavior [ RunTime:0.000000s ]
INFO: [ app_end ] --END-- [ RunTime:0.000000s ]

[ 2017-05-14T14:49:59+08:00 ] ::1 /book/index.php/home/user/verify.html
INFO: [ app_init ] --START--
INFO: Run Behavior\BuildLiteBehavior [ RunTime:0.000000s ]
INFO: [ app_init ] --END-- [ RunTime:0.000000s ]
INFO: [ app_begin ] --START--
INFO: Run Behavior\ReadHtmlCacheBehavior [ RunTime:0.001000s ]
INFO: [ app_begin ] --END-- [ RunTime:0.001000s ]
NOTIC: D方法实例化没找到模型类admin\Model\CateModel
SQL: SHOW COLUMNS FROM `cate` [ RunTime:0.0030s ]
SQL: SELECT * FROM `cate` WHERE ( p_id=0 )  [ RunTime:0.0000s ]
INFO: [ app_end ] --START--
INFO: Run Behavior\ShowPageTraceBehavior [ RunTime:0.001000s ]
INFO: [ app_end ] --END-- [ RunTime:0.001000s ]

[ 2017-05-14T14:58:12+08:00 ] ::1 /book/index.php/home/person/order.html
INFO: [ app_init ] --START--
INFO: Run Behavior\BuildLiteBehavior [ RunTime:0.000000s ]
INFO: [ app_init ] --END-- [ RunTime:0.000000s ]
INFO: [ app_begin ] --START--
INFO: Run Behavior\ReadHtmlCacheBehavior [ RunTime:0.000000s ]
INFO: [ app_begin ] --END-- [ RunTime:0.000000s ]
NOTIC: D方法实例化没找到模型类admin\Model\CateModel
SQL: SHOW COLUMNS FROM `cate` [ RunTime:0.0030s ]
SQL: SELECT * FROM `cate` WHERE ( p_id=0 )  [ RunTime:0.0000s ]
SQL: SHOW COLUMNS FROM `ordgoods` [ RunTime:0.0040s ]
ERR: 1064:You have an error in your SQL syntax; check the manual that corresponds to your MySQL server version for the right syntax to use near ')' at line 1
 [ SQL语句 ] : SELECT * FROM `ordgoods` WHERE ( userid= ) 
ERR: 1064:You have an error in your SQL syntax; check the manual that corresponds to your MySQL server version for the right syntax to use near ')' at line 1
 [ SQL语句 ] : SELECT * FROM `ordgoods` WHERE ( userid= ) 

[ 2017-05-14T15:02:25+08:00 ] ::1 /book/index.php/home/person/order.html
INFO: [ app_init ] --START--
INFO: Run Behavior\BuildLiteBehavior [ RunTime:0.000000s ]
INFO: [ app_init ] --END-- [ RunTime:0.000000s ]
INFO: [ app_begin ] --START--
INFO: Run Behavior\ReadHtmlCacheBehavior [ RunTime:0.000000s ]
INFO: [ app_begin ] --END-- [ RunTime:0.000000s ]
NOTIC: D方法实例化没找到模型类admin\Model\CateModel
SQL: SHOW COLUMNS FROM `cate` [ RunTime:0.0040s ]
SQL: SELECT * FROM `cate` WHERE ( p_id=0 )  [ RunTime:0.0010s ]
SQL: SHOW COLUMNS FROM `ordgoods` [ RunTime:0.0040s ]
ERR: 1064:You have an error in your SQL syntax; check the manual that corresponds to your MySQL server version for the right syntax to use near ')' at line 1
 [ SQL语句 ] : SELECT * FROM `ordgoods` WHERE ( userid= ) 
ERR: 1064:You have an error in your SQL syntax; check the manual that corresponds to your MySQL server version for the right syntax to use near ')' at line 1
 [ SQL语句 ] : SELECT * FROM `ordgoods` WHERE ( userid= ) 

[ 2017-05-14T15:02:26+08:00 ] ::1 /book/index.php/home/person/order.html
INFO: [ app_init ] --START--
INFO: Run Behavior\BuildLiteBehavior [ RunTime:0.000000s ]
INFO: [ app_init ] --END-- [ RunTime:0.000000s ]
INFO: [ app_begin ] --START--
INFO: Run Behavior\ReadHtmlCacheBehavior [ RunTime:0.001000s ]
INFO: [ app_begin ] --END-- [ RunTime:0.001000s ]
NOTIC: D方法实例化没找到模型类admin\Model\CateModel
SQL: SHOW COLUMNS FROM `cate` [ RunTime:0.0040s ]
SQL: SELECT * FROM `cate` WHERE ( p_id=0 )  [ RunTime:0.0000s ]
SQL: SHOW COLUMNS FROM `ordgoods` [ RunTime:0.0040s ]
ERR: 1064:You have an error in your SQL syntax; check the manual that corresponds to your MySQL server version for the right syntax to use near ')' at line 1
 [ SQL语句 ] : SELECT * FROM `ordgoods` WHERE ( userid= ) 
ERR: 1064:You have an error in your SQL syntax; check the manual that corresponds to your MySQL server version for the right syntax to use near ')' at line 1
 [ SQL语句 ] : SELECT * FROM `ordgoods` WHERE ( userid= ) 

[ 2017-05-14T15:02:26+08:00 ] ::1 /book/index.php/home/person/order.html
INFO: [ app_init ] --START--
INFO: Run Behavior\BuildLiteBehavior [ RunTime:0.000000s ]
INFO: [ app_init ] --END-- [ RunTime:0.000000s ]
INFO: [ app_begin ] --START--
INFO: Run Behavior\ReadHtmlCacheBehavior [ RunTime:0.001000s ]
INFO: [ app_begin ] --END-- [ RunTime:0.001000s ]
NOTIC: D方法实例化没找到模型类admin\Model\CateModel
SQL: SHOW COLUMNS FROM `cate` [ RunTime:0.0030s ]
SQL: SELECT * FROM `cate` WHERE ( p_id=0 )  [ RunTime:0.0000s ]
SQL: SHOW COLUMNS FROM `ordgoods` [ RunTime:0.0040s ]
ERR: 1064:You have an error in your SQL syntax; check the manual that corresponds to your MySQL server version for the right syntax to use near ')' at line 1
 [ SQL语句 ] : SELECT * FROM `ordgoods` WHERE ( userid= ) 
ERR: 1064:You have an error in your SQL syntax; check the manual that corresponds to your MySQL server version for the right syntax to use near ')' at line 1
 [ SQL语句 ] : SELECT * FROM `ordgoods` WHERE ( userid= ) 

[ 2017-05-14T15:02:26+08:00 ] ::1 /book/index.php/home/person/order.html
INFO: [ app_init ] --START--
INFO: Run Behavior\BuildLiteBehavior [ RunTime:0.000000s ]
INFO: [ app_init ] --END-- [ RunTime:0.000000s ]
INFO: [ app_begin ] --START--
INFO: Run Behavior\ReadHtmlCacheBehavior [ RunTime:0.000000s ]
INFO: [ app_begin ] --END-- [ RunTime:0.000000s ]
NOTIC: D方法实例化没找到模型类admin\Model\CateModel
SQL: SHOW COLUMNS FROM `cate` [ RunTime:0.0030s ]
SQL: SELECT * FROM `cate` WHERE ( p_id=0 )  [ RunTime:0.0000s ]
SQL: SHOW COLUMNS FROM `ordgoods` [ RunTime:0.0030s ]
ERR: 1064:You have an error in your SQL syntax; check the manual that corresponds to your MySQL server version for the right syntax to use near ')' at line 1
 [ SQL语句 ] : SELECT * FROM `ordgoods` WHERE ( userid= ) 
ERR: 1064:You have an error in your SQL syntax; check the manual that corresponds to your MySQL server version for the right syntax to use near ')' at line 1
 [ SQL语句 ] : SELECT * FROM `ordgoods` WHERE ( userid= ) 

[ 2017-05-14T15:02:27+08:00 ] ::1 /book/index.php/home/person/order.html
INFO: [ app_init ] --START--
INFO: Run Behavior\BuildLiteBehavior [ RunTime:0.000000s ]
INFO: [ app_init ] --END-- [ RunTime:0.000000s ]
INFO: [ app_begin ] --START--
INFO: Run Behavior\ReadHtmlCacheBehavior [ RunTime:0.000000s ]
INFO: [ app_begin ] --END-- [ RunTime:0.000000s ]
NOTIC: D方法实例化没找到模型类admin\Model\CateModel
SQL: SHOW COLUMNS FROM `cate` [ RunTime:0.0030s ]
SQL: SELECT * FROM `cate` WHERE ( p_id=0 )  [ RunTime:0.0010s ]
SQL: SHOW COLUMNS FROM `ordgoods` [ RunTime:0.0030s ]
ERR: 1064:You have an error in your SQL syntax; check the manual that corresponds to your MySQL server version for the right syntax to use near ')' at line 1
 [ SQL语句 ] : SELECT * FROM `ordgoods` WHERE ( userid= ) 
ERR: 1064:You have an error in your SQL syntax; check the manual that corresponds to your MySQL server version for the right syntax to use near ')' at line 1
 [ SQL语句 ] : SELECT * FROM `ordgoods` WHERE ( userid= ) 

[ 2017-05-14T15:02:27+08:00 ] ::1 /book/index.php/home/person/order.html
INFO: [ app_init ] --START--
INFO: Run Behavior\BuildLiteBehavior [ RunTime:0.000000s ]
INFO: [ app_init ] --END-- [ RunTime:0.001000s ]
INFO: [ app_begin ] --START--
INFO: Run Behavior\ReadHtmlCacheBehavior [ RunTime:0.000000s ]
INFO: [ app_begin ] --END-- [ RunTime:0.000000s ]
NOTIC: D方法实例化没找到模型类admin\Model\CateModel
SQL: SHOW COLUMNS FROM `cate` [ RunTime:0.0030s ]
SQL: SELECT * FROM `cate` WHERE ( p_id=0 )  [ RunTime:0.0010s ]
SQL: SHOW COLUMNS FROM `ordgoods` [ RunTime:0.0030s ]
ERR: 1064:You have an error in your SQL syntax; check the manual that corresponds to your MySQL server version for the right syntax to use near ')' at line 1
 [ SQL语句 ] : SELECT * FROM `ordgoods` WHERE ( userid= ) 
ERR: 1064:You have an error in your SQL syntax; check the manual that corresponds to your MySQL server version for the right syntax to use near ')' at line 1
 [ SQL语句 ] : SELECT * FROM `ordgoods` WHERE ( userid= ) 

[ 2017-05-14T15:02:27+08:00 ] ::1 /book/index.php/home/person/order.html
INFO: [ app_init ] --START--
INFO: Run Behavior\BuildLiteBehavior [ RunTime:0.000000s ]
INFO: [ app_init ] --END-- [ RunTime:0.000000s ]
INFO: [ app_begin ] --START--
INFO: Run Behavior\ReadHtmlCacheBehavior [ RunTime:0.000000s ]
INFO: [ app_begin ] --END-- [ RunTime:0.000000s ]
NOTIC: D方法实例化没找到模型类admin\Model\CateModel
SQL: SHOW COLUMNS FROM `cate` [ RunTime:0.0030s ]
SQL: SELECT * FROM `cate` WHERE ( p_id=0 )  [ RunTime:0.0000s ]
SQL: SHOW COLUMNS FROM `ordgoods` [ RunTime:0.0030s ]
ERR: 1064:You have an error in your SQL syntax; check the manual that corresponds to your MySQL server version for the right syntax to use near ')' at line 1
 [ SQL语句 ] : SELECT * FROM `ordgoods` WHERE ( userid= ) 
ERR: 1064:You have an error in your SQL syntax; check the manual that corresponds to your MySQL server version for the right syntax to use near ')' at line 1
 [ SQL语句 ] : SELECT * FROM `ordgoods` WHERE ( userid= ) 

[ 2017-05-14T15:02:28+08:00 ] ::1 /book/index.php/home/person/order.html
INFO: [ app_init ] --START--
INFO: Run Behavior\BuildLiteBehavior [ RunTime:0.000000s ]
INFO: [ app_init ] --END-- [ RunTime:0.001000s ]
INFO: [ app_begin ] --START--
INFO: Run Behavior\ReadHtmlCacheBehavior [ RunTime:0.001000s ]
INFO: [ app_begin ] --END-- [ RunTime:0.001000s ]
NOTIC: D方法实例化没找到模型类admin\Model\CateModel
SQL: SHOW COLUMNS FROM `cate` [ RunTime:0.0030s ]
SQL: SELECT * FROM `cate` WHERE ( p_id=0 )  [ RunTime:0.0000s ]
SQL: SHOW COLUMNS FROM `ordgoods` [ RunTime:0.0030s ]
ERR: 1064:You have an error in your SQL syntax; check the manual that corresponds to your MySQL server version for the right syntax to use near ')' at line 1
 [ SQL语句 ] : SELECT * FROM `ordgoods` WHERE ( userid= ) 
ERR: 1064:You have an error in your SQL syntax; check the manual that corresponds to your MySQL server version for the right syntax to use near ')' at line 1
 [ SQL语句 ] : SELECT * FROM `ordgoods` WHERE ( userid= ) 

[ 2017-05-14T15:02:28+08:00 ] ::1 /book/index.php/home/person/order.html
INFO: [ app_init ] --START--
INFO: Run Behavior\BuildLiteBehavior [ RunTime:0.000000s ]
INFO: [ app_init ] --END-- [ RunTime:0.000000s ]
INFO: [ app_begin ] --START--
INFO: Run Behavior\ReadHtmlCacheBehavior [ RunTime:0.000000s ]
INFO: [ app_begin ] --END-- [ RunTime:0.000000s ]
NOTIC: D方法实例化没找到模型类admin\Model\CateModel
SQL: SHOW COLUMNS FROM `cate` [ RunTime:0.0030s ]
SQL: SELECT * FROM `cate` WHERE ( p_id=0 )  [ RunTime:0.0000s ]
SQL: SHOW COLUMNS FROM `ordgoods` [ RunTime:0.0040s ]
ERR: 1064:You have an error in your SQL syntax; check the manual that corresponds to your MySQL server version for the right syntax to use near ')' at line 1
 [ SQL语句 ] : SELECT * FROM `ordgoods` WHERE ( userid= ) 
ERR: 1064:You have an error in your SQL syntax; check the manual that corresponds to your MySQL server version for the right syntax to use near ')' at line 1
 [ SQL语句 ] : SELECT * FROM `ordgoods` WHERE ( userid= ) 

[ 2017-05-14T15:02:28+08:00 ] ::1 /book/index.php/home/person/order.html
INFO: [ app_init ] --START--
INFO: Run Behavior\BuildLiteBehavior [ RunTime:0.000000s ]
INFO: [ app_init ] --END-- [ RunTime:0.000000s ]
INFO: [ app_begin ] --START--
INFO: Run Behavior\ReadHtmlCacheBehavior [ RunTime:0.000000s ]
INFO: [ app_begin ] --END-- [ RunTime:0.000000s ]
NOTIC: D方法实例化没找到模型类admin\Model\CateModel
SQL: SHOW COLUMNS FROM `cate` [ RunTime:0.0030s ]
SQL: SELECT * FROM `cate` WHERE ( p_id=0 )  [ RunTime:0.0000s ]
SQL: SHOW COLUMNS FROM `ordgoods` [ RunTime:0.0030s ]
ERR: 1064:You have an error in your SQL syntax; check the manual that corresponds to your MySQL server version for the right syntax to use near ')' at line 1
 [ SQL语句 ] : SELECT * FROM `ordgoods` WHERE ( userid= ) 
ERR: 1064:You have an error in your SQL syntax; check the manual that corresponds to your MySQL server version for the right syntax to use near ')' at line 1
 [ SQL语句 ] : SELECT * FROM `ordgoods` WHERE ( userid= ) 

[ 2017-05-14T15:02:28+08:00 ] ::1 /book/index.php/home/person/order.html
INFO: [ app_init ] --START--
INFO: Run Behavior\BuildLiteBehavior [ RunTime:0.000000s ]
INFO: [ app_init ] --END-- [ RunTime:0.000000s ]
INFO: [ app_begin ] --START--
INFO: Run Behavior\ReadHtmlCacheBehavior [ RunTime:0.001001s ]
INFO: [ app_begin ] --END-- [ RunTime:0.001001s ]
NOTIC: D方法实例化没找到模型类admin\Model\CateModel
SQL: SHOW COLUMNS FROM `cate` [ RunTime:0.0040s ]
SQL: SELECT * FROM `cate` WHERE ( p_id=0 )  [ RunTime:0.0000s ]
SQL: SHOW COLUMNS FROM `ordgoods` [ RunTime:0.0030s ]
ERR: 1064:You have an error in your SQL syntax; check the manual that corresponds to your MySQL server version for the right syntax to use near ')' at line 1
 [ SQL语句 ] : SELECT * FROM `ordgoods` WHERE ( userid= ) 
ERR: 1064:You have an error in your SQL syntax; check the manual that corresponds to your MySQL server version for the right syntax to use near ')' at line 1
 [ SQL语句 ] : SELECT * FROM `ordgoods` WHERE ( userid= ) 

[ 2017-05-14T15:02:49+08:00 ] ::1 /book/index.php/home/person/information.html
INFO: [ app_init ] --START--
INFO: Run Behavior\BuildLiteBehavior [ RunTime:0.000000s ]
INFO: [ app_init ] --END-- [ RunTime:0.001000s ]
INFO: [ app_begin ] --START--
INFO: Run Behavior\ReadHtmlCacheBehavior [ RunTime:0.000000s ]
INFO: [ app_begin ] --END-- [ RunTime:0.000000s ]
NOTIC: D方法实例化没找到模型类admin\Model\CateModel
SQL: SHOW COLUMNS FROM `cate` [ RunTime:0.0030s ]
SQL: SELECT * FROM `cate` WHERE ( p_id=0 )  [ RunTime:0.0010s ]
SQL: SHOW COLUMNS FROM `user` [ RunTime:0.0050s ]
ERR: 1064:You have an error in your SQL syntax; check the manual that corresponds to your MySQL server version for the right syntax to use near ') LIMIT 1' at line 1
 [ SQL语句 ] : SELECT * FROM `user` WHERE ( id= ) LIMIT 1  
ERR: 1064:You have an error in your SQL syntax; check the manual that corresponds to your MySQL server version for the right syntax to use near ') LIMIT 1' at line 1
 [ SQL语句 ] : SELECT * FROM `user` WHERE ( id= ) LIMIT 1  

[ 2017-05-14T15:02:52+08:00 ] ::1 /book/index.php/Home/Index/index.html
INFO: [ app_init ] --START--
INFO: Run Behavior\BuildLiteBehavior [ RunTime:0.000000s ]
INFO: [ app_init ] --END-- [ RunTime:0.000000s ]
INFO: [ app_begin ] --START--
INFO: Run Behavior\ReadHtmlCacheBehavior [ RunTime:0.000000s ]
INFO: [ app_begin ] --END-- [ RunTime:0.000000s ]
NOTIC: D方法实例化没找到模型类admin\Model\CateModel
SQL: SHOW COLUMNS FROM `cate` [ RunTime:0.0040s ]
SQL: SELECT * FROM `cate` WHERE ( p_id=0 )  [ RunTime:0.0000s ]
NOTIC: D方法实例化没找到模型类admin\Model\GoodsModel
SQL: SHOW COLUMNS FROM `goods` [ RunTime:0.0030s ]
SQL: SELECT * FROM `goods`  [ RunTime:0.0010s ]
SQL: SELECT * FROM `goods` WHERE ( cate=2 )  [ RunTime:0.0010s ]
SQL: SELECT * FROM `goods` WHERE ( cate=4 )  [ RunTime:0.0010s ]
SQL: SELECT * FROM `goods` WHERE ( cate=1 )  [ RunTime:0.0000s ]
INFO: [ view_parse ] --START--
INFO: [ template_filter ] --START--
INFO: Run Behavior\ContentReplaceBehavior [ RunTime:0.000000s ]
INFO: [ template_filter ] --END-- [ RunTime:0.000000s ]
NOTIC: [8] Undefined index: userid D:\phpStudy\WWW\book\Application\Runtime\Cache\Home\2a94b8bda04ff446dcedd42276fc99ee.php 第 23 行.
NOTIC: [8] Undefined index: userid D:\phpStudy\WWW\book\Application\Runtime\Cache\Home\2a94b8bda04ff446dcedd42276fc99ee.php 第 26 行.
INFO: Run Behavior\ParseTemplateBehavior [ RunTime:0.022001s ]
INFO: [ view_parse ] --END-- [ RunTime:0.022001s ]
INFO: [ view_filter ] --START--
INFO: Run Behavior\WriteHtmlCacheBehavior [ RunTime:0.000000s ]
INFO: [ view_filter ] --END-- [ RunTime:0.001001s ]
INFO: [ app_end ] --START--
INFO: Run Behavior\ShowPageTraceBehavior [ RunTime:0.000000s ]
INFO: [ app_end ] --END-- [ RunTime:0.000000s ]

[ 2017-05-14T15:02:54+08:00 ] ::1 /book/index.php/Home/Goods/detail/id/11/isbn/2017042055494955.html
INFO: [ app_init ] --START--
INFO: Run Behavior\BuildLiteBehavior [ RunTime:0.000000s ]
INFO: [ app_init ] --END-- [ RunTime:0.001000s ]
INFO: [ app_begin ] --START--
INFO: Run Behavior\ReadHtmlCacheBehavior [ RunTime:0.001000s ]
INFO: [ app_begin ] --END-- [ RunTime:0.001000s ]
NOTIC: D方法实例化没找到模型类admin\Model\CateModel
SQL: SHOW COLUMNS FROM `cate` [ RunTime:0.0030s ]
SQL: SELECT * FROM `cate` WHERE ( p_id=0 )  [ RunTime:0.0000s ]
NOTIC: D方法实例化没找到模型类admin\Model\GoodsModel
SQL: SHOW COLUMNS FROM `goods` [ RunTime:0.0030s ]
SQL: SELECT * FROM `goods` WHERE ( id=11 ) LIMIT 1   [ RunTime:0.0010s ]
NOTIC: D方法实例化没找到模型类admin\Model\PicModel
SQL: SHOW COLUMNS FROM `pic` [ RunTime:0.0040s ]
SQL: SELECT * FROM `pic` WHERE ( isbn=2017042055494955 )  [ RunTime:0.0000s ]
NOTIC: D方法实例化没找到模型类admin\Model\DescModel
SQL: SHOW COLUMNS FROM `desc` [ RunTime:0.0040s ]
SQL: SELECT * FROM `desc` WHERE ( isbn=2017042055494955 )  [ RunTime:0.0000s ]
INFO: [ view_parse ] --START--
INFO: [ template_filter ] --START--
INFO: Run Behavior\ContentReplaceBehavior [ RunTime:0.000000s ]
INFO: [ template_filter ] --END-- [ RunTime:0.000000s ]
NOTIC: [8] Undefined index: userid D:\phpStudy\WWW\book\Application\Runtime\Cache\Home\795e274f7e0defaaba4ae5ed57f62a8c.php 第 22 行.
NOTIC: [8] Undefined index: userid D:\phpStudy\WWW\book\Application\Runtime\Cache\Home\795e274f7e0defaaba4ae5ed57f62a8c.php 第 25 行.
NOTIC: [8] Undefined variable: picb D:\phpStudy\WWW\book\Application\Runtime\Cache\Home\795e274f7e0defaaba4ae5ed57f62a8c.php 第 67 行.
NOTIC: [8] Undefined index: userid D:\phpStudy\WWW\book\Application\Runtime\Cache\Home\795e274f7e0defaaba4ae5ed57f62a8c.php 第 86 行.
INFO: Run Behavior\ParseTemplateBehavior [ RunTime:0.010000s ]
INFO: [ view_parse ] --END-- [ RunTime:0.010000s ]
INFO: [ view_filter ] --START--
INFO: Run Behavior\WriteHtmlCacheBehavior [ RunTime:0.001000s ]
INFO: [ view_filter ] --END-- [ RunTime:0.001000s ]
INFO: [ app_end ] --START--
INFO: Run Behavior\ShowPageTraceBehavior [ RunTime:0.000000s ]
INFO: [ app_end ] --END-- [ RunTime:0.000000s ]

[ 2017-05-14T15:03:02+08:00 ] ::1 /book/index.php/Home/User/login.html
INFO: [ app_init ] --START--
INFO: Run Behavior\BuildLiteBehavior [ RunTime:0.000000s ]
INFO: [ app_init ] --END-- [ RunTime:0.001000s ]
INFO: [ app_begin ] --START--
INFO: Run Behavior\ReadHtmlCacheBehavior [ RunTime:0.001000s ]
INFO: [ app_begin ] --END-- [ RunTime:0.001000s ]
NOTIC: D方法实例化没找到模型类admin\Model\CateModel
SQL: SHOW COLUMNS FROM `cate` [ RunTime:0.0030s ]
SQL: SELECT * FROM `cate` WHERE ( p_id=0 )  [ RunTime:0.0000s ]
INFO: [ view_parse ] --START--
INFO: [ template_filter ] --START--
INFO: Run Behavior\ContentReplaceBehavior [ RunTime:0.000000s ]
INFO: [ template_filter ] --END-- [ RunTime:0.000000s ]
INFO: Run Behavior\ParseTemplateBehavior [ RunTime:0.091006s ]
INFO: [ view_parse ] --END-- [ RunTime:0.091006s ]
INFO: [ view_filter ] --START--
INFO: Run Behavior\WriteHtmlCacheBehavior [ RunTime:0.000000s ]
INFO: [ view_filter ] --END-- [ RunTime:0.000000s ]
INFO: [ app_end ] --START--
INFO: Run Behavior\ShowPageTraceBehavior [ RunTime:0.001000s ]
INFO: [ app_end ] --END-- [ RunTime:0.001000s ]

[ 2017-05-14T15:03:02+08:00 ] ::1 /book/index.php/home/user/verify.html
INFO: [ app_init ] --START--
INFO: Run Behavior\BuildLiteBehavior [ RunTime:0.000000s ]
INFO: [ app_init ] --END-- [ RunTime:0.000000s ]
INFO: [ app_begin ] --START--
INFO: Run Behavior\ReadHtmlCacheBehavior [ RunTime:0.000000s ]
INFO: [ app_begin ] --END-- [ RunTime:0.000000s ]
NOTIC: D方法实例化没找到模型类admin\Model\CateModel
SQL: SHOW COLUMNS FROM `cate` [ RunTime:0.0040s ]
SQL: SELECT * FROM `cate` WHERE ( p_id=0 )  [ RunTime:0.0000s ]
INFO: [ app_end ] --START--
INFO: Run Behavior\ShowPageTraceBehavior [ RunTime:0.000000s ]
INFO: [ app_end ] --END-- [ RunTime:0.000000s ]

