[ 2017-04-24T16:01:05+08:00 ] ::1 /book/
INFO: [ app_init ] --START--
INFO: Run Behavior\BuildLiteBehavior [ RunTime:0.000000s ]
INFO: [ app_init ] --END-- [ RunTime:0.001000s ]
INFO: [ app_begin ] --START--
INFO: Run Behavior\ReadHtmlCacheBehavior [ RunTime:0.001000s ]
INFO: [ app_begin ] --END-- [ RunTime:0.001000s ]
NOTIC: D方法实例化没找到模型类admin\Model\GoodsModel
SQL: SHOW COLUMNS FROM `goods` [ RunTime:0.0190s ]
SQL: SELECT * FROM `goods`  [ RunTime:0.0010s ]
SQL: SELECT * FROM `goods` WHERE ( cate=2 )  [ RunTime:0.0000s ]
SQL: SELECT * FROM `goods` WHERE ( cate=4 )  [ RunTime:0.0000s ]
SQL: SELECT * FROM `goods` WHERE ( cate=1 )  [ RunTime:0.0000s ]
INFO: [ view_parse ] --START--
INFO: [ template_filter ] --START--
INFO: Run Behavior\ContentReplaceBehavior [ RunTime:0.000000s ]
INFO: [ template_filter ] --END-- [ RunTime:0.000000s ]
NOTIC: [8] Undefined index: userid D:\phpStudy\WWW\book\Application\Runtime\Cache\Home\2a94b8bda04ff446dcedd42276fc99ee.php 第 23 行.
NOTIC: [8] Undefined index: userid D:\phpStudy\WWW\book\Application\Runtime\Cache\Home\2a94b8bda04ff446dcedd42276fc99ee.php 第 26 行.
INFO: Run Behavior\ParseTemplateBehavior [ RunTime:0.018001s ]
INFO: [ view_parse ] --END-- [ RunTime:0.018001s ]
INFO: [ view_filter ] --START--
INFO: Run Behavior\WriteHtmlCacheBehavior [ RunTime:0.001000s ]
INFO: [ view_filter ] --END-- [ RunTime:0.001000s ]
INFO: [ app_end ] --START--
INFO: Run Behavior\ShowPageTraceBehavior [ RunTime:0.000000s ]
INFO: [ app_end ] --END-- [ RunTime:0.000000s ]

[ 2017-04-24T16:01:05+08:00 ] ::1 /book/index.php/Home/Index/ajaxChkLogin
INFO: [ app_init ] --START--
INFO: Run Behavior\BuildLiteBehavior [ RunTime:0.000000s ]
INFO: [ app_init ] --END-- [ RunTime:0.000000s ]
INFO: [ app_begin ] --START--
INFO: Run Behavior\ReadHtmlCacheBehavior [ RunTime:0.000000s ]
INFO: [ app_begin ] --END-- [ RunTime:0.000000s ]
ERR: 非法操作:ajaxChkLogin

[ 2017-04-24T22:39:23+08:00 ] ::1 /book/
INFO: [ app_init ] --START--
INFO: Run Behavior\BuildLiteBehavior [ RunTime:0.000000s ]
INFO: [ app_init ] --END-- [ RunTime:0.001000s ]
INFO: [ app_begin ] --START--
INFO: Run Behavior\ReadHtmlCacheBehavior [ RunTime:0.001000s ]
INFO: [ app_begin ] --END-- [ RunTime:0.001000s ]
NOTIC: D方法实例化没找到模型类admin\Model\GoodsModel
SQL: SHOW COLUMNS FROM `goods` [ RunTime:0.0040s ]
SQL: SELECT * FROM `goods`  [ RunTime:0.0010s ]
SQL: SELECT * FROM `goods` WHERE ( cate=2 )  [ RunTime:0.0000s ]
SQL: SELECT * FROM `goods` WHERE ( cate=4 )  [ RunTime:0.0010s ]
SQL: SELECT * FROM `goods` WHERE ( cate=1 )  [ RunTime:0.0000s ]
INFO: [ view_parse ] --START--
INFO: [ template_filter ] --START--
INFO: Run Behavior\ContentReplaceBehavior [ RunTime:0.000000s ]
INFO: [ template_filter ] --END-- [ RunTime:0.000000s ]
NOTIC: [8] Undefined index: userid D:\phpStudy\WWW\book\Application\Runtime\Cache\Home\2a94b8bda04ff446dcedd42276fc99ee.php 第 23 行.
NOTIC: [8] Undefined index: userid D:\phpStudy\WWW\book\Application\Runtime\Cache\Home\2a94b8bda04ff446dcedd42276fc99ee.php 第 26 行.
INFO: Run Behavior\ParseTemplateBehavior [ RunTime:0.015001s ]
INFO: [ view_parse ] --END-- [ RunTime:0.015001s ]
INFO: [ view_filter ] --START--
INFO: Run Behavior\WriteHtmlCacheBehavior [ RunTime:0.000000s ]
INFO: [ view_filter ] --END-- [ RunTime:0.001000s ]
INFO: [ app_end ] --START--
INFO: Run Behavior\ShowPageTraceBehavior [ RunTime:0.001000s ]
INFO: [ app_end ] --END-- [ RunTime:0.001000s ]

[ 2017-04-24T22:39:24+08:00 ] ::1 /book/index.php/Home/Index/ajaxChkLogin
INFO: [ app_init ] --START--
INFO: Run Behavior\BuildLiteBehavior [ RunTime:0.000000s ]
INFO: [ app_init ] --END-- [ RunTime:0.001001s ]
INFO: [ app_begin ] --START--
INFO: Run Behavior\ReadHtmlCacheBehavior [ RunTime:0.001000s ]
INFO: [ app_begin ] --END-- [ RunTime:0.001000s ]
ERR: 非法操作:ajaxChkLogin

[ 2017-04-24T22:39:26+08:00 ] ::1 /book/index.php/Home/Goods/detail/id/2/isbn/2017041850525056.html
INFO: [ app_init ] --START--
INFO: Run Behavior\BuildLiteBehavior [ RunTime:0.000000s ]
INFO: [ app_init ] --END-- [ RunTime:0.001000s ]
INFO: [ app_begin ] --START--
INFO: Run Behavior\ReadHtmlCacheBehavior [ RunTime:0.000000s ]
INFO: [ app_begin ] --END-- [ RunTime:0.000000s ]
NOTIC: D方法实例化没找到模型类admin\Model\GoodsModel
SQL: SHOW COLUMNS FROM `goods` [ RunTime:0.0040s ]
SQL: SELECT * FROM `goods` WHERE ( id=2 ) LIMIT 1   [ RunTime:0.0000s ]
NOTIC: D方法实例化没找到模型类admin\Model\PicModel
SQL: SHOW COLUMNS FROM `pic` [ RunTime:0.0040s ]
SQL: SELECT * FROM `pic` WHERE ( isbn=2017041850525056 )  [ RunTime:0.0000s ]
NOTIC: D方法实例化没找到模型类admin\Model\DescModel
SQL: SHOW COLUMNS FROM `desc` [ RunTime:0.0050s ]
SQL: SELECT * FROM `desc` WHERE ( isbn=2017041850525056 )  [ RunTime:0.0000s ]
INFO: [ view_parse ] --START--
INFO: [ template_filter ] --START--
INFO: Run Behavior\ContentReplaceBehavior [ RunTime:0.000000s ]
INFO: [ template_filter ] --END-- [ RunTime:0.000000s ]
NOTIC: [8] Undefined index: userid D:\phpStudy\WWW\book\Application\Runtime\Cache\Home\795e274f7e0defaaba4ae5ed57f62a8c.php 第 22 行.
NOTIC: [8] Undefined index: userid D:\phpStudy\WWW\book\Application\Runtime\Cache\Home\795e274f7e0defaaba4ae5ed57f62a8c.php 第 25 行.
NOTIC: [8] Use of undefined constant HOME_PUBLIC - assumed 'HOME_PUBLIC' D:\phpStudy\WWW\book\Application\Runtime\Cache\Home\795e274f7e0defaaba4ae5ed57f62a8c.php 第 63 行.
NOTIC: [8] Use of undefined constant HOME_PUBLIC - assumed 'HOME_PUBLIC' D:\phpStudy\WWW\book\Application\Runtime\Cache\Home\795e274f7e0defaaba4ae5ed57f62a8c.php 第 64 行.
NOTIC: [8] Use of undefined constant HOME_PUBLIC - assumed 'HOME_PUBLIC' D:\phpStudy\WWW\book\Application\Runtime\Cache\Home\795e274f7e0defaaba4ae5ed57f62a8c.php 第 65 行.
NOTIC: [8] Use of undefined constant HOME_PUBLIC - assumed 'HOME_PUBLIC' D:\phpStudy\WWW\book\Application\Runtime\Cache\Home\795e274f7e0defaaba4ae5ed57f62a8c.php 第 67 行.
NOTIC: [8] Use of undefined constant HOME_PUBLIC - assumed 'HOME_PUBLIC' D:\phpStudy\WWW\book\Application\Runtime\Cache\Home\795e274f7e0defaaba4ae5ed57f62a8c.php 第 68 行.
NOTIC: [8] Undefined variable: picb D:\phpStudy\WWW\book\Application\Runtime\Cache\Home\795e274f7e0defaaba4ae5ed57f62a8c.php 第 74 行.
NOTIC: [8] Undefined index: userid D:\phpStudy\WWW\book\Application\Runtime\Cache\Home\795e274f7e0defaaba4ae5ed57f62a8c.php 第 93 行.
NOTIC: [8] Undefined variable: comment D:\phpStudy\WWW\book\Application\Runtime\Cache\Home\795e274f7e0defaaba4ae5ed57f62a8c.php 第 148 行.
NOTIC: [8] Use of undefined constant HOME_PUBLIC - assumed 'HOME_PUBLIC' D:\phpStudy\WWW\book\Application\Runtime\Cache\Home\795e274f7e0defaaba4ae5ed57f62a8c.php 第 249 行.
NOTIC: [8] Use of undefined constant HOME_PUBLIC - assumed 'HOME_PUBLIC' D:\phpStudy\WWW\book\Application\Runtime\Cache\Home\795e274f7e0defaaba4ae5ed57f62a8c.php 第 250 行.
INFO: Run Behavior\ParseTemplateBehavior [ RunTime:0.014001s ]
INFO: [ view_parse ] --END-- [ RunTime:0.014001s ]
INFO: [ view_filter ] --START--
INFO: Run Behavior\WriteHtmlCacheBehavior [ RunTime:0.001000s ]
INFO: [ view_filter ] --END-- [ RunTime:0.001000s ]
INFO: [ app_end ] --START--
INFO: Run Behavior\ShowPageTraceBehavior [ RunTime:0.000000s ]
INFO: [ app_end ] --END-- [ RunTime:0.000000s ]

[ 2017-04-24T22:39:26+08:00 ] ::1 /book/index.php/Home/Goods/detail/id/2/isbn/HOME_PUBLIC/css/style.css
INFO: [ app_init ] --START--
INFO: Run Behavior\BuildLiteBehavior [ RunTime:0.000000s ]
INFO: [ app_init ] --END-- [ RunTime:0.000000s ]
INFO: [ app_begin ] --START--
INFO: Run Behavior\ReadHtmlCacheBehavior [ RunTime:0.001000s ]
INFO: [ app_begin ] --END-- [ RunTime:0.001000s ]
NOTIC: D方法实例化没找到模型类admin\Model\GoodsModel
SQL: SHOW COLUMNS FROM `goods` [ RunTime:0.0040s ]
SQL: SELECT * FROM `goods` WHERE ( id=2 ) LIMIT 1   [ RunTime:0.0000s ]
NOTIC: D方法实例化没找到模型类admin\Model\PicModel
SQL: SHOW COLUMNS FROM `pic` [ RunTime:0.0040s ]
ERR: 1054:Unknown column 'HOME_PUBLIC' in 'where clause'
 [ SQL语句 ] : SELECT * FROM `pic` WHERE ( isbn=HOME_PUBLIC ) 
ERR: 1054:Unknown column 'HOME_PUBLIC' in 'where clause'
 [ SQL语句 ] : SELECT * FROM `pic` WHERE ( isbn=HOME_PUBLIC ) 

[ 2017-04-24T22:39:26+08:00 ] ::1 /book/index.php/Home/Goods/detail/id/2/isbn/HOME_PUBLIC/css/css.css
INFO: [ app_init ] --START--
INFO: Run Behavior\BuildLiteBehavior [ RunTime:0.000000s ]
INFO: [ app_init ] --END-- [ RunTime:0.001000s ]
INFO: [ app_begin ] --START--
INFO: Run Behavior\ReadHtmlCacheBehavior [ RunTime:0.001000s ]
INFO: [ app_begin ] --END-- [ RunTime:0.001000s ]
NOTIC: D方法实例化没找到模型类admin\Model\GoodsModel
SQL: SHOW COLUMNS FROM `goods` [ RunTime:0.0050s ]
SQL: SELECT * FROM `goods` WHERE ( id=2 ) LIMIT 1   [ RunTime:0.0000s ]
NOTIC: D方法实例化没找到模型类admin\Model\PicModel
SQL: SHOW COLUMNS FROM `pic` [ RunTime:0.0030s ]
ERR: 1054:Unknown column 'HOME_PUBLIC' in 'where clause'
 [ SQL语句 ] : SELECT * FROM `pic` WHERE ( isbn=HOME_PUBLIC ) 
ERR: 1054:Unknown column 'HOME_PUBLIC' in 'where clause'
 [ SQL语句 ] : SELECT * FROM `pic` WHERE ( isbn=HOME_PUBLIC ) 

[ 2017-04-24T22:39:26+08:00 ] ::1 /book/index.php/Home/Goods/detail/id/2/isbn/HOME_PUBLIC/js/jquery-1.4.2.min.js
INFO: [ app_init ] --START--
INFO: Run Behavior\BuildLiteBehavior [ RunTime:0.000000s ]
INFO: [ app_init ] --END-- [ RunTime:0.000000s ]
INFO: [ app_begin ] --START--
INFO: Run Behavior\ReadHtmlCacheBehavior [ RunTime:0.001000s ]
INFO: [ app_begin ] --END-- [ RunTime:0.001000s ]
NOTIC: D方法实例化没找到模型类admin\Model\GoodsModel
SQL: SHOW COLUMNS FROM `goods` [ RunTime:0.0040s ]
SQL: SELECT * FROM `goods` WHERE ( id=2 ) LIMIT 1   [ RunTime:0.0010s ]
NOTIC: D方法实例化没找到模型类admin\Model\PicModel
SQL: SHOW COLUMNS FROM `pic` [ RunTime:0.0040s ]
ERR: 1054:Unknown column 'HOME_PUBLIC' in 'where clause'
 [ SQL语句 ] : SELECT * FROM `pic` WHERE ( isbn=HOME_PUBLIC ) 
ERR: 1054:Unknown column 'HOME_PUBLIC' in 'where clause'
 [ SQL语句 ] : SELECT * FROM `pic` WHERE ( isbn=HOME_PUBLIC ) 

[ 2017-04-24T22:39:26+08:00 ] ::1 /book/index.php/Home/Goods/detail/id/2/isbn/HOME_PUBLIC/js/jquery-1.2.6.pack.js
INFO: [ app_init ] --START--
INFO: Run Behavior\BuildLiteBehavior [ RunTime:0.000000s ]
INFO: [ app_init ] --END-- [ RunTime:0.000000s ]
INFO: [ app_begin ] --START--
INFO: Run Behavior\ReadHtmlCacheBehavior [ RunTime:0.001000s ]
INFO: [ app_begin ] --END-- [ RunTime:0.001000s ]
NOTIC: D方法实例化没找到模型类admin\Model\GoodsModel
SQL: SHOW COLUMNS FROM `goods` [ RunTime:0.0030s ]
SQL: SELECT * FROM `goods` WHERE ( id=2 ) LIMIT 1   [ RunTime:0.0000s ]
NOTIC: D方法实例化没找到模型类admin\Model\PicModel
SQL: SHOW COLUMNS FROM `pic` [ RunTime:0.0040s ]
ERR: 1054:Unknown column 'HOME_PUBLIC' in 'where clause'
 [ SQL语句 ] : SELECT * FROM `pic` WHERE ( isbn=HOME_PUBLIC ) 
ERR: 1054:Unknown column 'HOME_PUBLIC' in 'where clause'
 [ SQL语句 ] : SELECT * FROM `pic` WHERE ( isbn=HOME_PUBLIC ) 

[ 2017-04-24T22:39:27+08:00 ] ::1 /book/index.php/Home/Goods/detail/id/2/isbn/HOME_PUBLIC/js/base.js
INFO: [ app_init ] --START--
INFO: Run Behavior\BuildLiteBehavior [ RunTime:0.000000s ]
INFO: [ app_init ] --END-- [ RunTime:0.000000s ]
INFO: [ app_begin ] --START--
INFO: Run Behavior\ReadHtmlCacheBehavior [ RunTime:0.000000s ]
INFO: [ app_begin ] --END-- [ RunTime:0.001000s ]
NOTIC: D方法实例化没找到模型类admin\Model\GoodsModel
SQL: SHOW COLUMNS FROM `goods` [ RunTime:0.0030s ]
SQL: SELECT * FROM `goods` WHERE ( id=2 ) LIMIT 1   [ RunTime:0.0000s ]
NOTIC: D方法实例化没找到模型类admin\Model\PicModel
SQL: SHOW COLUMNS FROM `pic` [ RunTime:0.0040s ]
ERR: 1054:Unknown column 'HOME_PUBLIC' in 'where clause'
 [ SQL语句 ] : SELECT * FROM `pic` WHERE ( isbn=HOME_PUBLIC ) 
ERR: 1054:Unknown column 'HOME_PUBLIC' in 'where clause'
 [ SQL语句 ] : SELECT * FROM `pic` WHERE ( isbn=HOME_PUBLIC ) 

[ 2017-04-24T22:39:27+08:00 ] ::1 /book/index.php/Home/Goods/detail/id/2/isbn/HOME_PUBLIC/js/lib.js
INFO: [ app_init ] --START--
INFO: Run Behavior\BuildLiteBehavior [ RunTime:0.000000s ]
INFO: [ app_init ] --END-- [ RunTime:0.000000s ]
INFO: [ app_begin ] --START--
INFO: Run Behavior\ReadHtmlCacheBehavior [ RunTime:0.001000s ]
INFO: [ app_begin ] --END-- [ RunTime:0.001000s ]
NOTIC: D方法实例化没找到模型类admin\Model\GoodsModel
SQL: SHOW COLUMNS FROM `goods` [ RunTime:0.0030s ]
SQL: SELECT * FROM `goods` WHERE ( id=2 ) LIMIT 1   [ RunTime:0.0000s ]
NOTIC: D方法实例化没找到模型类admin\Model\PicModel
SQL: SHOW COLUMNS FROM `pic` [ RunTime:0.0040s ]
ERR: 1054:Unknown column 'HOME_PUBLIC' in 'where clause'
 [ SQL语句 ] : SELECT * FROM `pic` WHERE ( isbn=HOME_PUBLIC ) 
ERR: 1054:Unknown column 'HOME_PUBLIC' in 'where clause'
 [ SQL语句 ] : SELECT * FROM `pic` WHERE ( isbn=HOME_PUBLIC ) 

[ 2017-04-24T22:39:27+08:00 ] ::1 /book/index.php/Home/Goods/ajaxGetGN/gid/2
INFO: [ app_init ] --START--
INFO: Run Behavior\BuildLiteBehavior [ RunTime:0.000000s ]
INFO: [ app_init ] --END-- [ RunTime:0.001000s ]
INFO: [ app_begin ] --START--
INFO: Run Behavior\ReadHtmlCacheBehavior [ RunTime:0.000000s ]
INFO: [ app_begin ] --END-- [ RunTime:0.001000s ]
ERR: 非法操作:ajaxGetGN

[ 2017-04-24T22:39:27+08:00 ] ::1 /book/index.php/Home/Goods/detail/id/2/isbn/HOME_PUBLIC/js/97zzw.js
INFO: [ app_init ] --START--
INFO: Run Behavior\BuildLiteBehavior [ RunTime:0.000000s ]
INFO: [ app_init ] --END-- [ RunTime:0.000000s ]
INFO: [ app_begin ] --START--
INFO: Run Behavior\ReadHtmlCacheBehavior [ RunTime:0.001000s ]
INFO: [ app_begin ] --END-- [ RunTime:0.001000s ]
NOTIC: D方法实例化没找到模型类admin\Model\GoodsModel
SQL: SHOW COLUMNS FROM `goods` [ RunTime:0.0030s ]
SQL: SELECT * FROM `goods` WHERE ( id=2 ) LIMIT 1   [ RunTime:0.0010s ]
NOTIC: D方法实例化没找到模型类admin\Model\PicModel
SQL: SHOW COLUMNS FROM `pic` [ RunTime:0.0030s ]
ERR: 1054:Unknown column 'HOME_PUBLIC' in 'where clause'
 [ SQL语句 ] : SELECT * FROM `pic` WHERE ( isbn=HOME_PUBLIC ) 
ERR: 1054:Unknown column 'HOME_PUBLIC' in 'where clause'
 [ SQL语句 ] : SELECT * FROM `pic` WHERE ( isbn=HOME_PUBLIC ) 

[ 2017-04-24T22:39:27+08:00 ] ::1 /book/index.php/Home/Index/ajaxChkLogin
INFO: [ app_init ] --START--
INFO: Run Behavior\BuildLiteBehavior [ RunTime:0.000000s ]
INFO: [ app_init ] --END-- [ RunTime:0.000000s ]
INFO: [ app_begin ] --START--
INFO: Run Behavior\ReadHtmlCacheBehavior [ RunTime:0.000000s ]
INFO: [ app_begin ] --END-- [ RunTime:0.000000s ]
ERR: 非法操作:ajaxChkLogin

[ 2017-04-24T23:23:03+08:00 ] ::1 /book/
INFO: [ app_init ] --START--
INFO: Run Behavior\BuildLiteBehavior [ RunTime:0.000000s ]
INFO: [ app_init ] --END-- [ RunTime:0.001000s ]
INFO: [ app_begin ] --START--
INFO: Run Behavior\ReadHtmlCacheBehavior [ RunTime:0.000000s ]
INFO: [ app_begin ] --END-- [ RunTime:0.001000s ]
NOTIC: D方法实例化没找到模型类admin\Model\GoodsModel
SQL: SHOW COLUMNS FROM `goods` [ RunTime:0.0040s ]
SQL: SELECT * FROM `goods`  [ RunTime:0.0010s ]
SQL: SELECT * FROM `goods` WHERE ( cate=2 )  [ RunTime:0.0010s ]
SQL: SELECT * FROM `goods` WHERE ( cate=4 )  [ RunTime:0.0000s ]
SQL: SELECT * FROM `goods` WHERE ( cate=1 )  [ RunTime:0.0000s ]
INFO: [ view_parse ] --START--
INFO: [ template_filter ] --START--
INFO: Run Behavior\ContentReplaceBehavior [ RunTime:0.000000s ]
INFO: [ template_filter ] --END-- [ RunTime:0.001000s ]
NOTIC: [8] Undefined index: userid D:\phpStudy\WWW\book\Application\Runtime\Cache\Home\2a94b8bda04ff446dcedd42276fc99ee.php 第 23 行.
NOTIC: [8] Undefined index: userid D:\phpStudy\WWW\book\Application\Runtime\Cache\Home\2a94b8bda04ff446dcedd42276fc99ee.php 第 26 行.
INFO: Run Behavior\ParseTemplateBehavior [ RunTime:0.015001s ]
INFO: [ view_parse ] --END-- [ RunTime:0.015001s ]
INFO: [ view_filter ] --START--
INFO: Run Behavior\WriteHtmlCacheBehavior [ RunTime:0.000000s ]
INFO: [ view_filter ] --END-- [ RunTime:0.000000s ]
INFO: [ app_end ] --START--
INFO: Run Behavior\ShowPageTraceBehavior [ RunTime:0.000000s ]
INFO: [ app_end ] --END-- [ RunTime:0.001000s ]

[ 2017-04-24T23:23:04+08:00 ] ::1 /book/index.php/Home/Index/ajaxChkLogin
INFO: [ app_init ] --START--
INFO: Run Behavior\BuildLiteBehavior [ RunTime:0.000000s ]
INFO: [ app_init ] --END-- [ RunTime:0.001000s ]
INFO: [ app_begin ] --START--
INFO: Run Behavior\ReadHtmlCacheBehavior [ RunTime:0.001000s ]
INFO: [ app_begin ] --END-- [ RunTime:0.001000s ]
ERR: 非法操作:ajaxChkLogin

[ 2017-04-24T23:23:08+08:00 ] ::1 /book/index.php/Home/Goods/detail/id/4/isbn/2017042052485455.html
INFO: [ app_init ] --START--
INFO: Run Behavior\BuildLiteBehavior [ RunTime:0.000000s ]
INFO: [ app_init ] --END-- [ RunTime:0.000000s ]
INFO: [ app_begin ] --START--
INFO: Run Behavior\ReadHtmlCacheBehavior [ RunTime:0.000000s ]
INFO: [ app_begin ] --END-- [ RunTime:0.000000s ]
NOTIC: D方法实例化没找到模型类admin\Model\GoodsModel
SQL: SHOW COLUMNS FROM `goods` [ RunTime:0.0030s ]
SQL: SELECT * FROM `goods` WHERE ( id=4 ) LIMIT 1   [ RunTime:0.0000s ]
NOTIC: D方法实例化没找到模型类admin\Model\PicModel
SQL: SHOW COLUMNS FROM `pic` [ RunTime:0.0030s ]
SQL: SELECT * FROM `pic` WHERE ( isbn=2017042052485455 )  [ RunTime:0.0000s ]
NOTIC: D方法实例化没找到模型类admin\Model\DescModel
SQL: SHOW COLUMNS FROM `desc` [ RunTime:0.0030s ]
SQL: SELECT * FROM `desc` WHERE ( isbn=2017042052485455 )  [ RunTime:0.0010s ]
INFO: [ view_parse ] --START--
INFO: [ template_filter ] --START--
INFO: Run Behavior\ContentReplaceBehavior [ RunTime:0.000000s ]
INFO: [ template_filter ] --END-- [ RunTime:0.000000s ]
NOTIC: [8] Undefined index: userid D:\phpStudy\WWW\book\Application\Runtime\Cache\Home\795e274f7e0defaaba4ae5ed57f62a8c.php 第 22 行.
NOTIC: [8] Undefined index: userid D:\phpStudy\WWW\book\Application\Runtime\Cache\Home\795e274f7e0defaaba4ae5ed57f62a8c.php 第 25 行.
NOTIC: [8] Use of undefined constant HOME_PUBLIC - assumed 'HOME_PUBLIC' D:\phpStudy\WWW\book\Application\Runtime\Cache\Home\795e274f7e0defaaba4ae5ed57f62a8c.php 第 63 行.
NOTIC: [8] Use of undefined constant HOME_PUBLIC - assumed 'HOME_PUBLIC' D:\phpStudy\WWW\book\Application\Runtime\Cache\Home\795e274f7e0defaaba4ae5ed57f62a8c.php 第 64 行.
NOTIC: [8] Use of undefined constant HOME_PUBLIC - assumed 'HOME_PUBLIC' D:\phpStudy\WWW\book\Application\Runtime\Cache\Home\795e274f7e0defaaba4ae5ed57f62a8c.php 第 65 行.
NOTIC: [8] Use of undefined constant HOME_PUBLIC - assumed 'HOME_PUBLIC' D:\phpStudy\WWW\book\Application\Runtime\Cache\Home\795e274f7e0defaaba4ae5ed57f62a8c.php 第 67 行.
NOTIC: [8] Use of undefined constant HOME_PUBLIC - assumed 'HOME_PUBLIC' D:\phpStudy\WWW\book\Application\Runtime\Cache\Home\795e274f7e0defaaba4ae5ed57f62a8c.php 第 68 行.
NOTIC: [8] Undefined variable: picb D:\phpStudy\WWW\book\Application\Runtime\Cache\Home\795e274f7e0defaaba4ae5ed57f62a8c.php 第 74 行.
NOTIC: [8] Undefined index: userid D:\phpStudy\WWW\book\Application\Runtime\Cache\Home\795e274f7e0defaaba4ae5ed57f62a8c.php 第 93 行.
NOTIC: [8] Undefined variable: comment D:\phpStudy\WWW\book\Application\Runtime\Cache\Home\795e274f7e0defaaba4ae5ed57f62a8c.php 第 148 行.
NOTIC: [8] Use of undefined constant HOME_PUBLIC - assumed 'HOME_PUBLIC' D:\phpStudy\WWW\book\Application\Runtime\Cache\Home\795e274f7e0defaaba4ae5ed57f62a8c.php 第 249 行.
NOTIC: [8] Use of undefined constant HOME_PUBLIC - assumed 'HOME_PUBLIC' D:\phpStudy\WWW\book\Application\Runtime\Cache\Home\795e274f7e0defaaba4ae5ed57f62a8c.php 第 250 行.
INFO: Run Behavior\ParseTemplateBehavior [ RunTime:0.012001s ]
INFO: [ view_parse ] --END-- [ RunTime:0.012001s ]
INFO: [ view_filter ] --START--
INFO: Run Behavior\WriteHtmlCacheBehavior [ RunTime:0.001000s ]
INFO: [ view_filter ] --END-- [ RunTime:0.001000s ]
INFO: [ app_end ] --START--
INFO: Run Behavior\ShowPageTraceBehavior [ RunTime:0.000000s ]
INFO: [ app_end ] --END-- [ RunTime:0.000000s ]

[ 2017-04-24T23:23:08+08:00 ] ::1 /book/index.php/Home/Goods/detail/id/4/isbn/HOME_PUBLIC/css/style.css
INFO: [ app_init ] --START--
INFO: Run Behavior\BuildLiteBehavior [ RunTime:0.000000s ]
INFO: [ app_init ] --END-- [ RunTime:0.000000s ]
INFO: [ app_begin ] --START--
INFO: Run Behavior\ReadHtmlCacheBehavior [ RunTime:0.001000s ]
INFO: [ app_begin ] --END-- [ RunTime:0.001000s ]
NOTIC: D方法实例化没找到模型类admin\Model\GoodsModel
SQL: SHOW COLUMNS FROM `goods` [ RunTime:0.0030s ]
SQL: SELECT * FROM `goods` WHERE ( id=4 ) LIMIT 1   [ RunTime:0.0000s ]
NOTIC: D方法实例化没找到模型类admin\Model\PicModel
SQL: SHOW COLUMNS FROM `pic` [ RunTime:0.0030s ]
ERR: 1054:Unknown column 'HOME_PUBLIC' in 'where clause'
 [ SQL语句 ] : SELECT * FROM `pic` WHERE ( isbn=HOME_PUBLIC ) 
ERR: 1054:Unknown column 'HOME_PUBLIC' in 'where clause'
 [ SQL语句 ] : SELECT * FROM `pic` WHERE ( isbn=HOME_PUBLIC ) 

[ 2017-04-24T23:23:08+08:00 ] ::1 /book/index.php/Home/Goods/detail/id/4/isbn/HOME_PUBLIC/js/jquery-1.4.2.min.js
INFO: [ app_init ] --START--
INFO: Run Behavior\BuildLiteBehavior [ RunTime:0.000000s ]
INFO: [ app_init ] --END-- [ RunTime:0.000000s ]
INFO: [ app_begin ] --START--
INFO: Run Behavior\ReadHtmlCacheBehavior [ RunTime:0.000000s ]
INFO: [ app_begin ] --END-- [ RunTime:0.000000s ]
NOTIC: D方法实例化没找到模型类admin\Model\GoodsModel
SQL: SHOW COLUMNS FROM `goods` [ RunTime:0.0040s ]
SQL: SELECT * FROM `goods` WHERE ( id=4 ) LIMIT 1   [ RunTime:0.0000s ]
NOTIC: D方法实例化没找到模型类admin\Model\PicModel
SQL: SHOW COLUMNS FROM `pic` [ RunTime:0.0050s ]
ERR: 1054:Unknown column 'HOME_PUBLIC' in 'where clause'
 [ SQL语句 ] : SELECT * FROM `pic` WHERE ( isbn=HOME_PUBLIC ) 
ERR: 1054:Unknown column 'HOME_PUBLIC' in 'where clause'
 [ SQL语句 ] : SELECT * FROM `pic` WHERE ( isbn=HOME_PUBLIC ) 

[ 2017-04-24T23:23:08+08:00 ] ::1 /book/index.php/Home/Goods/detail/id/4/isbn/HOME_PUBLIC/js/jquery-1.2.6.pack.js
INFO: [ app_init ] --START--
INFO: Run Behavior\BuildLiteBehavior [ RunTime:0.000000s ]
INFO: [ app_init ] --END-- [ RunTime:0.000000s ]
INFO: [ app_begin ] --START--
INFO: Run Behavior\ReadHtmlCacheBehavior [ RunTime:0.000000s ]
INFO: [ app_begin ] --END-- [ RunTime:0.000000s ]
NOTIC: D方法实例化没找到模型类admin\Model\GoodsModel
SQL: SHOW COLUMNS FROM `goods` [ RunTime:0.0030s ]
SQL: SELECT * FROM `goods` WHERE ( id=4 ) LIMIT 1   [ RunTime:0.0010s ]
NOTIC: D方法实例化没找到模型类admin\Model\PicModel
SQL: SHOW COLUMNS FROM `pic` [ RunTime:0.0030s ]
ERR: 1054:Unknown column 'HOME_PUBLIC' in 'where clause'
 [ SQL语句 ] : SELECT * FROM `pic` WHERE ( isbn=HOME_PUBLIC ) 
ERR: 1054:Unknown column 'HOME_PUBLIC' in 'where clause'
 [ SQL语句 ] : SELECT * FROM `pic` WHERE ( isbn=HOME_PUBLIC ) 

[ 2017-04-24T23:23:08+08:00 ] ::1 /book/index.php/Home/Goods/detail/id/4/isbn/HOME_PUBLIC/js/base.js
INFO: [ app_init ] --START--
INFO: Run Behavior\BuildLiteBehavior [ RunTime:0.000000s ]
INFO: [ app_init ] --END-- [ RunTime:0.000000s ]
INFO: [ app_begin ] --START--
INFO: Run Behavior\ReadHtmlCacheBehavior [ RunTime:0.000000s ]
INFO: [ app_begin ] --END-- [ RunTime:0.000000s ]
NOTIC: D方法实例化没找到模型类admin\Model\GoodsModel
SQL: SHOW COLUMNS FROM `goods` [ RunTime:0.0040s ]
SQL: SELECT * FROM `goods` WHERE ( id=4 ) LIMIT 1   [ RunTime:0.0000s ]
NOTIC: D方法实例化没找到模型类admin\Model\PicModel
SQL: SHOW COLUMNS FROM `pic` [ RunTime:0.0050s ]
ERR: 1054:Unknown column 'HOME_PUBLIC' in 'where clause'
 [ SQL语句 ] : SELECT * FROM `pic` WHERE ( isbn=HOME_PUBLIC ) 
ERR: 1054:Unknown column 'HOME_PUBLIC' in 'where clause'
 [ SQL语句 ] : SELECT * FROM `pic` WHERE ( isbn=HOME_PUBLIC ) 

[ 2017-04-24T23:23:08+08:00 ] ::1 /book/index.php/Home/Goods/detail/id/4/isbn/HOME_PUBLIC/js/lib.js
INFO: [ app_init ] --START--
INFO: Run Behavior\BuildLiteBehavior [ RunTime:0.000000s ]
INFO: [ app_init ] --END-- [ RunTime:0.000000s ]
INFO: [ app_begin ] --START--
INFO: Run Behavior\ReadHtmlCacheBehavior [ RunTime:0.001000s ]
INFO: [ app_begin ] --END-- [ RunTime:0.001000s ]
NOTIC: D方法实例化没找到模型类admin\Model\GoodsModel
SQL: SHOW COLUMNS FROM `goods` [ RunTime:0.0040s ]
SQL: SELECT * FROM `goods` WHERE ( id=4 ) LIMIT 1   [ RunTime:0.0000s ]
NOTIC: D方法实例化没找到模型类admin\Model\PicModel
SQL: SHOW COLUMNS FROM `pic` [ RunTime:0.0030s ]
ERR: 1054:Unknown column 'HOME_PUBLIC' in 'where clause'
 [ SQL语句 ] : SELECT * FROM `pic` WHERE ( isbn=HOME_PUBLIC ) 
ERR: 1054:Unknown column 'HOME_PUBLIC' in 'where clause'
 [ SQL语句 ] : SELECT * FROM `pic` WHERE ( isbn=HOME_PUBLIC ) 

[ 2017-04-24T23:23:08+08:00 ] ::1 /book/index.php/Home/Goods/detail/id/4/isbn/HOME_PUBLIC/js/97zzw.js
INFO: [ app_init ] --START--
INFO: Run Behavior\BuildLiteBehavior [ RunTime:0.000000s ]
INFO: [ app_init ] --END-- [ RunTime:0.000000s ]
INFO: [ app_begin ] --START--
INFO: Run Behavior\ReadHtmlCacheBehavior [ RunTime:0.000000s ]
INFO: [ app_begin ] --END-- [ RunTime:0.001000s ]
NOTIC: D方法实例化没找到模型类admin\Model\GoodsModel
SQL: SHOW COLUMNS FROM `goods` [ RunTime:0.0050s ]
SQL: SELECT * FROM `goods` WHERE ( id=4 ) LIMIT 1   [ RunTime:0.0000s ]
NOTIC: D方法实例化没找到模型类admin\Model\PicModel
SQL: SHOW COLUMNS FROM `pic` [ RunTime:0.0040s ]
ERR: 1054:Unknown column 'HOME_PUBLIC' in 'where clause'
 [ SQL语句 ] : SELECT * FROM `pic` WHERE ( isbn=HOME_PUBLIC ) 
ERR: 1054:Unknown column 'HOME_PUBLIC' in 'where clause'
 [ SQL语句 ] : SELECT * FROM `pic` WHERE ( isbn=HOME_PUBLIC ) 

[ 2017-04-24T23:23:09+08:00 ] ::1 /book/index.php/Home/Goods/detail/id/4/isbn/HOME_PUBLIC/css/css.css
INFO: [ app_init ] --START--
INFO: Run Behavior\BuildLiteBehavior [ RunTime:0.000000s ]
INFO: [ app_init ] --END-- [ RunTime:0.000000s ]
INFO: [ app_begin ] --START--
INFO: Run Behavior\ReadHtmlCacheBehavior [ RunTime:0.001001s ]
INFO: [ app_begin ] --END-- [ RunTime:0.001001s ]
NOTIC: D方法实例化没找到模型类admin\Model\GoodsModel
SQL: SHOW COLUMNS FROM `goods` [ RunTime:0.0040s ]
SQL: SELECT * FROM `goods` WHERE ( id=4 ) LIMIT 1   [ RunTime:0.0020s ]
NOTIC: D方法实例化没找到模型类admin\Model\PicModel
SQL: SHOW COLUMNS FROM `pic` [ RunTime:0.0030s ]
ERR: 1054:Unknown column 'HOME_PUBLIC' in 'where clause'
 [ SQL语句 ] : SELECT * FROM `pic` WHERE ( isbn=HOME_PUBLIC ) 
ERR: 1054:Unknown column 'HOME_PUBLIC' in 'where clause'
 [ SQL语句 ] : SELECT * FROM `pic` WHERE ( isbn=HOME_PUBLIC ) 

[ 2017-04-24T23:23:09+08:00 ] ::1 /book/index.php/Home/Goods/detail/id/4/isbn/HOME_PUBLIC/js/jquery-1.2.6.pack.js
INFO: [ app_init ] --START--
INFO: Run Behavior\BuildLiteBehavior [ RunTime:0.000000s ]
INFO: [ app_init ] --END-- [ RunTime:0.001000s ]
INFO: [ app_begin ] --START--
INFO: Run Behavior\ReadHtmlCacheBehavior [ RunTime:0.001000s ]
INFO: [ app_begin ] --END-- [ RunTime:0.001000s ]
NOTIC: D方法实例化没找到模型类admin\Model\GoodsModel
SQL: SHOW COLUMNS FROM `goods` [ RunTime:0.0050s ]
SQL: SELECT * FROM `goods` WHERE ( id=4 ) LIMIT 1   [ RunTime:0.0010s ]
NOTIC: D方法实例化没找到模型类admin\Model\PicModel
SQL: SHOW COLUMNS FROM `pic` [ RunTime:0.0030s ]
ERR: 1054:Unknown column 'HOME_PUBLIC' in 'where clause'
 [ SQL语句 ] : SELECT * FROM `pic` WHERE ( isbn=HOME_PUBLIC ) 
ERR: 1054:Unknown column 'HOME_PUBLIC' in 'where clause'
 [ SQL语句 ] : SELECT * FROM `pic` WHERE ( isbn=HOME_PUBLIC ) 

[ 2017-04-24T23:23:09+08:00 ] ::1 /book/index.php/Home/Goods/detail/id/4/isbn/HOME_PUBLIC/js/base.js
INFO: [ app_init ] --START--
INFO: Run Behavior\BuildLiteBehavior [ RunTime:0.000000s ]
INFO: [ app_init ] --END-- [ RunTime:0.001000s ]
INFO: [ app_begin ] --START--
INFO: Run Behavior\ReadHtmlCacheBehavior [ RunTime:0.000000s ]
INFO: [ app_begin ] --END-- [ RunTime:0.001000s ]
NOTIC: D方法实例化没找到模型类admin\Model\GoodsModel
SQL: SHOW COLUMNS FROM `goods` [ RunTime:0.0030s ]
SQL: SELECT * FROM `goods` WHERE ( id=4 ) LIMIT 1   [ RunTime:0.0000s ]
NOTIC: D方法实例化没找到模型类admin\Model\PicModel
SQL: SHOW COLUMNS FROM `pic` [ RunTime:0.0030s ]
ERR: 1054:Unknown column 'HOME_PUBLIC' in 'where clause'
 [ SQL语句 ] : SELECT * FROM `pic` WHERE ( isbn=HOME_PUBLIC ) 
ERR: 1054:Unknown column 'HOME_PUBLIC' in 'where clause'
 [ SQL语句 ] : SELECT * FROM `pic` WHERE ( isbn=HOME_PUBLIC ) 

[ 2017-04-24T23:23:09+08:00 ] ::1 /book/index.php/Home/Goods/ajaxGetGN/gid/4
INFO: [ app_init ] --START--
INFO: Run Behavior\BuildLiteBehavior [ RunTime:0.000000s ]
INFO: [ app_init ] --END-- [ RunTime:0.001000s ]
INFO: [ app_begin ] --START--
INFO: Run Behavior\ReadHtmlCacheBehavior [ RunTime:0.000000s ]
INFO: [ app_begin ] --END-- [ RunTime:0.000000s ]
ERR: 非法操作:ajaxGetGN

[ 2017-04-24T23:23:10+08:00 ] ::1 /book/index.php/Home/Goods/detail/id/4/isbn/HOME_PUBLIC/js/lib.js
INFO: [ app_init ] --START--
INFO: Run Behavior\BuildLiteBehavior [ RunTime:0.000000s ]
INFO: [ app_init ] --END-- [ RunTime:0.000000s ]
INFO: [ app_begin ] --START--
INFO: Run Behavior\ReadHtmlCacheBehavior [ RunTime:0.000000s ]
INFO: [ app_begin ] --END-- [ RunTime:0.000000s ]
NOTIC: D方法实例化没找到模型类admin\Model\GoodsModel
SQL: SHOW COLUMNS FROM `goods` [ RunTime:0.0040s ]
SQL: SELECT * FROM `goods` WHERE ( id=4 ) LIMIT 1   [ RunTime:0.0000s ]
NOTIC: D方法实例化没找到模型类admin\Model\PicModel
SQL: SHOW COLUMNS FROM `pic` [ RunTime:0.0030s ]
ERR: 1054:Unknown column 'HOME_PUBLIC' in 'where clause'
 [ SQL语句 ] : SELECT * FROM `pic` WHERE ( isbn=HOME_PUBLIC ) 
ERR: 1054:Unknown column 'HOME_PUBLIC' in 'where clause'
 [ SQL语句 ] : SELECT * FROM `pic` WHERE ( isbn=HOME_PUBLIC ) 

[ 2017-04-24T23:23:10+08:00 ] ::1 /book/index.php/Home/Goods/detail/id/4/isbn/HOME_PUBLIC/js/97zzw.js
INFO: [ app_init ] --START--
INFO: Run Behavior\BuildLiteBehavior [ RunTime:0.000000s ]
INFO: [ app_init ] --END-- [ RunTime:0.000000s ]
INFO: [ app_begin ] --START--
INFO: Run Behavior\ReadHtmlCacheBehavior [ RunTime:0.000000s ]
INFO: [ app_begin ] --END-- [ RunTime:0.000000s ]
NOTIC: D方法实例化没找到模型类admin\Model\GoodsModel
SQL: SHOW COLUMNS FROM `goods` [ RunTime:0.0040s ]
SQL: SELECT * FROM `goods` WHERE ( id=4 ) LIMIT 1   [ RunTime:0.0010s ]
NOTIC: D方法实例化没找到模型类admin\Model\PicModel
SQL: SHOW COLUMNS FROM `pic` [ RunTime:0.0030s ]
ERR: 1054:Unknown column 'HOME_PUBLIC' in 'where clause'
 [ SQL语句 ] : SELECT * FROM `pic` WHERE ( isbn=HOME_PUBLIC ) 
ERR: 1054:Unknown column 'HOME_PUBLIC' in 'where clause'
 [ SQL语句 ] : SELECT * FROM `pic` WHERE ( isbn=HOME_PUBLIC ) 

[ 2017-04-24T23:23:10+08:00 ] ::1 /book/index.php/Home/Index/ajaxChkLogin
INFO: [ app_init ] --START--
INFO: Run Behavior\BuildLiteBehavior [ RunTime:0.000000s ]
INFO: [ app_init ] --END-- [ RunTime:0.001000s ]
INFO: [ app_begin ] --START--
INFO: Run Behavior\ReadHtmlCacheBehavior [ RunTime:0.001000s ]
INFO: [ app_begin ] --END-- [ RunTime:0.001000s ]
ERR: 非法操作:ajaxChkLogin

[ 2017-04-24T23:23:13+08:00 ] ::1 /book/index.php/Home/Goods/detail/id/4/isbn/HOME_PUBLIC/css/css.css
INFO: [ app_init ] --START--
INFO: Run Behavior\BuildLiteBehavior [ RunTime:0.000000s ]
INFO: [ app_init ] --END-- [ RunTime:0.000000s ]
INFO: [ app_begin ] --START--
INFO: Run Behavior\ReadHtmlCacheBehavior [ RunTime:0.001001s ]
INFO: [ app_begin ] --END-- [ RunTime:0.001001s ]
NOTIC: D方法实例化没找到模型类admin\Model\GoodsModel
SQL: SHOW COLUMNS FROM `goods` [ RunTime:0.0040s ]
SQL: SELECT * FROM `goods` WHERE ( id=4 ) LIMIT 1   [ RunTime:0.0000s ]
NOTIC: D方法实例化没找到模型类admin\Model\PicModel
SQL: SHOW COLUMNS FROM `pic` [ RunTime:0.0050s ]
ERR: 1054:Unknown column 'HOME_PUBLIC' in 'where clause'
 [ SQL语句 ] : SELECT * FROM `pic` WHERE ( isbn=HOME_PUBLIC ) 
ERR: 1054:Unknown column 'HOME_PUBLIC' in 'where clause'
 [ SQL语句 ] : SELECT * FROM `pic` WHERE ( isbn=HOME_PUBLIC ) 

[ 2017-04-24T23:23:14+08:00 ] ::1 /book/index.php/Home/Goods/detail/id/4/isbn/HOME_PUBLIC/css/style.css
INFO: [ app_init ] --START--
INFO: Run Behavior\BuildLiteBehavior [ RunTime:0.000000s ]
INFO: [ app_init ] --END-- [ RunTime:0.001001s ]
INFO: [ app_begin ] --START--
INFO: Run Behavior\ReadHtmlCacheBehavior [ RunTime:0.001000s ]
INFO: [ app_begin ] --END-- [ RunTime:0.001000s ]
NOTIC: D方法实例化没找到模型类admin\Model\GoodsModel
SQL: SHOW COLUMNS FROM `goods` [ RunTime:0.0040s ]
SQL: SELECT * FROM `goods` WHERE ( id=4 ) LIMIT 1   [ RunTime:0.0000s ]
NOTIC: D方法实例化没找到模型类admin\Model\PicModel
SQL: SHOW COLUMNS FROM `pic` [ RunTime:0.0030s ]
ERR: 1054:Unknown column 'HOME_PUBLIC' in 'where clause'
 [ SQL语句 ] : SELECT * FROM `pic` WHERE ( isbn=HOME_PUBLIC ) 
ERR: 1054:Unknown column 'HOME_PUBLIC' in 'where clause'
 [ SQL语句 ] : SELECT * FROM `pic` WHERE ( isbn=HOME_PUBLIC ) 

