[ 2017-05-20T11:18:17+08:00 ] ::1 /book/
INFO: [ app_init ] --START--
INFO: Run Behavior\BuildLiteBehavior [ RunTime:0.001000s ]
INFO: [ app_init ] --END-- [ RunTime:0.001000s ]
INFO: [ app_begin ] --START--
INFO: Run Behavior\ReadHtmlCacheBehavior [ RunTime:0.001000s ]
INFO: [ app_begin ] --END-- [ RunTime:0.001000s ]
NOTIC: D方法实例化没找到模型类admin\Model\CateModel
SQL: SHOW COLUMNS FROM `cate` [ RunTime:0.0030s ]
SQL: SELECT * FROM `cate` WHERE ( p_id=0 )  [ RunTime:0.0000s ]
NOTIC: D方法实例化没找到模型类admin\Model\GoodsModel
SQL: SHOW COLUMNS FROM `goods` [ RunTime:0.0020s ]
SQL: SELECT * FROM `goods` WHERE ( is_hot=1 )  [ RunTime:0.0000s ]
SQL: SELECT * FROM `goods` WHERE ( cate=2 )  [ RunTime:0.0000s ]
SQL: SELECT * FROM `goods` WHERE ( cate=4 )  [ RunTime:0.0010s ]
SQL: SELECT * FROM `goods` WHERE ( cate=1 )  [ RunTime:0.0000s ]
INFO: [ view_parse ] --START--
INFO: [ template_filter ] --START--
INFO: Run Behavior\ContentReplaceBehavior [ RunTime:0.000000s ]
INFO: [ template_filter ] --END-- [ RunTime:0.000000s ]
NOTIC: [8] Undefined index: userid D:\phpStudy\WWW\book\Application\Runtime\Cache\Home\2a94b8bda04ff446dcedd42276fc99ee.php 第 23 行.
NOTIC: [8] Undefined index: userid D:\phpStudy\WWW\book\Application\Runtime\Cache\Home\2a94b8bda04ff446dcedd42276fc99ee.php 第 26 行.
INFO: Run Behavior\ParseTemplateBehavior [ RunTime:0.018001s ]
INFO: [ view_parse ] --END-- [ RunTime:0.018001s ]
INFO: [ view_filter ] --START--
INFO: Run Behavior\WriteHtmlCacheBehavior [ RunTime:0.001001s ]
INFO: [ view_filter ] --END-- [ RunTime:0.001001s ]
INFO: [ app_end ] --START--
INFO: Run Behavior\ShowPageTraceBehavior [ RunTime:0.000000s ]
INFO: [ app_end ] --END-- [ RunTime:0.000000s ]

[ 2017-05-20T11:18:19+08:00 ] ::1 /book/index.php/Home/User/login.html
INFO: [ app_init ] --START--
INFO: Run Behavior\BuildLiteBehavior [ RunTime:0.000000s ]
INFO: [ app_init ] --END-- [ RunTime:0.000000s ]
INFO: [ app_begin ] --START--
INFO: Run Behavior\ReadHtmlCacheBehavior [ RunTime:0.001000s ]
INFO: [ app_begin ] --END-- [ RunTime:0.002000s ]
NOTIC: D方法实例化没找到模型类admin\Model\CateModel
SQL: SHOW COLUMNS FROM `cate` [ RunTime:0.0030s ]
SQL: SELECT * FROM `cate` WHERE ( p_id=0 )  [ RunTime:0.0000s ]
INFO: [ view_parse ] --START--
INFO: [ template_filter ] --START--
INFO: Run Behavior\ContentReplaceBehavior [ RunTime:0.000000s ]
INFO: [ template_filter ] --END-- [ RunTime:0.000000s ]
INFO: Run Behavior\ParseTemplateBehavior [ RunTime:0.004000s ]
INFO: [ view_parse ] --END-- [ RunTime:0.005001s ]
INFO: [ view_filter ] --START--
INFO: Run Behavior\WriteHtmlCacheBehavior [ RunTime:0.000000s ]
INFO: [ view_filter ] --END-- [ RunTime:0.000000s ]
INFO: [ app_end ] --START--
INFO: Run Behavior\ShowPageTraceBehavior [ RunTime:0.000000s ]
INFO: [ app_end ] --END-- [ RunTime:0.000000s ]

[ 2017-05-20T11:18:19+08:00 ] ::1 /book/index.php/home/user/verify.html
INFO: [ app_init ] --START--
INFO: Run Behavior\BuildLiteBehavior [ RunTime:0.000000s ]
INFO: [ app_init ] --END-- [ RunTime:0.001000s ]
INFO: [ app_begin ] --START--
INFO: Run Behavior\ReadHtmlCacheBehavior [ RunTime:0.001001s ]
INFO: [ app_begin ] --END-- [ RunTime:0.001001s ]
NOTIC: D方法实例化没找到模型类admin\Model\CateModel
SQL: SHOW COLUMNS FROM `cate` [ RunTime:0.0030s ]
SQL: SELECT * FROM `cate` WHERE ( p_id=0 )  [ RunTime:0.0000s ]
INFO: [ app_end ] --START--
INFO: Run Behavior\ShowPageTraceBehavior [ RunTime:0.001000s ]
INFO: [ app_end ] --END-- [ RunTime:0.001000s ]

[ 2017-05-20T11:18:32+08:00 ] ::1 /book/index.php/home/user/login.html
INFO: [ app_init ] --START--
INFO: Run Behavior\BuildLiteBehavior [ RunTime:0.000000s ]
INFO: [ app_init ] --END-- [ RunTime:0.001000s ]
INFO: [ app_begin ] --START--
INFO: Run Behavior\ReadHtmlCacheBehavior [ RunTime:0.000000s ]
INFO: [ app_begin ] --END-- [ RunTime:0.000000s ]
NOTIC: D方法实例化没找到模型类admin\Model\CateModel
SQL: SHOW COLUMNS FROM `cate` [ RunTime:0.0020s ]
SQL: SELECT * FROM `cate` WHERE ( p_id=0 )  [ RunTime:0.0000s ]
SQL: SHOW COLUMNS FROM `user` [ RunTime:0.0030s ]
SQL: SELECT * FROM `user` WHERE `username` = 'liuwei' LIMIT 1   [ RunTime:0.0000s ]

[ 2017-05-20T11:18:33+08:00 ] ::1 /book/index.php/home/index/index.html
INFO: [ app_init ] --START--
INFO: Run Behavior\BuildLiteBehavior [ RunTime:0.000000s ]
INFO: [ app_init ] --END-- [ RunTime:0.000000s ]
INFO: [ app_begin ] --START--
INFO: Run Behavior\ReadHtmlCacheBehavior [ RunTime:0.001000s ]
INFO: [ app_begin ] --END-- [ RunTime:0.001000s ]
NOTIC: D方法实例化没找到模型类admin\Model\CateModel
SQL: SHOW COLUMNS FROM `cate` [ RunTime:0.0030s ]
SQL: SELECT * FROM `cate` WHERE ( p_id=0 )  [ RunTime:0.0010s ]
NOTIC: D方法实例化没找到模型类admin\Model\GoodsModel
SQL: SHOW COLUMNS FROM `goods` [ RunTime:0.0030s ]
SQL: SELECT * FROM `goods` WHERE ( is_hot=1 )  [ RunTime:0.0010s ]
SQL: SELECT * FROM `goods` WHERE ( cate=2 )  [ RunTime:0.0000s ]
SQL: SELECT * FROM `goods` WHERE ( cate=4 )  [ RunTime:0.0000s ]
SQL: SELECT * FROM `goods` WHERE ( cate=1 )  [ RunTime:0.0000s ]
INFO: [ view_parse ] --START--
INFO: [ template_filter ] --START--
INFO: Run Behavior\ContentReplaceBehavior [ RunTime:0.000000s ]
INFO: [ template_filter ] --END-- [ RunTime:0.000000s ]
INFO: Run Behavior\ParseTemplateBehavior [ RunTime:0.011000s ]
INFO: [ view_parse ] --END-- [ RunTime:0.011000s ]
INFO: [ view_filter ] --START--
INFO: Run Behavior\WriteHtmlCacheBehavior [ RunTime:0.000000s ]
INFO: [ view_filter ] --END-- [ RunTime:0.000000s ]
INFO: [ app_end ] --START--
INFO: Run Behavior\ShowPageTraceBehavior [ RunTime:0.001000s ]
INFO: [ app_end ] --END-- [ RunTime:0.001000s ]

[ 2017-05-20T11:18:36+08:00 ] ::1 /book/index.php/home/cart/lst.html
INFO: [ app_init ] --START--
INFO: Run Behavior\BuildLiteBehavior [ RunTime:0.000000s ]
INFO: [ app_init ] --END-- [ RunTime:0.001000s ]
INFO: [ app_begin ] --START--
INFO: Run Behavior\ReadHtmlCacheBehavior [ RunTime:0.001000s ]
INFO: [ app_begin ] --END-- [ RunTime:0.001000s ]
NOTIC: D方法实例化没找到模型类admin\Model\CateModel
SQL: SHOW COLUMNS FROM `cate` [ RunTime:0.0040s ]
SQL: SELECT * FROM `cate` WHERE ( p_id=0 )  [ RunTime:0.0010s ]
NOTIC: [8] Undefined offset: 7 D:\phpStudy\WWW\book\Application\Home\Tool\AddTool.class.php 第 195 行.
NOTIC: [2] Invalid argument supplied for foreach() D:\phpStudy\WWW\book\Application\Home\Tool\AddTool.class.php 第 195 行.
SQL: SHOW COLUMNS FROM `cart` [ RunTime:0.0050s ]
SQL: SELECT * FROM `cart` WHERE ( userid=7 )  [ RunTime:0.0000s ]
INFO: [ view_parse ] --START--
INFO: [ template_filter ] --START--
INFO: Run Behavior\ContentReplaceBehavior [ RunTime:0.000000s ]
INFO: [ template_filter ] --END-- [ RunTime:0.000000s ]
INFO: Run Behavior\ParseTemplateBehavior [ RunTime:0.011000s ]
INFO: [ view_parse ] --END-- [ RunTime:0.011000s ]
INFO: [ view_filter ] --START--
INFO: Run Behavior\WriteHtmlCacheBehavior [ RunTime:0.000000s ]
INFO: [ view_filter ] --END-- [ RunTime:0.000000s ]
INFO: [ app_end ] --START--
INFO: Run Behavior\ShowPageTraceBehavior [ RunTime:0.001000s ]
INFO: [ app_end ] --END-- [ RunTime:0.001000s ]

[ 2017-05-20T11:18:36+08:00 ] ::1 /book/index.php/home/cart/layer.css
INFO: [ app_init ] --START--
INFO: Run Behavior\BuildLiteBehavior [ RunTime:0.000000s ]
INFO: [ app_init ] --END-- [ RunTime:0.001000s ]
INFO: [ app_begin ] --START--
INFO: Run Behavior\ReadHtmlCacheBehavior [ RunTime:0.000000s ]
INFO: [ app_begin ] --END-- [ RunTime:0.000000s ]
NOTIC: D方法实例化没找到模型类admin\Model\CateModel
SQL: SHOW COLUMNS FROM `cate` [ RunTime:0.0030s ]
SQL: SELECT * FROM `cate` WHERE ( p_id=0 )  [ RunTime:0.0000s ]
ERR: 非法操作:layer.css

[ 2017-05-20T11:18:36+08:00 ] ::1 /book/index.php/home/cart/layer.css
INFO: [ app_init ] --START--
INFO: Run Behavior\BuildLiteBehavior [ RunTime:0.000000s ]
INFO: [ app_init ] --END-- [ RunTime:0.000000s ]
INFO: [ app_begin ] --START--
INFO: Run Behavior\ReadHtmlCacheBehavior [ RunTime:0.000000s ]
INFO: [ app_begin ] --END-- [ RunTime:0.000000s ]
NOTIC: D方法实例化没找到模型类admin\Model\CateModel
SQL: SHOW COLUMNS FROM `cate` [ RunTime:0.0030s ]
SQL: SELECT * FROM `cate` WHERE ( p_id=0 )  [ RunTime:0.0000s ]
ERR: 非法操作:layer.css

[ 2017-05-20T11:18:38+08:00 ] ::1 /book/index.php/Home/buy/submit.html
INFO: [ app_init ] --START--
INFO: Run Behavior\BuildLiteBehavior [ RunTime:0.000000s ]
INFO: [ app_init ] --END-- [ RunTime:0.001000s ]
INFO: [ app_begin ] --START--
INFO: Run Behavior\ReadHtmlCacheBehavior [ RunTime:0.000000s ]
INFO: [ app_begin ] --END-- [ RunTime:0.000000s ]
NOTIC: D方法实例化没找到模型类admin\Model\CateModel
SQL: SHOW COLUMNS FROM `cate` [ RunTime:0.0030s ]
SQL: SELECT * FROM `cate` WHERE ( p_id=0 )  [ RunTime:0.0000s ]
SQL: SHOW COLUMNS FROM `address` [ RunTime:0.0030s ]
SQL: SELECT * FROM `address` WHERE ( userid=7 and status=1 ) LIMIT 1   [ RunTime:0.0000s ]
SQL: SHOW COLUMNS FROM `post` [ RunTime:0.0030s ]
SQL: SELECT * FROM `post`  [ RunTime:0.0000s ]
SQL: SHOW COLUMNS FROM `cart` [ RunTime:0.0040s ]
SQL: SELECT * FROM `cart` WHERE `id` IN ('5')  [ RunTime:0.0000s ]
INFO: [ view_parse ] --START--
INFO: [ template_filter ] --START--
INFO: Run Behavior\ContentReplaceBehavior [ RunTime:0.000000s ]
INFO: [ template_filter ] --END-- [ RunTime:0.000000s ]
NOTIC: [8] Undefined variable: addrTag D:\phpStudy\WWW\book\Application\Runtime\Cache\Home\6f47fa21efcdc38a0eaf7d6239d5e098.php 第 139 行.
INFO: Run Behavior\ParseTemplateBehavior [ RunTime:0.010000s ]
INFO: [ view_parse ] --END-- [ RunTime:0.010000s ]
INFO: [ view_filter ] --START--
INFO: Run Behavior\WriteHtmlCacheBehavior [ RunTime:0.000000s ]
INFO: [ view_filter ] --END-- [ RunTime:0.000000s ]
INFO: [ app_end ] --START--
INFO: Run Behavior\ShowPageTraceBehavior [ RunTime:0.000000s ]
INFO: [ app_end ] --END-- [ RunTime:0.001000s ]

[ 2017-05-20T11:18:41+08:00 ] ::1 /book/index.php/home/cart/addorder.html
INFO: [ app_init ] --START--
INFO: Run Behavior\BuildLiteBehavior [ RunTime:0.000000s ]
INFO: [ app_init ] --END-- [ RunTime:0.000000s ]
INFO: [ app_begin ] --START--
INFO: Run Behavior\ReadHtmlCacheBehavior [ RunTime:0.000000s ]
INFO: [ app_begin ] --END-- [ RunTime:0.000000s ]
NOTIC: D方法实例化没找到模型类admin\Model\CateModel
SQL: SHOW COLUMNS FROM `cate` [ RunTime:0.0040s ]
SQL: SELECT * FROM `cate` WHERE ( p_id=0 )  [ RunTime:0.0010s ]
NOTIC: D方法实例化没找到模型类admin\Model\OrderModel
SQL: SHOW COLUMNS FROM `order` [ RunTime:0.0040s ]
SQL: SHOW COLUMNS FROM `cart` [ RunTime:0.0030s ]
SQL: INSERT INTO `order` (`order_id`,`user_id`,`pay_status`,`post_status`,`order_status`,`pay_method`,`total_price`,`post_method`,`area`,`desc_area`,`name`,`tel`) VALUES ('2017052049539810','7','1','0','0','货到付款','76.4','圆通','浙江省-绍兴市-上虞区','河南','刘威','15538191780') [ RunTime:0.0000s ]
SQL: SHOW COLUMNS FROM `ordgoods` [ RunTime:0.0030s ]
SQL: SELECT * FROM `cart` WHERE `id` IN ('5')  [ RunTime:0.0000s ]
NOTIC: D方法实例化没找到模型类admin\Model\GoodsModel
SQL: SHOW COLUMNS FROM `goods` [ RunTime:0.0040s ]
SQL: SELECT * FROM `goods` WHERE ( id=6 ) LIMIT 1   [ RunTime:0.0000s ]
SQL: UPDATE `goods` SET `reserve`='98' WHERE ( id=6 ) [ RunTime:0.0010s ]
SQL: INSERT INTO `ordgoods` (`ord_id`,`userid`,`goods_id`,`goods_name`,`shop_price`,`goods_num`,`goods_img`,`pay_status`,`post_status`,`order_status`,`area`) VALUES ('2017052049539810','7','6','外科风云','38.2','2','2017-05-18/591d60a1e0cf3.jpg','1','0','0','浙江省-绍兴市-上虞区河南刘威15538191780') [ RunTime:0.0000s ]
SQL: DELETE FROM `cart` WHERE `id` IN ('5') [ RunTime:0.0000s ]

[ 2017-05-20T11:18:42+08:00 ] ::1 /book/index.php/home/cart/order_success.html
INFO: [ app_init ] --START--
INFO: Run Behavior\BuildLiteBehavior [ RunTime:0.000000s ]
INFO: [ app_init ] --END-- [ RunTime:0.001000s ]
INFO: [ app_begin ] --START--
INFO: Run Behavior\ReadHtmlCacheBehavior [ RunTime:0.001000s ]
INFO: [ app_begin ] --END-- [ RunTime:0.001000s ]
NOTIC: D方法实例化没找到模型类admin\Model\CateModel
SQL: SHOW COLUMNS FROM `cate` [ RunTime:0.0030s ]
SQL: SELECT * FROM `cate` WHERE ( p_id=0 )  [ RunTime:0.0000s ]
INFO: [ view_parse ] --START--
INFO: [ template_filter ] --START--
INFO: Run Behavior\ContentReplaceBehavior [ RunTime:0.000000s ]
INFO: [ template_filter ] --END-- [ RunTime:0.000000s ]
INFO: Run Behavior\ParseTemplateBehavior [ RunTime:0.040003s ]
INFO: [ view_parse ] --END-- [ RunTime:0.040003s ]
INFO: [ view_filter ] --START--
INFO: Run Behavior\WriteHtmlCacheBehavior [ RunTime:0.000000s ]
INFO: [ view_filter ] --END-- [ RunTime:0.000000s ]
INFO: [ app_end ] --START--
INFO: Run Behavior\ShowPageTraceBehavior [ RunTime:0.000000s ]
INFO: [ app_end ] --END-- [ RunTime:0.000000s ]

[ 2017-05-20T11:18:44+08:00 ] ::1 /book/index.php/home/person/order.html
INFO: [ app_init ] --START--
INFO: Run Behavior\BuildLiteBehavior [ RunTime:0.000000s ]
INFO: [ app_init ] --END-- [ RunTime:0.000000s ]
INFO: [ app_begin ] --START--
INFO: Run Behavior\ReadHtmlCacheBehavior [ RunTime:0.001000s ]
INFO: [ app_begin ] --END-- [ RunTime:0.001000s ]
NOTIC: D方法实例化没找到模型类admin\Model\CateModel
SQL: SHOW COLUMNS FROM `cate` [ RunTime:0.0030s ]
SQL: SELECT * FROM `cate` WHERE ( p_id=0 )  [ RunTime:0.0000s ]
SQL: SHOW COLUMNS FROM `ordgoods` [ RunTime:0.0030s ]
SQL: SELECT * FROM `ordgoods` WHERE ( userid=7 )  [ RunTime:0.0000s ]
SQL: SELECT COUNT(*) AS tp_count FROM `ordgoods` WHERE ( userid=7 and order_status=0 ) LIMIT 1   [ RunTime:0.0000s ]
SQL: SELECT COUNT(*) AS tp_count FROM `ordgoods` WHERE ( userid=7 and pay_status=0 ) LIMIT 1   [ RunTime:0.0000s ]
SQL: SELECT COUNT(*) AS tp_count FROM `ordgoods` WHERE ( userid=7 and post_status=0 ) LIMIT 1   [ RunTime:0.0000s ]
SQL: SELECT COUNT(*) AS tp_count FROM `ordgoods` WHERE ( userid=7 and order_status=2 ) LIMIT 1   [ RunTime:0.0000s ]
INFO: [ view_parse ] --START--
INFO: [ template_filter ] --START--
INFO: Run Behavior\ContentReplaceBehavior [ RunTime:0.000000s ]
INFO: [ template_filter ] --END-- [ RunTime:0.000000s ]
NOTIC: [8] Undefined variable: page D:\phpStudy\WWW\book\Application\Runtime\Cache\Home\c7dac09fb38eb695133c5c2f99d86e44.php 第 149 行.
INFO: Run Behavior\ParseTemplateBehavior [ RunTime:0.014000s ]
INFO: [ view_parse ] --END-- [ RunTime:0.014000s ]
INFO: [ view_filter ] --START--
INFO: Run Behavior\WriteHtmlCacheBehavior [ RunTime:0.001000s ]
INFO: [ view_filter ] --END-- [ RunTime:0.001000s ]
INFO: [ app_end ] --START--
INFO: Run Behavior\ShowPageTraceBehavior [ RunTime:0.000000s ]
INFO: [ app_end ] --END-- [ RunTime:0.000000s ]

[ 2017-05-20T11:18:51+08:00 ] ::1 /book/
INFO: [ app_init ] --START--
INFO: Run Behavior\BuildLiteBehavior [ RunTime:0.000000s ]
INFO: [ app_init ] --END-- [ RunTime:0.001000s ]
INFO: [ app_begin ] --START--
INFO: Run Behavior\ReadHtmlCacheBehavior [ RunTime:0.001000s ]
INFO: [ app_begin ] --END-- [ RunTime:0.001000s ]
NOTIC: D方法实例化没找到模型类admin\Model\CateModel
SQL: SHOW COLUMNS FROM `cate` [ RunTime:0.0040s ]
SQL: SELECT * FROM `cate` WHERE ( p_id=0 )  [ RunTime:0.0000s ]
NOTIC: D方法实例化没找到模型类admin\Model\GoodsModel
SQL: SHOW COLUMNS FROM `goods` [ RunTime:0.0030s ]
SQL: SELECT * FROM `goods` WHERE ( is_hot=1 )  [ RunTime:0.0000s ]
SQL: SELECT * FROM `goods` WHERE ( cate=2 )  [ RunTime:0.0000s ]
SQL: SELECT * FROM `goods` WHERE ( cate=4 )  [ RunTime:0.0000s ]
SQL: SELECT * FROM `goods` WHERE ( cate=1 )  [ RunTime:0.0000s ]
INFO: [ view_parse ] --START--
INFO: [ template_filter ] --START--
INFO: Run Behavior\ContentReplaceBehavior [ RunTime:0.001000s ]
INFO: [ template_filter ] --END-- [ RunTime:0.001000s ]
INFO: Run Behavior\ParseTemplateBehavior [ RunTime:0.012001s ]
INFO: [ view_parse ] --END-- [ RunTime:0.012001s ]
INFO: [ view_filter ] --START--
INFO: Run Behavior\WriteHtmlCacheBehavior [ RunTime:0.000000s ]
INFO: [ view_filter ] --END-- [ RunTime:0.000000s ]
INFO: [ app_end ] --START--
INFO: Run Behavior\ShowPageTraceBehavior [ RunTime:0.001000s ]
INFO: [ app_end ] --END-- [ RunTime:0.001000s ]

[ 2017-05-20T11:19:01+08:00 ] 127.0.0.1 /book/
INFO: [ app_init ] --START--
INFO: Run Behavior\BuildLiteBehavior [ RunTime:0.000000s ]
INFO: [ app_init ] --END-- [ RunTime:0.001001s ]
INFO: [ app_begin ] --START--
INFO: Run Behavior\ReadHtmlCacheBehavior [ RunTime:0.001000s ]
INFO: [ app_begin ] --END-- [ RunTime:0.001000s ]
NOTIC: D方法实例化没找到模型类admin\Model\CateModel
SQL: SHOW COLUMNS FROM `cate` [ RunTime:0.0060s ]
SQL: SELECT * FROM `cate` WHERE ( p_id=0 )  [ RunTime:0.0010s ]
NOTIC: D方法实例化没找到模型类admin\Model\GoodsModel
SQL: SHOW COLUMNS FROM `goods` [ RunTime:0.0050s ]
SQL: SELECT * FROM `goods` WHERE ( is_hot=1 )  [ RunTime:0.0000s ]
SQL: SELECT * FROM `goods` WHERE ( cate=2 )  [ RunTime:0.0010s ]
SQL: SELECT * FROM `goods` WHERE ( cate=4 )  [ RunTime:0.0000s ]
SQL: SELECT * FROM `goods` WHERE ( cate=1 )  [ RunTime:0.0010s ]
INFO: [ view_parse ] --START--
INFO: [ template_filter ] --START--
INFO: Run Behavior\ContentReplaceBehavior [ RunTime:0.000000s ]
INFO: [ template_filter ] --END-- [ RunTime:0.000000s ]
NOTIC: [8] Undefined index: userid D:\phpStudy\WWW\book\Application\Runtime\Cache\Home\2a94b8bda04ff446dcedd42276fc99ee.php 第 23 行.
NOTIC: [8] Undefined index: userid D:\phpStudy\WWW\book\Application\Runtime\Cache\Home\2a94b8bda04ff446dcedd42276fc99ee.php 第 26 行.
INFO: Run Behavior\ParseTemplateBehavior [ RunTime:0.028002s ]
INFO: [ view_parse ] --END-- [ RunTime:0.028002s ]
INFO: [ view_filter ] --START--
INFO: Run Behavior\WriteHtmlCacheBehavior [ RunTime:0.001000s ]
INFO: [ view_filter ] --END-- [ RunTime:0.001000s ]
INFO: [ app_end ] --START--
INFO: Run Behavior\ShowPageTraceBehavior [ RunTime:0.000000s ]
INFO: [ app_end ] --END-- [ RunTime:0.000000s ]

[ 2017-05-20T11:19:08+08:00 ] 127.0.0.1 /book/index.php/home/user/verify.html
INFO: [ app_init ] --START--
INFO: Run Behavior\BuildLiteBehavior [ RunTime:0.000000s ]
INFO: [ app_init ] --END-- [ RunTime:0.000000s ]
INFO: [ app_begin ] --START--
INFO: Run Behavior\ReadHtmlCacheBehavior [ RunTime:0.000000s ]
INFO: [ app_begin ] --END-- [ RunTime:0.000000s ]
NOTIC: D方法实例化没找到模型类admin\Model\CateModel
SQL: SHOW COLUMNS FROM `cate` [ RunTime:0.0030s ]
SQL: SELECT * FROM `cate` WHERE ( p_id=0 )  [ RunTime:0.0000s ]
INFO: [ app_end ] --START--
INFO: Run Behavior\ShowPageTraceBehavior [ RunTime:0.001000s ]
INFO: [ app_end ] --END-- [ RunTime:0.001000s ]

[ 2017-05-20T11:19:46+08:00 ] ::1 /book/
INFO: [ app_init ] --START--
INFO: Run Behavior\BuildLiteBehavior [ RunTime:0.000000s ]
INFO: [ app_init ] --END-- [ RunTime:0.000000s ]
INFO: [ app_begin ] --START--
INFO: Run Behavior\ReadHtmlCacheBehavior [ RunTime:0.001000s ]
INFO: [ app_begin ] --END-- [ RunTime:0.001000s ]
NOTIC: D方法实例化没找到模型类admin\Model\CateModel
SQL: SHOW COLUMNS FROM `cate` [ RunTime:0.0050s ]
SQL: SELECT * FROM `cate` WHERE ( p_id=0 )  [ RunTime:0.0010s ]
NOTIC: D方法实例化没找到模型类admin\Model\GoodsModel
SQL: SHOW COLUMNS FROM `goods` [ RunTime:0.0030s ]
SQL: SELECT * FROM `goods` WHERE ( is_hot=1 )  [ RunTime:0.0010s ]
SQL: SELECT * FROM `goods` WHERE ( cate=2 )  [ RunTime:0.0000s ]
SQL: SELECT * FROM `goods` WHERE ( cate=4 )  [ RunTime:0.0000s ]
SQL: SELECT * FROM `goods` WHERE ( cate=1 )  [ RunTime:0.0010s ]
INFO: [ view_parse ] --START--
INFO: [ template_filter ] --START--
INFO: Run Behavior\ContentReplaceBehavior [ RunTime:0.000000s ]
INFO: [ template_filter ] --END-- [ RunTime:0.000000s ]
INFO: Run Behavior\ParseTemplateBehavior [ RunTime:0.015001s ]
INFO: [ view_parse ] --END-- [ RunTime:0.015001s ]
INFO: [ view_filter ] --START--
INFO: Run Behavior\WriteHtmlCacheBehavior [ RunTime:0.001000s ]
INFO: [ view_filter ] --END-- [ RunTime:0.001000s ]
INFO: [ app_end ] --START--
INFO: Run Behavior\ShowPageTraceBehavior [ RunTime:0.000000s ]
INFO: [ app_end ] --END-- [ RunTime:0.000000s ]

[ 2017-05-20T11:21:29+08:00 ] ::1 /book/index.php/Home/Goods/detail/id/6/isbn/2017051849101485.html
INFO: [ app_init ] --START--
INFO: Run Behavior\BuildLiteBehavior [ RunTime:0.000000s ]
INFO: [ app_init ] --END-- [ RunTime:0.001000s ]
INFO: [ app_begin ] --START--
INFO: Run Behavior\ReadHtmlCacheBehavior [ RunTime:0.000000s ]
INFO: [ app_begin ] --END-- [ RunTime:0.000000s ]
NOTIC: D方法实例化没找到模型类admin\Model\CateModel
SQL: SHOW COLUMNS FROM `cate` [ RunTime:0.0030s ]
SQL: SELECT * FROM `cate` WHERE ( p_id=0 )  [ RunTime:0.0000s ]
NOTIC: D方法实例化没找到模型类admin\Model\GoodsModel
SQL: SHOW COLUMNS FROM `goods` [ RunTime:0.0040s ]
SQL: SELECT * FROM `goods` WHERE ( id=6 ) LIMIT 1   [ RunTime:0.0000s ]
NOTIC: D方法实例化没找到模型类admin\Model\PicModel
SQL: SHOW COLUMNS FROM `pic` [ RunTime:0.0020s ]
SQL: SELECT * FROM `pic` WHERE ( isbn=2017051849101485 )  [ RunTime:0.0010s ]
NOTIC: D方法实例化没找到模型类admin\Model\DescModel
SQL: SHOW COLUMNS FROM `desc` [ RunTime:0.0030s ]
SQL: SELECT * FROM `desc` WHERE ( isbn=2017051849101485 )  [ RunTime:0.0000s ]
SQL: SHOW COLUMNS FROM `comment` [ RunTime:0.0020s ]
SQL: SELECT * FROM `comment` WHERE ( goods_id=6 )  [ RunTime:0.0010s ]
INFO: [ view_parse ] --START--
INFO: [ template_filter ] --START--
INFO: Run Behavior\ContentReplaceBehavior [ RunTime:0.000000s ]
INFO: [ template_filter ] --END-- [ RunTime:0.000000s ]
NOTIC: [8] Undefined variable: picb D:\phpStudy\WWW\book\Application\Runtime\Cache\Home\795e274f7e0defaaba4ae5ed57f62a8c.php 第 67 行.
INFO: Run Behavior\ParseTemplateBehavior [ RunTime:0.010001s ]
INFO: [ view_parse ] --END-- [ RunTime:0.010001s ]
INFO: [ view_filter ] --START--
INFO: Run Behavior\WriteHtmlCacheBehavior [ RunTime:0.000000s ]
INFO: [ view_filter ] --END-- [ RunTime:0.000000s ]
INFO: [ app_end ] --START--
INFO: Run Behavior\ShowPageTraceBehavior [ RunTime:0.000000s ]
INFO: [ app_end ] --END-- [ RunTime:0.001000s ]

