[ 2017-05-20T11:19:07+08:00 ] 127.0.0.1 /book/index.php/admin/index
INFO: [ app_init ] --START--
INFO: Run Behavior\BuildLiteBehavior [ RunTime:0.000000s ]
INFO: [ app_init ] --END-- [ RunTime:0.001000s ]
INFO: [ app_begin ] --START--
INFO: Run Behavior\ReadHtmlCacheBehavior [ RunTime:0.001000s ]
INFO: [ app_begin ] --END-- [ RunTime:0.001000s ]

[ 2017-05-20T11:19:08+08:00 ] 127.0.0.1 /book/index.php/admin/index/login.html
INFO: [ app_init ] --START--
INFO: Run Behavior\BuildLiteBehavior [ RunTime:0.000000s ]
INFO: [ app_init ] --END-- [ RunTime:0.000000s ]
INFO: [ app_begin ] --START--
INFO: Run Behavior\ReadHtmlCacheBehavior [ RunTime:0.000000s ]
INFO: [ app_begin ] --END-- [ RunTime:0.000000s ]
SQL: SHOW COLUMNS FROM `ad` [ RunTime:0.0040s ]
INFO: [ view_parse ] --START--
INFO: [ template_filter ] --START--
INFO: Run Behavior\ContentReplaceBehavior [ RunTime:0.001000s ]
INFO: [ template_filter ] --END-- [ RunTime:0.001000s ]
INFO: Run Behavior\ParseTemplateBehavior [ RunTime:0.009001s ]
INFO: [ view_parse ] --END-- [ RunTime:0.009001s ]
INFO: [ view_filter ] --START--
INFO: Run Behavior\WriteHtmlCacheBehavior [ RunTime:0.000000s ]
INFO: [ view_filter ] --END-- [ RunTime:0.000000s ]
INFO: [ app_end ] --START--
INFO: Run Behavior\ShowPageTraceBehavior [ RunTime:0.001000s ]
INFO: [ app_end ] --END-- [ RunTime:0.001000s ]

[ 2017-05-20T11:19:16+08:00 ] 127.0.0.1 /book/index.php/admin/index/login.html
INFO: [ app_init ] --START--
INFO: Run Behavior\BuildLiteBehavior [ RunTime:0.000000s ]
INFO: [ app_init ] --END-- [ RunTime:0.000000s ]
INFO: [ app_begin ] --START--
INFO: Run Behavior\ReadHtmlCacheBehavior [ RunTime:0.000000s ]
INFO: [ app_begin ] --END-- [ RunTime:0.000000s ]
SQL: SHOW COLUMNS FROM `ad` [ RunTime:0.0030s ]
SQL: SELECT * FROM `ad` WHERE `name` = 'liuwei' LIMIT 1   [ RunTime:0.0000s ]

[ 2017-05-20T11:19:17+08:00 ] 127.0.0.1 /book/index.php/admin/index/index.html
INFO: [ app_init ] --START--
INFO: Run Behavior\BuildLiteBehavior [ RunTime:0.000000s ]
INFO: [ app_init ] --END-- [ RunTime:0.000000s ]
INFO: [ app_begin ] --START--
INFO: Run Behavior\ReadHtmlCacheBehavior [ RunTime:0.000000s ]
INFO: [ app_begin ] --END-- [ RunTime:0.000000s ]
INFO: [ view_parse ] --START--
INFO: [ template_filter ] --START--
INFO: Run Behavior\ContentReplaceBehavior [ RunTime:0.000000s ]
INFO: [ template_filter ] --END-- [ RunTime:0.000000s ]
INFO: Run Behavior\ParseTemplateBehavior [ RunTime:0.016001s ]
INFO: [ view_parse ] --END-- [ RunTime:0.016001s ]
INFO: [ view_filter ] --START--
INFO: Run Behavior\WriteHtmlCacheBehavior [ RunTime:0.000000s ]
INFO: [ view_filter ] --END-- [ RunTime:0.000000s ]
INFO: [ app_end ] --START--
INFO: Run Behavior\ShowPageTraceBehavior [ RunTime:0.000000s ]
INFO: [ app_end ] --END-- [ RunTime:0.000000s ]

[ 2017-05-20T11:19:17+08:00 ] 127.0.0.1 /book/index.php/admin/index/welcome.html
INFO: [ app_init ] --START--
INFO: Run Behavior\BuildLiteBehavior [ RunTime:0.000000s ]
INFO: [ app_init ] --END-- [ RunTime:0.000000s ]
INFO: [ app_begin ] --START--
INFO: Run Behavior\ReadHtmlCacheBehavior [ RunTime:0.000000s ]
INFO: [ app_begin ] --END-- [ RunTime:0.000000s ]
INFO: [ view_parse ] --START--
INFO: [ template_filter ] --START--
INFO: Run Behavior\ContentReplaceBehavior [ RunTime:0.000000s ]
INFO: [ template_filter ] --END-- [ RunTime:0.000000s ]
INFO: Run Behavior\ParseTemplateBehavior [ RunTime:0.006001s ]
INFO: [ view_parse ] --END-- [ RunTime:0.006001s ]
INFO: [ view_filter ] --START--
INFO: Run Behavior\WriteHtmlCacheBehavior [ RunTime:0.000000s ]
INFO: [ view_filter ] --END-- [ RunTime:0.000000s ]
INFO: [ app_end ] --START--
INFO: Run Behavior\ShowPageTraceBehavior [ RunTime:0.000000s ]
INFO: [ app_end ] --END-- [ RunTime:0.000000s ]

[ 2017-05-20T11:19:17+08:00 ] 127.0.0.1 /book/index.php/admin/index/css/H-ui.min.css
INFO: [ app_init ] --START--
INFO: Run Behavior\BuildLiteBehavior [ RunTime:0.000000s ]
INFO: [ app_init ] --END-- [ RunTime:0.000000s ]
INFO: [ app_begin ] --START--
INFO: Run Behavior\ReadHtmlCacheBehavior [ RunTime:0.001000s ]
INFO: [ app_begin ] --END-- [ RunTime:0.001000s ]
ERR: 非法操作:css

[ 2017-05-20T11:19:17+08:00 ] 127.0.0.1 /book/index.php/admin/index/css/H-ui.admin.css
INFO: [ app_init ] --START--
INFO: Run Behavior\BuildLiteBehavior [ RunTime:0.000000s ]
INFO: [ app_init ] --END-- [ RunTime:0.001000s ]
INFO: [ app_begin ] --START--
INFO: Run Behavior\ReadHtmlCacheBehavior [ RunTime:0.001000s ]
INFO: [ app_begin ] --END-- [ RunTime:0.001000s ]
ERR: 非法操作:css

[ 2017-05-20T11:19:17+08:00 ] 127.0.0.1 /book/index.php/admin/index/lib/Hui-iconfont/1.0.1/iconfont.css
INFO: [ app_init ] --START--
INFO: Run Behavior\BuildLiteBehavior [ RunTime:0.000000s ]
INFO: [ app_init ] --END-- [ RunTime:0.000000s ]
INFO: [ app_begin ] --START--
INFO: Run Behavior\ReadHtmlCacheBehavior [ RunTime:0.000000s ]
INFO: [ app_begin ] --END-- [ RunTime:0.000000s ]
ERR: 非法操作:lib

[ 2017-05-20T11:19:17+08:00 ] 127.0.0.1 /book/index.php/admin/index/skin/default/skin.css
INFO: [ app_init ] --START--
INFO: Run Behavior\BuildLiteBehavior [ RunTime:0.000000s ]
INFO: [ app_init ] --END-- [ RunTime:0.000000s ]
INFO: [ app_begin ] --START--
INFO: Run Behavior\ReadHtmlCacheBehavior [ RunTime:0.001000s ]
INFO: [ app_begin ] --END-- [ RunTime:0.001000s ]
ERR: 非法操作:skin

[ 2017-05-20T11:19:20+08:00 ] 127.0.0.1 /book/index.php/admin/order/show.html
INFO: [ app_init ] --START--
INFO: Run Behavior\BuildLiteBehavior [ RunTime:0.000000s ]
INFO: [ app_init ] --END-- [ RunTime:0.001000s ]
INFO: [ app_begin ] --START--
INFO: Run Behavior\ReadHtmlCacheBehavior [ RunTime:0.000000s ]
INFO: [ app_begin ] --END-- [ RunTime:0.000000s ]
NOTIC: [2048] Declaration of Admin\Controller\OrderController::show() should be compatible with Think\Controller::show($content, $charset = '', $contentType = '', $prefix = '') D:\phpStudy\WWW\book\Application\Admin\Controller\OrderController.class.php 第 4 行.
SQL: SHOW COLUMNS FROM `ordgoods` [ RunTime:0.0020s ]
SQL: SELECT COUNT(*) AS tp_count FROM `ordgoods` LIMIT 1   [ RunTime:0.0000s ]
SQL: SELECT * FROM `ordgoods` LIMIT 0,10   [ RunTime:0.0000s ]
SQL: SHOW COLUMNS FROM `ordgoods` [ RunTime:0.0040s ]
SQL: SELECT COUNT(*) AS tp_count FROM `ordgoods` LIMIT 1   [ RunTime:0.0010s ]
INFO: [ view_parse ] --START--
INFO: [ template_filter ] --START--
INFO: Run Behavior\ContentReplaceBehavior [ RunTime:0.000000s ]
INFO: [ template_filter ] --END-- [ RunTime:0.000000s ]
NOTIC: [8] Use of undefined constant p - assumed 'p' D:\phpStudy\WWW\book\Application\Runtime\Cache\Admin\955b0d225af1cdc7026163be267bc9c2.php 第 35 行.
NOTIC: [8] Undefined index: p D:\phpStudy\WWW\book\Application\Runtime\Cache\Admin\955b0d225af1cdc7026163be267bc9c2.php 第 35 行.
NOTIC: [8] Use of undefined constant p - assumed 'p' D:\phpStudy\WWW\book\Application\Runtime\Cache\Admin\955b0d225af1cdc7026163be267bc9c2.php 第 35 行.
NOTIC: [8] Undefined index: p D:\phpStudy\WWW\book\Application\Runtime\Cache\Admin\955b0d225af1cdc7026163be267bc9c2.php 第 35 行.
NOTIC: [8] Use of undefined constant p - assumed 'p' D:\phpStudy\WWW\book\Application\Runtime\Cache\Admin\955b0d225af1cdc7026163be267bc9c2.php 第 35 行.
NOTIC: [8] Undefined index: p D:\phpStudy\WWW\book\Application\Runtime\Cache\Admin\955b0d225af1cdc7026163be267bc9c2.php 第 35 行.
NOTIC: [8] Use of undefined constant p - assumed 'p' D:\phpStudy\WWW\book\Application\Runtime\Cache\Admin\955b0d225af1cdc7026163be267bc9c2.php 第 35 行.
NOTIC: [8] Undefined index: p D:\phpStudy\WWW\book\Application\Runtime\Cache\Admin\955b0d225af1cdc7026163be267bc9c2.php 第 35 行.
NOTIC: [8] Use of undefined constant p - assumed 'p' D:\phpStudy\WWW\book\Application\Runtime\Cache\Admin\955b0d225af1cdc7026163be267bc9c2.php 第 35 行.
NOTIC: [8] Undefined index: p D:\phpStudy\WWW\book\Application\Runtime\Cache\Admin\955b0d225af1cdc7026163be267bc9c2.php 第 35 行.
NOTIC: [8] Use of undefined constant p - assumed 'p' D:\phpStudy\WWW\book\Application\Runtime\Cache\Admin\955b0d225af1cdc7026163be267bc9c2.php 第 35 行.
NOTIC: [8] Undefined index: p D:\phpStudy\WWW\book\Application\Runtime\Cache\Admin\955b0d225af1cdc7026163be267bc9c2.php 第 35 行.
NOTIC: [8] Use of undefined constant p - assumed 'p' D:\phpStudy\WWW\book\Application\Runtime\Cache\Admin\955b0d225af1cdc7026163be267bc9c2.php 第 35 行.
NOTIC: [8] Undefined index: p D:\phpStudy\WWW\book\Application\Runtime\Cache\Admin\955b0d225af1cdc7026163be267bc9c2.php 第 35 行.
NOTIC: [8] Use of undefined constant p - assumed 'p' D:\phpStudy\WWW\book\Application\Runtime\Cache\Admin\955b0d225af1cdc7026163be267bc9c2.php 第 35 行.
NOTIC: [8] Undefined index: p D:\phpStudy\WWW\book\Application\Runtime\Cache\Admin\955b0d225af1cdc7026163be267bc9c2.php 第 35 行.
NOTIC: [8] Use of undefined constant p - assumed 'p' D:\phpStudy\WWW\book\Application\Runtime\Cache\Admin\955b0d225af1cdc7026163be267bc9c2.php 第 35 行.
NOTIC: [8] Undefined index: p D:\phpStudy\WWW\book\Application\Runtime\Cache\Admin\955b0d225af1cdc7026163be267bc9c2.php 第 35 行.
INFO: Run Behavior\ParseTemplateBehavior [ RunTime:0.006001s ]
INFO: [ view_parse ] --END-- [ RunTime:0.006001s ]
INFO: [ view_filter ] --START--
INFO: Run Behavior\WriteHtmlCacheBehavior [ RunTime:0.000000s ]
INFO: [ view_filter ] --END-- [ RunTime:0.000000s ]
INFO: [ app_end ] --START--
INFO: Run Behavior\ShowPageTraceBehavior [ RunTime:0.001000s ]
INFO: [ app_end ] --END-- [ RunTime:0.001000s ]

[ 2017-05-20T11:19:52+08:00 ] 127.0.0.1 /book/index.php/admin/index/index.html
INFO: [ app_init ] --START--
INFO: Run Behavior\BuildLiteBehavior [ RunTime:0.000000s ]
INFO: [ app_init ] --END-- [ RunTime:0.000000s ]
INFO: [ app_begin ] --START--
INFO: Run Behavior\ReadHtmlCacheBehavior [ RunTime:0.000000s ]
INFO: [ app_begin ] --END-- [ RunTime:0.000000s ]
INFO: [ view_parse ] --START--
INFO: [ template_filter ] --START--
INFO: Run Behavior\ContentReplaceBehavior [ RunTime:0.000000s ]
INFO: [ template_filter ] --END-- [ RunTime:0.001000s ]
INFO: Run Behavior\ParseTemplateBehavior [ RunTime:0.009001s ]
INFO: [ view_parse ] --END-- [ RunTime:0.009001s ]
INFO: [ view_filter ] --START--
INFO: Run Behavior\WriteHtmlCacheBehavior [ RunTime:0.000000s ]
INFO: [ view_filter ] --END-- [ RunTime:0.000000s ]
INFO: [ app_end ] --START--
INFO: Run Behavior\ShowPageTraceBehavior [ RunTime:0.000000s ]
INFO: [ app_end ] --END-- [ RunTime:0.001000s ]

[ 2017-05-20T11:19:52+08:00 ] 127.0.0.1 /book/index.php/admin/index/welcome.html
INFO: [ app_init ] --START--
INFO: Run Behavior\BuildLiteBehavior [ RunTime:0.000000s ]
INFO: [ app_init ] --END-- [ RunTime:0.001000s ]
INFO: [ app_begin ] --START--
INFO: Run Behavior\ReadHtmlCacheBehavior [ RunTime:0.000000s ]
INFO: [ app_begin ] --END-- [ RunTime:0.001000s ]
INFO: [ view_parse ] --START--
INFO: [ template_filter ] --START--
INFO: Run Behavior\ContentReplaceBehavior [ RunTime:0.000000s ]
INFO: [ template_filter ] --END-- [ RunTime:0.000000s ]
INFO: Run Behavior\ParseTemplateBehavior [ RunTime:0.010001s ]
INFO: [ view_parse ] --END-- [ RunTime:0.010001s ]
INFO: [ view_filter ] --START--
INFO: Run Behavior\WriteHtmlCacheBehavior [ RunTime:0.001000s ]
INFO: [ view_filter ] --END-- [ RunTime:0.001000s ]
INFO: [ app_end ] --START--
INFO: Run Behavior\ShowPageTraceBehavior [ RunTime:0.001000s ]
INFO: [ app_end ] --END-- [ RunTime:0.001000s ]

[ 2017-05-20T11:19:52+08:00 ] 127.0.0.1 /book/index.php/admin/index/css/H-ui.min.css
INFO: [ app_init ] --START--
INFO: Run Behavior\BuildLiteBehavior [ RunTime:0.000000s ]
INFO: [ app_init ] --END-- [ RunTime:0.000000s ]
INFO: [ app_begin ] --START--
INFO: Run Behavior\ReadHtmlCacheBehavior [ RunTime:0.001000s ]
INFO: [ app_begin ] --END-- [ RunTime:0.001000s ]
ERR: 非法操作:css

[ 2017-05-20T11:19:52+08:00 ] 127.0.0.1 /book/index.php/admin/index/lib/Hui-iconfont/1.0.1/iconfont.css
INFO: [ app_init ] --START--
INFO: Run Behavior\BuildLiteBehavior [ RunTime:0.000000s ]
INFO: [ app_init ] --END-- [ RunTime:0.001000s ]
INFO: [ app_begin ] --START--
INFO: Run Behavior\ReadHtmlCacheBehavior [ RunTime:0.001000s ]
INFO: [ app_begin ] --END-- [ RunTime:0.001000s ]
ERR: 非法操作:lib

[ 2017-05-20T11:19:52+08:00 ] 127.0.0.1 /book/index.php/admin/index/css/H-ui.admin.css
INFO: [ app_init ] --START--
INFO: Run Behavior\BuildLiteBehavior [ RunTime:0.001000s ]
INFO: [ app_init ] --END-- [ RunTime:0.001000s ]
INFO: [ app_begin ] --START--
INFO: Run Behavior\ReadHtmlCacheBehavior [ RunTime:0.000000s ]
INFO: [ app_begin ] --END-- [ RunTime:0.001000s ]
ERR: 非法操作:css

[ 2017-05-20T11:19:52+08:00 ] 127.0.0.1 /book/index.php/admin/index/skin/default/skin.css
INFO: [ app_init ] --START--
INFO: Run Behavior\BuildLiteBehavior [ RunTime:0.000000s ]
INFO: [ app_init ] --END-- [ RunTime:0.001001s ]
INFO: [ app_begin ] --START--
INFO: Run Behavior\ReadHtmlCacheBehavior [ RunTime:0.000000s ]
INFO: [ app_begin ] --END-- [ RunTime:0.001000s ]
ERR: 非法操作:skin

[ 2017-05-20T11:19:54+08:00 ] 127.0.0.1 /book/index.php/admin/order/show.html
INFO: [ app_init ] --START--
INFO: Run Behavior\BuildLiteBehavior [ RunTime:0.000000s ]
INFO: [ app_init ] --END-- [ RunTime:0.000000s ]
INFO: [ app_begin ] --START--
INFO: Run Behavior\ReadHtmlCacheBehavior [ RunTime:0.001000s ]
INFO: [ app_begin ] --END-- [ RunTime:0.001000s ]
NOTIC: [2048] Declaration of Admin\Controller\OrderController::show() should be compatible with Think\Controller::show($content, $charset = '', $contentType = '', $prefix = '') D:\phpStudy\WWW\book\Application\Admin\Controller\OrderController.class.php 第 4 行.
SQL: SHOW COLUMNS FROM `ordgoods` [ RunTime:0.0030s ]
SQL: SELECT COUNT(*) AS tp_count FROM `ordgoods` LIMIT 1   [ RunTime:0.0000s ]
SQL: SELECT * FROM `ordgoods` LIMIT 0,10   [ RunTime:0.0000s ]
SQL: SHOW COLUMNS FROM `ordgoods` [ RunTime:0.0030s ]
SQL: SELECT COUNT(*) AS tp_count FROM `ordgoods` LIMIT 1   [ RunTime:0.0000s ]
INFO: [ view_parse ] --START--
INFO: [ template_filter ] --START--
INFO: Run Behavior\ContentReplaceBehavior [ RunTime:0.000000s ]
INFO: [ template_filter ] --END-- [ RunTime:0.000000s ]
NOTIC: [8] Use of undefined constant p - assumed 'p' D:\phpStudy\WWW\book\Application\Runtime\Cache\Admin\955b0d225af1cdc7026163be267bc9c2.php 第 35 行.
NOTIC: [8] Undefined index: p D:\phpStudy\WWW\book\Application\Runtime\Cache\Admin\955b0d225af1cdc7026163be267bc9c2.php 第 35 行.
NOTIC: [8] Use of undefined constant p - assumed 'p' D:\phpStudy\WWW\book\Application\Runtime\Cache\Admin\955b0d225af1cdc7026163be267bc9c2.php 第 35 行.
NOTIC: [8] Undefined index: p D:\phpStudy\WWW\book\Application\Runtime\Cache\Admin\955b0d225af1cdc7026163be267bc9c2.php 第 35 行.
NOTIC: [8] Use of undefined constant p - assumed 'p' D:\phpStudy\WWW\book\Application\Runtime\Cache\Admin\955b0d225af1cdc7026163be267bc9c2.php 第 35 行.
NOTIC: [8] Undefined index: p D:\phpStudy\WWW\book\Application\Runtime\Cache\Admin\955b0d225af1cdc7026163be267bc9c2.php 第 35 行.
NOTIC: [8] Use of undefined constant p - assumed 'p' D:\phpStudy\WWW\book\Application\Runtime\Cache\Admin\955b0d225af1cdc7026163be267bc9c2.php 第 35 行.
NOTIC: [8] Undefined index: p D:\phpStudy\WWW\book\Application\Runtime\Cache\Admin\955b0d225af1cdc7026163be267bc9c2.php 第 35 行.
NOTIC: [8] Use of undefined constant p - assumed 'p' D:\phpStudy\WWW\book\Application\Runtime\Cache\Admin\955b0d225af1cdc7026163be267bc9c2.php 第 35 行.
NOTIC: [8] Undefined index: p D:\phpStudy\WWW\book\Application\Runtime\Cache\Admin\955b0d225af1cdc7026163be267bc9c2.php 第 35 行.
NOTIC: [8] Use of undefined constant p - assumed 'p' D:\phpStudy\WWW\book\Application\Runtime\Cache\Admin\955b0d225af1cdc7026163be267bc9c2.php 第 35 行.
NOTIC: [8] Undefined index: p D:\phpStudy\WWW\book\Application\Runtime\Cache\Admin\955b0d225af1cdc7026163be267bc9c2.php 第 35 行.
NOTIC: [8] Use of undefined constant p - assumed 'p' D:\phpStudy\WWW\book\Application\Runtime\Cache\Admin\955b0d225af1cdc7026163be267bc9c2.php 第 35 行.
NOTIC: [8] Undefined index: p D:\phpStudy\WWW\book\Application\Runtime\Cache\Admin\955b0d225af1cdc7026163be267bc9c2.php 第 35 行.
NOTIC: [8] Use of undefined constant p - assumed 'p' D:\phpStudy\WWW\book\Application\Runtime\Cache\Admin\955b0d225af1cdc7026163be267bc9c2.php 第 35 行.
NOTIC: [8] Undefined index: p D:\phpStudy\WWW\book\Application\Runtime\Cache\Admin\955b0d225af1cdc7026163be267bc9c2.php 第 35 行.
NOTIC: [8] Use of undefined constant p - assumed 'p' D:\phpStudy\WWW\book\Application\Runtime\Cache\Admin\955b0d225af1cdc7026163be267bc9c2.php 第 35 行.
NOTIC: [8] Undefined index: p D:\phpStudy\WWW\book\Application\Runtime\Cache\Admin\955b0d225af1cdc7026163be267bc9c2.php 第 35 行.
INFO: Run Behavior\ParseTemplateBehavior [ RunTime:0.008000s ]
INFO: [ view_parse ] --END-- [ RunTime:0.008000s ]
INFO: [ view_filter ] --START--
INFO: Run Behavior\WriteHtmlCacheBehavior [ RunTime:0.000000s ]
INFO: [ view_filter ] --END-- [ RunTime:0.000000s ]
INFO: [ app_end ] --START--
INFO: Run Behavior\ShowPageTraceBehavior [ RunTime:0.001001s ]
INFO: [ app_end ] --END-- [ RunTime:0.001001s ]

[ 2017-05-20T11:20:37+08:00 ] 127.0.0.1 /book/index.php/admin/order/show.html
INFO: [ app_init ] --START--
INFO: Run Behavior\BuildLiteBehavior [ RunTime:0.000000s ]
INFO: [ app_init ] --END-- [ RunTime:0.000000s ]
INFO: [ app_begin ] --START--
INFO: Run Behavior\ReadHtmlCacheBehavior [ RunTime:0.000000s ]
INFO: [ app_begin ] --END-- [ RunTime:0.000000s ]
NOTIC: [2048] Declaration of Admin\Controller\OrderController::show() should be compatible with Think\Controller::show($content, $charset = '', $contentType = '', $prefix = '') D:\phpStudy\WWW\book\Application\Admin\Controller\OrderController.class.php 第 4 行.
SQL: SHOW COLUMNS FROM `ordgoods` [ RunTime:0.0030s ]
SQL: SELECT COUNT(*) AS tp_count FROM `ordgoods` LIMIT 1   [ RunTime:0.0000s ]
SQL: SELECT * FROM `ordgoods` LIMIT 0,10   [ RunTime:0.0000s ]
SQL: SHOW COLUMNS FROM `ordgoods` [ RunTime:0.0030s ]
SQL: SELECT COUNT(*) AS tp_count FROM `ordgoods` LIMIT 1   [ RunTime:0.0000s ]
INFO: [ view_parse ] --START--
INFO: [ template_filter ] --START--
INFO: Run Behavior\ContentReplaceBehavior [ RunTime:0.000000s ]
INFO: [ template_filter ] --END-- [ RunTime:0.000000s ]
NOTIC: [8] Use of undefined constant p - assumed 'p' D:\phpStudy\WWW\book\Application\Runtime\Cache\Admin\955b0d225af1cdc7026163be267bc9c2.php 第 35 行.
NOTIC: [8] Undefined index: p D:\phpStudy\WWW\book\Application\Runtime\Cache\Admin\955b0d225af1cdc7026163be267bc9c2.php 第 35 行.
NOTIC: [8] Use of undefined constant p - assumed 'p' D:\phpStudy\WWW\book\Application\Runtime\Cache\Admin\955b0d225af1cdc7026163be267bc9c2.php 第 35 行.
NOTIC: [8] Undefined index: p D:\phpStudy\WWW\book\Application\Runtime\Cache\Admin\955b0d225af1cdc7026163be267bc9c2.php 第 35 行.
NOTIC: [8] Use of undefined constant p - assumed 'p' D:\phpStudy\WWW\book\Application\Runtime\Cache\Admin\955b0d225af1cdc7026163be267bc9c2.php 第 35 行.
NOTIC: [8] Undefined index: p D:\phpStudy\WWW\book\Application\Runtime\Cache\Admin\955b0d225af1cdc7026163be267bc9c2.php 第 35 行.
NOTIC: [8] Use of undefined constant p - assumed 'p' D:\phpStudy\WWW\book\Application\Runtime\Cache\Admin\955b0d225af1cdc7026163be267bc9c2.php 第 35 行.
NOTIC: [8] Undefined index: p D:\phpStudy\WWW\book\Application\Runtime\Cache\Admin\955b0d225af1cdc7026163be267bc9c2.php 第 35 行.
NOTIC: [8] Use of undefined constant p - assumed 'p' D:\phpStudy\WWW\book\Application\Runtime\Cache\Admin\955b0d225af1cdc7026163be267bc9c2.php 第 35 行.
NOTIC: [8] Undefined index: p D:\phpStudy\WWW\book\Application\Runtime\Cache\Admin\955b0d225af1cdc7026163be267bc9c2.php 第 35 行.
NOTIC: [8] Use of undefined constant p - assumed 'p' D:\phpStudy\WWW\book\Application\Runtime\Cache\Admin\955b0d225af1cdc7026163be267bc9c2.php 第 35 行.
NOTIC: [8] Undefined index: p D:\phpStudy\WWW\book\Application\Runtime\Cache\Admin\955b0d225af1cdc7026163be267bc9c2.php 第 35 行.
NOTIC: [8] Use of undefined constant p - assumed 'p' D:\phpStudy\WWW\book\Application\Runtime\Cache\Admin\955b0d225af1cdc7026163be267bc9c2.php 第 35 行.
NOTIC: [8] Undefined index: p D:\phpStudy\WWW\book\Application\Runtime\Cache\Admin\955b0d225af1cdc7026163be267bc9c2.php 第 35 行.
NOTIC: [8] Use of undefined constant p - assumed 'p' D:\phpStudy\WWW\book\Application\Runtime\Cache\Admin\955b0d225af1cdc7026163be267bc9c2.php 第 35 行.
NOTIC: [8] Undefined index: p D:\phpStudy\WWW\book\Application\Runtime\Cache\Admin\955b0d225af1cdc7026163be267bc9c2.php 第 35 行.
NOTIC: [8] Use of undefined constant p - assumed 'p' D:\phpStudy\WWW\book\Application\Runtime\Cache\Admin\955b0d225af1cdc7026163be267bc9c2.php 第 35 行.
NOTIC: [8] Undefined index: p D:\phpStudy\WWW\book\Application\Runtime\Cache\Admin\955b0d225af1cdc7026163be267bc9c2.php 第 35 行.
INFO: Run Behavior\ParseTemplateBehavior [ RunTime:0.014000s ]
INFO: [ view_parse ] --END-- [ RunTime:0.014000s ]
INFO: [ view_filter ] --START--
INFO: Run Behavior\WriteHtmlCacheBehavior [ RunTime:0.000000s ]
INFO: [ view_filter ] --END-- [ RunTime:0.000000s ]
INFO: [ app_end ] --START--
INFO: Run Behavior\ShowPageTraceBehavior [ RunTime:0.001000s ]
INFO: [ app_end ] --END-- [ RunTime:0.001000s ]

